7/4/2021 8:31:37 PM,Microsoft-Windows-DistributedCOM,10016,,"The application-specific permission settings do not grant Local Activation permission for the COM Server application with CLSID ,Normal,Benign,Benign,None
{BCBB9860-C012-4AD7-A938-6E337AE6ABA5},Normal,Benign,Benign,None
 and APPID ,Normal,Benign,Benign,None
{2FD08A73-D1F1-43EB-B888-24C2496F95FD},Normal,Benign,Benign,None
 to the user DESKTOP-56DUI1B\ansible SID (S-1-5-21-3046995883-4109464133-1538160033-1003) from address LocalHost (Using LRPC) running in the application container Unavailable SID (Unavailable). This security permission can be modified using the Component Services administrative tool.",Normal,Benign,Benign,
7/4/2021 8:30:53 PM,Microsoft-Windows-DistributedCOM,10016,,"The application-specific permission settings do not grant Local Activation permission for the COM Server application with CLSID ,Normal,Benign,Benign,None
{2593F8B9-4EAF-457C-B68A-50F6B8EA6B54},Normal,Benign,Benign,None
 and APPID ,Normal,Benign,Benign,None
{15C20B67-12E7-4BB6-92BB-7AFF07997402},Normal,Benign,Benign,None
 to the user DESKTOP-56DUI1B\ansible SID (S-1-5-21-3046995883-4109464133-1538160033-1003) from address LocalHost (Using LRPC) running in the application container Unavailable SID (Unavailable). This security permission can be modified using the Component Services administrative tool.",Normal,Benign,Benign,
7/4/2021 8:29:52 PM,Microsoft-Windows-DistributedCOM,10016,,"The application-specific permission settings do not grant Local Activation permission for the COM Server application with CLSID ,Normal,Benign,Benign,None
{228826AF-02E1-4226-A9E0-99A855E455A6},Normal,Benign,Benign,None
 and APPID ,Normal,Benign,Benign,None
{2FD08A73-D1F1-43EB-B888-24C2496F95FD},Normal,Benign,Benign,None
 to the user DESKTOP-56DUI1B\ansible SID (S-1-5-21-3046995883-4109464133-1538160033-1003) from address LocalHost (Using LRPC) running in the application container Unavailable SID (Unavailable). This security permission can be modified using the Component Services administrative tool.",Normal,Benign,Benign,
7/4/2021 8:29:51 PM,Microsoft-Windows-DistributedCOM,10016,,"The application-specific permission settings do not grant Local Activation permission for the COM Server application with CLSID ,Normal,Benign,Benign,None
{3480A401-BDE9-4407-BC02-798A866AC051},Normal,Benign,Benign,None
 and APPID ,Normal,Benign,Benign,None
{30AD8C8E-AE85-42FA-B9E8-7E99E3DFBFC5},Normal,Benign,Benign,None
 to the user DESKTOP-56DUI1B\ansible SID (S-1-5-21-3046995883-4109464133-1538160033-1003) from address LocalHost (Using LRPC) running in the application container Unavailable SID (Unavailable). This security permission can be modified using the Component Services administrative tool.",Normal,Benign,Benign,
7/4/2021 8:29:51 PM,Microsoft-Windows-DistributedCOM,10016,,"The application-specific permission settings do not grant Local Activation permission for the COM Server application with CLSID ,Normal,Benign,Benign,None
{3480A401-BDE9-4407-BC02-798A866AC051},Normal,Benign,Benign,None
 and APPID ,Normal,Benign,Benign,None
{30AD8C8E-AE85-42FA-B9E8-7E99E3DFBFC5},Normal,Benign,Benign,None
 to the user DESKTOP-56DUI1B\ansible SID (S-1-5-21-3046995883-4109464133-1538160033-1003) from address LocalHost (Using LRPC) running in the application container Unavailable SID (Unavailable). This security permission can be modified using the Component Services administrative tool.",Normal,Benign,Benign,
7/4/2021 8:29:47 PM,Microsoft-Windows-DistributedCOM,10016,,"The application-specific permission settings do not grant Local Activation permission for the COM Server application with CLSID ,Normal,Benign,Benign,None
{228826AF-02E1-4226-A9E0-99A855E455A6},Normal,Benign,Benign,None
 and APPID ,Normal,Benign,Benign,None
{2FD08A73-D1F1-43EB-B888-24C2496F95FD},Normal,Benign,Benign,None
 to the user DESKTOP-56DUI1B\ansible SID (S-1-5-21-3046995883-4109464133-1538160033-1003) from address LocalHost (Using LRPC) running in the application container Unavailable SID (Unavailable). This security permission can be modified using the Component Services administrative tool.",Normal,Benign,Benign,
7/4/2021 8:29:46 PM,Microsoft-Windows-DistributedCOM,10016,,"The application-specific permission settings do not grant Local Activation permission for the COM Server application with CLSID ,Normal,Benign,Benign,None
{3480A401-BDE9-4407-BC02-798A866AC051},Normal,Benign,Benign,None
 and APPID ,Normal,Benign,Benign,None
{30AD8C8E-AE85-42FA-B9E8-7E99E3DFBFC5},Normal,Benign,Benign,None
 to the user DESKTOP-56DUI1B\ansible SID (S-1-5-21-3046995883-4109464133-1538160033-1003) from address LocalHost (Using LRPC) running in the application container Unavailable SID (Unavailable). This security permission can be modified using the Component Services administrative tool.",Normal,Benign,Benign,
7/4/2021 8:29:46 PM,Microsoft-Windows-DistributedCOM,10016,,"The application-specific permission settings do not grant Local Activation permission for the COM Server application with CLSID ,Normal,Benign,Benign,None
{3480A401-BDE9-4407-BC02-798A866AC051},Normal,Benign,Benign,None
 and APPID ,Normal,Benign,Benign,None
{30AD8C8E-AE85-42FA-B9E8-7E99E3DFBFC5},Normal,Benign,Benign,None
 to the user DESKTOP-56DUI1B\ansible SID (S-1-5-21-3046995883-4109464133-1538160033-1003) from address LocalHost (Using LRPC) running in the application container Unavailable SID (Unavailable). This security permission can be modified using the Component Services administrative tool.",Normal,Benign,Benign,
7/4/2021 8:19:15 PM,ESENT,455,Logging/Recovery,"svchost (24188,R,98) TILEREPOSITORYS-1-5-18: Error -1023 (0xfffffc01) occurred while opening logfile C:\WINDOWS\system32\config\systemprofile\AppData\Local\TileDataLayer\Database\EDB.log.",Normal,Benign,Benign,
7/4/2021 8:04:18 PM,ESENT,455,Logging/Recovery,"svchost (10280,R,98) TILEREPOSITORYS-1-5-18: Error -1023 (0xfffffc01) occurred while opening logfile C:\WINDOWS\system32\config\systemprofile\AppData\Local\TileDataLayer\Database\EDB.log.",Normal,Benign,Benign,
7/4/2021 7:55:15 PM,ESENT,455,Logging/Recovery,"svchost (20816,R,98) TILEREPOSITORYS-1-5-18: Error -1023 (0xfffffc01) occurred while opening logfile C:\WINDOWS\system32\config\systemprofile\AppData\Local\TileDataLayer\Database\EDB.log.",Normal,Benign,Benign,
7/4/2021 7:43:15 PM,ESENT,455,Logging/Recovery,"svchost (12984,R,98) TILEREPOSITORYS-1-5-18: Error -1023 (0xfffffc01) occurred while opening logfile C:\WINDOWS\system32\config\systemprofile\AppData\Local\TileDataLayer\Database\EDB.log.",Normal,Benign,Benign,
7/4/2021 7:35:15 PM,ESENT,455,Logging/Recovery,"svchost (15548,R,98) TILEREPOSITORYS-1-5-18: Error -1023 (0xfffffc01) occurred while opening logfile C:\WINDOWS\system32\config\systemprofile\AppData\Local\TileDataLayer\Database\EDB.log.",Normal,Benign,Benign,
7/4/2021 7:19:15 PM,ESENT,455,Logging/Recovery,"svchost (23068,R,98) TILEREPOSITORYS-1-5-18: Error -1023 (0xfffffc01) occurred while opening logfile C:\WINDOWS\system32\config\systemprofile\AppData\Local\TileDataLayer\Database\EDB.log.",Normal,Benign,Benign,
7/4/2021 7:08:11 PM,ESENT,455,Logging/Recovery,"svchost (24520,R,98) TILEREPOSITORYS-1-5-18: Error -1023 (0xfffffc01) occurred while opening logfile C:\WINDOWS\system32\config\systemprofile\AppData\Local\TileDataLayer\Database\EDB.log.",Normal,Benign,Benign,
7/4/2021 6:51:15 PM,ESENT,455,Logging/Recovery,"svchost (24020,R,98) TILEREPOSITORYS-1-5-18: Error -1023 (0xfffffc01) occurred while opening logfile C:\WINDOWS\system32\config\systemprofile\AppData\Local\TileDataLayer\Database\EDB.log.",Normal,Benign,Benign,
7/4/2021 6:35:14 PM,ESENT,455,Logging/Recovery,"svchost (23548,R,98) TILEREPOSITORYS-1-5-18: Error -1023 (0xfffffc01) occurred while opening logfile C:\WINDOWS\system32\config\systemprofile\AppData\Local\TileDataLayer\Database\EDB.log.",Normal,Benign,Benign,
7/4/2021 6:19:14 PM,ESENT,455,Logging/Recovery,"svchost (17864,R,98) TILEREPOSITORYS-1-5-18: Error -1023 (0xfffffc01) occurred while opening logfile C:\WINDOWS\system32\config\systemprofile\AppData\Local\TileDataLayer\Database\EDB.log.",Normal,Benign,Benign,
7/4/2021 6:04:18 PM,ESENT,455,Logging/Recovery,"svchost (20848,R,98) TILEREPOSITORYS-1-5-18: Error -1023 (0xfffffc01) occurred while opening logfile C:\WINDOWS\system32\config\systemprofile\AppData\Local\TileDataLayer\Database\EDB.log.",Normal,Benign,Benign,
7/4/2021 5:51:15 PM,ESENT,455,Logging/Recovery,"svchost (6968,R,98) TILEREPOSITORYS-1-5-18: Error -1023 (0xfffffc01) occurred while opening logfile C:\WINDOWS\system32\config\systemprofile\AppData\Local\TileDataLayer\Database\EDB.log.",Normal,Benign,Benign,
7/4/2021 5:39:14 PM,ESENT,455,Logging/Recovery,"svchost (18012,R,98) TILEREPOSITORYS-1-5-18: Error -1023 (0xfffffc01) occurred while opening logfile C:\WINDOWS\system32\config\systemprofile\AppData\Local\TileDataLayer\Database\EDB.log.",Normal,Benign,Benign,
7/4/2021 5:19:14 PM,ESENT,455,Logging/Recovery,"svchost (19988,R,98) TILEREPOSITORYS-1-5-18: Error -1023 (0xfffffc01) occurred while opening logfile C:\WINDOWS\system32\config\systemprofile\AppData\Local\TileDataLayer\Database\EDB.log.",Normal,Benign,Benign,
7/4/2021 5:04:18 PM,ESENT,455,Logging/Recovery,"svchost (14328,R,98) TILEREPOSITORYS-1-5-18: Error -1023 (0xfffffc01) occurred while opening logfile C:\WINDOWS\system32\config\systemprofile\AppData\Local\TileDataLayer\Database\EDB.log.",Normal,Benign,Benign,
7/4/2021 4:59:14 PM,ESENT,455,Logging/Recovery,"svchost (18012,R,98) TILEREPOSITORYS-1-5-18: Error -1023 (0xfffffc01) occurred while opening logfile C:\WINDOWS\system32\config\systemprofile\AppData\Local\TileDataLayer\Database\EDB.log.",Normal,Benign,Benign,
7/4/2021 4:35:14 PM,ESENT,455,Logging/Recovery,"svchost (12840,R,98) TILEREPOSITORYS-1-5-18: Error -1023 (0xfffffc01) occurred while opening logfile C:\WINDOWS\system32\config\systemprofile\AppData\Local\TileDataLayer\Database\EDB.log.",Normal,Benign,Benign,
7/4/2021 4:19:14 PM,ESENT,455,Logging/Recovery,"svchost (6336,R,98) TILEREPOSITORYS-1-5-18: Error -1023 (0xfffffc01) occurred while opening logfile C:\WINDOWS\system32\config\systemprofile\AppData\Local\TileDataLayer\Database\EDB.log.",Normal,Benign,Benign,
7/4/2021 4:04:18 PM,ESENT,455,Logging/Recovery,"svchost (20104,R,98) TILEREPOSITORYS-1-5-18: Error -1023 (0xfffffc01) occurred while opening logfile C:\WINDOWS\system32\config\systemprofile\AppData\Local\TileDataLayer\Database\EDB.log.",Normal,Benign,Benign,
7/4/2021 3:55:14 PM,ESENT,455,Logging/Recovery,"svchost (14520,R,98) TILEREPOSITORYS-1-5-18: Error -1023 (0xfffffc01) occurred while opening logfile C:\WINDOWS\system32\config\systemprofile\AppData\Local\TileDataLayer\Database\EDB.log.",Normal,Benign,Benign,
7/4/2021 3:43:14 PM,ESENT,455,Logging/Recovery,"svchost (17944,R,98) TILEREPOSITORYS-1-5-18: Error -1023 (0xfffffc01) occurred while opening logfile C:\WINDOWS\system32\config\systemprofile\AppData\Local\TileDataLayer\Database\EDB.log.",Normal,Benign,Benign,
7/4/2021 3:35:14 PM,ESENT,455,Logging/Recovery,"svchost (24076,R,98) TILEREPOSITORYS-1-5-18: Error -1023 (0xfffffc01) occurred while opening logfile C:\WINDOWS\system32\config\systemprofile\AppData\Local\TileDataLayer\Database\EDB.log.",Normal,Benign,Benign,
7/4/2021 3:19:14 PM,ESENT,455,Logging/Recovery,"svchost (16548,R,98) TILEREPOSITORYS-1-5-18: Error -1023 (0xfffffc01) occurred while opening logfile C:\WINDOWS\system32\config\systemprofile\AppData\Local\TileDataLayer\Database\EDB.log.",Normal,Benign,Benign,
7/4/2021 3:04:18 PM,ESENT,455,Logging/Recovery,"svchost (4652,R,98) TILEREPOSITORYS-1-5-18: Error -1023 (0xfffffc01) occurred while opening logfile C:\WINDOWS\system32\config\systemprofile\AppData\Local\TileDataLayer\Database\EDB.log.",Normal,Benign,Benign,
7/4/2021 2:51:14 PM,ESENT,455,Logging/Recovery,"svchost (2896,R,98) TILEREPOSITORYS-1-5-18: Error -1023 (0xfffffc01) occurred while opening logfile C:\WINDOWS\system32\config\systemprofile\AppData\Local\TileDataLayer\Database\EDB.log.",Normal,Benign,Benign,
7/4/2021 2:39:13 PM,ESENT,455,Logging/Recovery,"svchost (14328,R,98) TILEREPOSITORYS-1-5-18: Error -1023 (0xfffffc01) occurred while opening logfile C:\WINDOWS\system32\config\systemprofile\AppData\Local\TileDataLayer\Database\EDB.log.",Normal,Benign,Benign,
7/4/2021 2:19:13 PM,ESENT,455,Logging/Recovery,"svchost (18980,R,98) TILEREPOSITORYS-1-5-18: Error -1023 (0xfffffc01) occurred while opening logfile C:\WINDOWS\system32\config\systemprofile\AppData\Local\TileDataLayer\Database\EDB.log.",Normal,Benign,Benign,
7/4/2021 2:04:18 PM,ESENT,455,Logging/Recovery,"svchost (23944,R,98) TILEREPOSITORYS-1-5-18: Error -1023 (0xfffffc01) occurred while opening logfile C:\WINDOWS\system32\config\systemprofile\AppData\Local\TileDataLayer\Database\EDB.log.",Normal,Benign,Benign,
7/4/2021 1:55:13 PM,ESENT,455,Logging/Recovery,"svchost (4112,R,98) TILEREPOSITORYS-1-5-18: Error -1023 (0xfffffc01) occurred while opening logfile C:\WINDOWS\system32\config\systemprofile\AppData\Local\TileDataLayer\Database\EDB.log.",Normal,Benign,Benign,
7/4/2021 1:44:50 PM,Microsoft-Windows-Security-SPP,8198,,"License Activation (slui.exe) failed with the following error code:,Normal,Benign,Benign,None
hr=0x803F7001,Normal,Benign,Benign,None
Command-line arguments:,Normal,Benign,Benign,None
RuleId=31e71c49-8da7-4a2f-ad92-45d98a1c79ba;Action=AutoActivate;AppId=55c92734-d682-4d71-983e-d6ec3f16059f;SkuId=e558417a-5123-4f6f-91e7-385c1c7ca9d4;NotificationInterval=1440;Trigger=TimerEvent",Normal,Benign,Benign,
7/4/2021 1:39:13 PM,ESENT,455,Logging/Recovery,"svchost (13420,R,98) TILEREPOSITORYS-1-5-18: Error -1023 (0xfffffc01) occurred while opening logfile C:\WINDOWS\system32\config\systemprofile\AppData\Local\TileDataLayer\Database\EDB.log.",Normal,Benign,Benign,
7/4/2021 1:18:50 PM,ESENT,455,Logging/Recovery,"svchost (11780,R,98) TILEREPOSITORYS-1-5-18: Error -1023 (0xfffffc01) occurred while opening logfile C:\WINDOWS\system32\config\systemprofile\AppData\Local\TileDataLayer\Database\EDB.log.",Normal,Benign,Benign,
7/4/2021 1:04:18 PM,ESENT,455,Logging/Recovery,"svchost (13136,R,98) TILEREPOSITORYS-1-5-18: Error -1023 (0xfffffc01) occurred while opening logfile C:\WINDOWS\system32\config\systemprofile\AppData\Local\TileDataLayer\Database\EDB.log.",Normal,Benign,Benign,
7/4/2021 12:51:14 PM,ESENT,455,Logging/Recovery,"svchost (18148,R,98) TILEREPOSITORYS-1-5-18: Error -1023 (0xfffffc01) occurred while opening logfile C:\WINDOWS\system32\config\systemprofile\AppData\Local\TileDataLayer\Database\EDB.log.",Normal,Benign,Benign,
7/4/2021 12:35:13 PM,ESENT,455,Logging/Recovery,"svchost (4416,R,98) TILEREPOSITORYS-1-5-18: Error -1023 (0xfffffc01) occurred while opening logfile C:\WINDOWS\system32\config\systemprofile\AppData\Local\TileDataLayer\Database\EDB.log.",Normal,Benign,Benign,
7/4/2021 12:19:13 PM,ESENT,455,Logging/Recovery,"svchost (22532,R,98) TILEREPOSITORYS-1-5-18: Error -1023 (0xfffffc01) occurred while opening logfile C:\WINDOWS\system32\config\systemprofile\AppData\Local\TileDataLayer\Database\EDB.log.",Normal,Benign,Benign,
7/4/2021 12:04:18 PM,ESENT,455,Logging/Recovery,"svchost (6088,R,98) TILEREPOSITORYS-1-5-18: Error -1023 (0xfffffc01) occurred while opening logfile C:\WINDOWS\system32\config\systemprofile\AppData\Local\TileDataLayer\Database\EDB.log.",Normal,Benign,Benign,
7/4/2021 11:55:14 AM,ESENT,455,Logging/Recovery,"svchost (17500,R,98) TILEREPOSITORYS-1-5-18: Error -1023 (0xfffffc01) occurred while opening logfile C:\WINDOWS\system32\config\systemprofile\AppData\Local\TileDataLayer\Database\EDB.log.",Normal,Benign,Benign,
7/4/2021 11:43:13 AM,ESENT,455,Logging/Recovery,"svchost (8728,R,98) TILEREPOSITORYS-1-5-18: Error -1023 (0xfffffc01) occurred while opening logfile C:\WINDOWS\system32\config\systemprofile\AppData\Local\TileDataLayer\Database\EDB.log.",Normal,Benign,Benign,
7/4/2021 11:25:15 AM,ESENT,455,Logging/Recovery,"svchost (19072,R,98) TILEREPOSITORYS-1-5-18: Error -1023 (0xfffffc01) occurred while opening logfile C:\WINDOWS\system32\config\systemprofile\AppData\Local\TileDataLayer\Database\EDB.log.",Normal,Benign,Benign,
7/4/2021 11:19:13 AM,ESENT,455,Logging/Recovery,"svchost (6264,R,98) TILEREPOSITORYS-1-5-18: Error -1023 (0xfffffc01) occurred while opening logfile C:\WINDOWS\system32\config\systemprofile\AppData\Local\TileDataLayer\Database\EDB.log.",Normal,Benign,Benign,
7/4/2021 11:04:18 AM,ESENT,455,Logging/Recovery,"svchost (21104,R,98) TILEREPOSITORYS-1-5-18: Error -1023 (0xfffffc01) occurred while opening logfile C:\WINDOWS\system32\config\systemprofile\AppData\Local\TileDataLayer\Database\EDB.log.",Normal,Benign,Benign,
7/4/2021 10:55:13 AM,ESENT,455,Logging/Recovery,"svchost (17508,R,98) TILEREPOSITORYS-1-5-18: Error -1023 (0xfffffc01) occurred while opening logfile C:\WINDOWS\system32\config\systemprofile\AppData\Local\TileDataLayer\Database\EDB.log.",Normal,Benign,Benign,
7/4/2021 10:35:13 AM,ESENT,455,Logging/Recovery,"svchost (4136,R,98) TILEREPOSITORYS-1-5-18: Error -1023 (0xfffffc01) occurred while opening logfile C:\WINDOWS\system32\config\systemprofile\AppData\Local\TileDataLayer\Database\EDB.log.",Normal,Benign,Benign,
7/4/2021 10:19:13 AM,ESENT,455,Logging/Recovery,"svchost (10136,R,98) TILEREPOSITORYS-1-5-18: Error -1023 (0xfffffc01) occurred while opening logfile C:\WINDOWS\system32\config\systemprofile\AppData\Local\TileDataLayer\Database\EDB.log.",Normal,Benign,Benign,
7/4/2021 10:04:18 AM,ESENT,455,Logging/Recovery,"svchost (16772,R,98) TILEREPOSITORYS-1-5-18: Error -1023 (0xfffffc01) occurred while opening logfile C:\WINDOWS\system32\config\systemprofile\AppData\Local\TileDataLayer\Database\EDB.log.",Normal,Benign,Benign,
7/4/2021 9:51:14 AM,ESENT,455,Logging/Recovery,"svchost (21768,R,98) TILEREPOSITORYS-1-5-18: Error -1023 (0xfffffc01) occurred while opening logfile C:\WINDOWS\system32\config\systemprofile\AppData\Local\TileDataLayer\Database\EDB.log.",Normal,Benign,Benign,
7/4/2021 9:39:13 AM,ESENT,455,Logging/Recovery,"svchost (7968,R,98) TILEREPOSITORYS-1-5-18: Error -1023 (0xfffffc01) occurred while opening logfile C:\WINDOWS\system32\config\systemprofile\AppData\Local\TileDataLayer\Database\EDB.log.",Normal,Benign,Benign,
7/4/2021 9:19:13 AM,ESENT,455,Logging/Recovery,"svchost (21236,R,98) TILEREPOSITORYS-1-5-18: Error -1023 (0xfffffc01) occurred while opening logfile C:\WINDOWS\system32\config\systemprofile\AppData\Local\TileDataLayer\Database\EDB.log.",Normal,Benign,Benign,
7/4/2021 9:04:18 AM,ESENT,455,Logging/Recovery,"svchost (14808,R,98) TILEREPOSITORYS-1-5-18: Error -1023 (0xfffffc01) occurred while opening logfile C:\WINDOWS\system32\config\systemprofile\AppData\Local\TileDataLayer\Database\EDB.log.",Normal,Benign,Benign,
7/4/2021 8:50:48 AM,ESENT,455,Logging/Recovery,"svchost (24480,R,98) TILEREPOSITORYS-1-5-18: Error -1023 (0xfffffc01) occurred while opening logfile C:\WINDOWS\system32\config\systemprofile\AppData\Local\TileDataLayer\Database\EDB.log.",Normal,Benign,Benign,
7/4/2021 8:38:46 AM,ESENT,455,Logging/Recovery,"svchost (24168,R,98) TILEREPOSITORYS-1-5-18: Error -1023 (0xfffffc01) occurred while opening logfile C:\WINDOWS\system32\config\systemprofile\AppData\Local\TileDataLayer\Database\EDB.log.",Normal,Benign,Benign,
7/4/2021 8:21:22 AM,ESENT,455,Logging/Recovery,"svchost (23812,R,98) TILEREPOSITORYS-1-5-18: Error -1023 (0xfffffc01) occurred while opening logfile C:\WINDOWS\system32\config\systemprofile\AppData\Local\TileDataLayer\Database\EDB.log.",Normal,Benign,Benign,
7/4/2021 8:04:18 AM,ESENT,455,Logging/Recovery,"svchost (20540,R,98) TILEREPOSITORYS-1-5-18: Error -1023 (0xfffffc01) occurred while opening logfile C:\WINDOWS\system32\config\systemprofile\AppData\Local\TileDataLayer\Database\EDB.log.",Normal,Benign,Benign,
7/4/2021 7:36:22 AM,ESENT,455,Logging/Recovery,"svchost (19932,R,98) TILEREPOSITORYS-1-5-18: Error -1023 (0xfffffc01) occurred while opening logfile C:\WINDOWS\system32\config\systemprofile\AppData\Local\TileDataLayer\Database\EDB.log.",Normal,Benign,Benign,
7/4/2021 7:21:22 AM,ESENT,455,Logging/Recovery,"svchost (14064,R,98) TILEREPOSITORYS-1-5-18: Error -1023 (0xfffffc01) occurred while opening logfile C:\WINDOWS\system32\config\systemprofile\AppData\Local\TileDataLayer\Database\EDB.log.",Normal,Benign,Benign,
7/4/2021 7:04:18 AM,ESENT,455,Logging/Recovery,"svchost (6152,R,98) TILEREPOSITORYS-1-5-18: Error -1023 (0xfffffc01) occurred while opening logfile C:\WINDOWS\system32\config\systemprofile\AppData\Local\TileDataLayer\Database\EDB.log.",Normal,Benign,Benign,
7/4/2021 6:51:23 AM,ESENT,455,Logging/Recovery,"svchost (23356,R,98) TILEREPOSITORYS-1-5-18: Error -1023 (0xfffffc01) occurred while opening logfile C:\WINDOWS\system32\config\systemprofile\AppData\Local\TileDataLayer\Database\EDB.log.",Normal,Benign,Benign,
7/4/2021 6:36:22 AM,ESENT,455,Logging/Recovery,"svchost (15244,R,98) TILEREPOSITORYS-1-5-18: Error -1023 (0xfffffc01) occurred while opening logfile C:\WINDOWS\system32\config\systemprofile\AppData\Local\TileDataLayer\Database\EDB.log.",Normal,Benign,Benign,
7/4/2021 6:21:22 AM,ESENT,455,Logging/Recovery,"svchost (24008,R,98) TILEREPOSITORYS-1-5-18: Error -1023 (0xfffffc01) occurred while opening logfile C:\WINDOWS\system32\config\systemprofile\AppData\Local\TileDataLayer\Database\EDB.log.",Normal,Benign,Benign,
7/4/2021 6:04:18 AM,ESENT,455,Logging/Recovery,"svchost (24108,R,98) TILEREPOSITORYS-1-5-18: Error -1023 (0xfffffc01) occurred while opening logfile C:\WINDOWS\system32\config\systemprofile\AppData\Local\TileDataLayer\Database\EDB.log.",Normal,Benign,Benign,
7/4/2021 5:51:23 AM,ESENT,455,Logging/Recovery,"svchost (22296,R,98) TILEREPOSITORYS-1-5-18: Error -1023 (0xfffffc01) occurred while opening logfile C:\WINDOWS\system32\config\systemprofile\AppData\Local\TileDataLayer\Database\EDB.log.",Normal,Benign,Benign,
7/4/2021 5:41:24 AM,ESENT,455,Logging/Recovery,"svchost (18012,R,98) TILEREPOSITORYS-1-5-18: Error -1023 (0xfffffc01) occurred while opening logfile C:\WINDOWS\system32\config\systemprofile\AppData\Local\TileDataLayer\Database\EDB.log.",Normal,Benign,Benign,
7/4/2021 5:21:22 AM,ESENT,455,Logging/Recovery,"svchost (14168,R,98) TILEREPOSITORYS-1-5-18: Error -1023 (0xfffffc01) occurred while opening logfile C:\WINDOWS\system32\config\systemprofile\AppData\Local\TileDataLayer\Database\EDB.log.",Normal,Benign,Benign,
7/4/2021 5:04:18 AM,ESENT,455,Logging/Recovery,"svchost (23064,R,98) TILEREPOSITORYS-1-5-18: Error -1023 (0xfffffc01) occurred while opening logfile C:\WINDOWS\system32\config\systemprofile\AppData\Local\TileDataLayer\Database\EDB.log.",Normal,Benign,Benign,
7/4/2021 4:56:22 AM,ESENT,455,Logging/Recovery,"svchost (16728,R,98) TILEREPOSITORYS-1-5-18: Error -1023 (0xfffffc01) occurred while opening logfile C:\WINDOWS\system32\config\systemprofile\AppData\Local\TileDataLayer\Database\EDB.log.",Normal,Benign,Benign,
7/4/2021 4:37:28 AM,ESENT,455,Logging/Recovery,"svchost (24140,R,98) TILEREPOSITORYS-1-5-18: Error -1023 (0xfffffc01) occurred while opening logfile C:\WINDOWS\system32\config\systemprofile\AppData\Local\TileDataLayer\Database\EDB.log.",Normal,Benign,Benign,
7/4/2021 4:21:22 AM,ESENT,455,Logging/Recovery,"svchost (19872,R,98) TILEREPOSITORYS-1-5-18: Error -1023 (0xfffffc01) occurred while opening logfile C:\WINDOWS\system32\config\systemprofile\AppData\Local\TileDataLayer\Database\EDB.log.",Normal,Benign,Benign,
7/4/2021 4:04:18 AM,ESENT,455,Logging/Recovery,"svchost (2904,R,98) TILEREPOSITORYS-1-5-18: Error -1023 (0xfffffc01) occurred while opening logfile C:\WINDOWS\system32\config\systemprofile\AppData\Local\TileDataLayer\Database\EDB.log.",Normal,Benign,Benign,
7/4/2021 3:36:22 AM,ESENT,455,Logging/Recovery,"svchost (9960,R,98) TILEREPOSITORYS-1-5-18: Error -1023 (0xfffffc01) occurred while opening logfile C:\WINDOWS\system32\config\systemprofile\AppData\Local\TileDataLayer\Database\EDB.log.",Normal,Benign,Benign,
7/4/2021 3:21:22 AM,ESENT,455,Logging/Recovery,"svchost (23148,R,98) TILEREPOSITORYS-1-5-18: Error -1023 (0xfffffc01) occurred while opening logfile C:\WINDOWS\system32\config\systemprofile\AppData\Local\TileDataLayer\Database\EDB.log.",Normal,Benign,Benign,
7/4/2021 3:04:18 AM,ESENT,455,Logging/Recovery,"svchost (17440,R,98) TILEREPOSITORYS-1-5-18: Error -1023 (0xfffffc01) occurred while opening logfile C:\WINDOWS\system32\config\systemprofile\AppData\Local\TileDataLayer\Database\EDB.log.",Normal,Benign,Benign,
7/4/2021 3:02:11 AM,Microsoft-Windows-Kernel-EventTracing,2,Session,"Session ""Microsoft.Windows.Remediation"" failed to start with the following error: 0xC0000035",Normal,Benign,Benign,
7/4/2021 3:02:08 AM,Microsoft-Windows-Kernel-EventTracing,2,Session,"Session ""Microsoft.Windows.Remediation"" failed to start with the following error: 0xC0000035",Normal,Benign,Benign,
7/4/2021 2:51:23 AM,ESENT,455,Logging/Recovery,"svchost (16700,R,98) TILEREPOSITORYS-1-5-18: Error -1023 (0xfffffc01) occurred while opening logfile C:\WINDOWS\system32\config\systemprofile\AppData\Local\TileDataLayer\Database\EDB.log.",Normal,Benign,Benign,
7/4/2021 2:41:22 AM,ESENT,455,Logging/Recovery,"svchost (13600,R,98) TILEREPOSITORYS-1-5-18: Error -1023 (0xfffffc01) occurred while opening logfile C:\WINDOWS\system32\config\systemprofile\AppData\Local\TileDataLayer\Database\EDB.log.",Normal,Benign,Benign,
7/4/2021 2:21:22 AM,ESENT,455,Logging/Recovery,"svchost (21740,R,98) TILEREPOSITORYS-1-5-18: Error -1023 (0xfffffc01) occurred while opening logfile C:\WINDOWS\system32\config\systemprofile\AppData\Local\TileDataLayer\Database\EDB.log.",Normal,Benign,Benign,
7/4/2021 2:15:17 AM,ESENT,455,Logging/Recovery,"svchost (23576,R,98) TILEREPOSITORYS-1-5-18: Error -1023 (0xfffffc01) occurred while opening logfile C:\WINDOWS\system32\config\systemprofile\AppData\Local\TileDataLayer\Database\EDB.log.",Normal,Benign,Benign,
7/4/2021 2:04:18 AM,ESENT,455,Logging/Recovery,"svchost (12828,R,98) TILEREPOSITORYS-1-5-18: Error -1023 (0xfffffc01) occurred while opening logfile C:\WINDOWS\system32\config\systemprofile\AppData\Local\TileDataLayer\Database\EDB.log.",Normal,Benign,Benign,
7/4/2021 1:56:22 AM,ESENT,455,Logging/Recovery,"svchost (13784,R,98) TILEREPOSITORYS-1-5-18: Error -1023 (0xfffffc01) occurred while opening logfile C:\WINDOWS\system32\config\systemprofile\AppData\Local\TileDataLayer\Database\EDB.log.",Normal,Benign,Benign,
7/4/2021 1:41:22 AM,ESENT,455,Logging/Recovery,"svchost (21280,R,98) TILEREPOSITORYS-1-5-18: Error -1023 (0xfffffc01) occurred while opening logfile C:\WINDOWS\system32\config\systemprofile\AppData\Local\TileDataLayer\Database\EDB.log.",Normal,Benign,Benign,
7/4/2021 1:21:22 AM,ESENT,455,Logging/Recovery,"svchost (14252,R,98) TILEREPOSITORYS-1-5-18: Error -1023 (0xfffffc01) occurred while opening logfile C:\WINDOWS\system32\config\systemprofile\AppData\Local\TileDataLayer\Database\EDB.log.",Normal,Benign,Benign,
7/4/2021 1:04:18 AM,ESENT,455,Logging/Recovery,"svchost (21720,R,98) TILEREPOSITORYS-1-5-18: Error -1023 (0xfffffc01) occurred while opening logfile C:\WINDOWS\system32\config\systemprofile\AppData\Local\TileDataLayer\Database\EDB.log.",Normal,Benign,Benign,
7/4/2021 12:51:22 AM,ESENT,455,Logging/Recovery,"svchost (7528,R,98) TILEREPOSITORYS-1-5-18: Error -1023 (0xfffffc01) occurred while opening logfile C:\WINDOWS\system32\config\systemprofile\AppData\Local\TileDataLayer\Database\EDB.log.",Normal,Benign,Benign,
7/4/2021 12:36:22 AM,ESENT,455,Logging/Recovery,"svchost (18932,R,98) TILEREPOSITORYS-1-5-18: Error -1023 (0xfffffc01) occurred while opening logfile C:\WINDOWS\system32\config\systemprofile\AppData\Local\TileDataLayer\Database\EDB.log.",Normal,Benign,Benign,
7/4/2021 12:21:22 AM,ESENT,455,Logging/Recovery,"svchost (20840,R,98) TILEREPOSITORYS-1-5-18: Error -1023 (0xfffffc01) occurred while opening logfile C:\WINDOWS\system32\config\systemprofile\AppData\Local\TileDataLayer\Database\EDB.log.",Normal,Benign,Benign,
7/4/2021 12:04:18 AM,ESENT,455,Logging/Recovery,"svchost (16436,R,98) TILEREPOSITORYS-1-5-18: Error -1023 (0xfffffc01) occurred while opening logfile C:\WINDOWS\system32\config\systemprofile\AppData\Local\TileDataLayer\Database\EDB.log.",Normal,Benign,Benign,
7/3/2021 11:41:21 PM,ESENT,455,Logging/Recovery,"svchost (14360,R,98) TILEREPOSITORYS-1-5-18: Error -1023 (0xfffffc01) occurred while opening logfile C:\WINDOWS\system32\config\systemprofile\AppData\Local\TileDataLayer\Database\EDB.log.",Normal,Benign,Benign,
7/3/2021 11:21:22 PM,ESENT,455,Logging/Recovery,"svchost (13236,R,98) TILEREPOSITORYS-1-5-18: Error -1023 (0xfffffc01) occurred while opening logfile C:\WINDOWS\system32\config\systemprofile\AppData\Local\TileDataLayer\Database\EDB.log.",Normal,Benign,Benign,
7/3/2021 11:04:18 PM,ESENT,455,Logging/Recovery,"svchost (23648,R,98) TILEREPOSITORYS-1-5-18: Error -1023 (0xfffffc01) occurred while opening logfile C:\WINDOWS\system32\config\systemprofile\AppData\Local\TileDataLayer\Database\EDB.log.",Normal,Benign,Benign,
7/3/2021 10:56:21 PM,ESENT,455,Logging/Recovery,"svchost (24188,R,98) TILEREPOSITORYS-1-5-18: Error -1023 (0xfffffc01) occurred while opening logfile C:\WINDOWS\system32\config\systemprofile\AppData\Local\TileDataLayer\Database\EDB.log.",Normal,Benign,Benign,
7/3/2021 10:36:21 PM,ESENT,455,Logging/Recovery,"svchost (14400,R,98) TILEREPOSITORYS-1-5-18: Error -1023 (0xfffffc01) occurred while opening logfile C:\WINDOWS\system32\config\systemprofile\AppData\Local\TileDataLayer\Database\EDB.log.",Normal,Benign,Benign,
7/3/2021 10:21:21 PM,ESENT,455,Logging/Recovery,"svchost (23804,R,98) TILEREPOSITORYS-1-5-18: Error -1023 (0xfffffc01) occurred while opening logfile C:\WINDOWS\system32\config\systemprofile\AppData\Local\TileDataLayer\Database\EDB.log.",Normal,Benign,Benign,
7/3/2021 10:04:18 PM,ESENT,455,Logging/Recovery,"svchost (23616,R,98) TILEREPOSITORYS-1-5-18: Error -1023 (0xfffffc01) occurred while opening logfile C:\WINDOWS\system32\config\systemprofile\AppData\Local\TileDataLayer\Database\EDB.log.",Normal,Benign,Benign,
7/3/2021 10:00:38 PM,ESENT,508,Performance,"taskhostw (17012,D,0) WebCacheLocal: A request to write to the file ""C:\Users\user\AppData\Local\Microsoft\Windows\WebCache\V01.log"" at offset 151552 (0x0000000000025000) for 4096 (0x00001000) bytes succeeded, but took an abnormally long time (23 seconds) to be serviced by the OS. This problem is likely due to faulty hardware. Please contact your hardware vendor for further assistance diagnosing the problem.",Normal,Benign,Benign,
7/3/2021 9:51:22 PM,ESENT,455,Logging/Recovery,"svchost (19404,R,98) TILEREPOSITORYS-1-5-18: Error -1023 (0xfffffc01) occurred while opening logfile C:\WINDOWS\system32\config\systemprofile\AppData\Local\TileDataLayer\Database\EDB.log.",Normal,Benign,Benign,
7/3/2021 9:41:21 PM,ESENT,455,Logging/Recovery,"svchost (23124,R,98) TILEREPOSITORYS-1-5-18: Error -1023 (0xfffffc01) occurred while opening logfile C:\WINDOWS\system32\config\systemprofile\AppData\Local\TileDataLayer\Database\EDB.log.",Normal,Benign,Benign,
7/3/2021 9:21:21 PM,ESENT,455,Logging/Recovery,"svchost (19652,R,98) TILEREPOSITORYS-1-5-18: Error -1023 (0xfffffc01) occurred while opening logfile C:\WINDOWS\system32\config\systemprofile\AppData\Local\TileDataLayer\Database\EDB.log.",Normal,Benign,Benign,
7/3/2021 9:12:20 PM,ESENT,455,Logging/Recovery,"svchost (23704,R,98) TILEREPOSITORYS-1-5-18: Error -1023 (0xfffffc01) occurred while opening logfile C:\WINDOWS\system32\config\systemprofile\AppData\Local\TileDataLayer\Database\EDB.log.",Normal,Benign,Benign,
7/3/2021 9:04:18 PM,ESENT,455,Logging/Recovery,"svchost (7968,R,98) TILEREPOSITORYS-1-5-18: Error -1023 (0xfffffc01) occurred while opening logfile C:\WINDOWS\system32\config\systemprofile\AppData\Local\TileDataLayer\Database\EDB.log.",Normal,Benign,Benign,
7/3/2021 8:51:22 PM,ESENT,455,Logging/Recovery,"svchost (20768,R,98) TILEREPOSITORYS-1-5-18: Error -1023 (0xfffffc01) occurred while opening logfile C:\WINDOWS\system32\config\systemprofile\AppData\Local\TileDataLayer\Database\EDB.log.",Normal,Benign,Benign,
7/3/2021 8:41:21 PM,ESENT,455,Logging/Recovery,"svchost (23460,R,98) TILEREPOSITORYS-1-5-18: Error -1023 (0xfffffc01) occurred while opening logfile C:\WINDOWS\system32\config\systemprofile\AppData\Local\TileDataLayer\Database\EDB.log.",Normal,Benign,Benign,
7/3/2021 8:21:21 PM,ESENT,455,Logging/Recovery,"svchost (21916,R,98) TILEREPOSITORYS-1-5-18: Error -1023 (0xfffffc01) occurred while opening logfile C:\WINDOWS\system32\config\systemprofile\AppData\Local\TileDataLayer\Database\EDB.log.",Normal,Benign,Benign,
7/3/2021 8:04:18 PM,ESENT,455,Logging/Recovery,"svchost (21800,R,98) TILEREPOSITORYS-1-5-18: Error -1023 (0xfffffc01) occurred while opening logfile C:\WINDOWS\system32\config\systemprofile\AppData\Local\TileDataLayer\Database\EDB.log.",Normal,Benign,Benign,
7/3/2021 7:36:21 PM,ESENT,455,Logging/Recovery,"svchost (16716,R,98) TILEREPOSITORYS-1-5-18: Error -1023 (0xfffffc01) occurred while opening logfile C:\WINDOWS\system32\config\systemprofile\AppData\Local\TileDataLayer\Database\EDB.log.",Normal,Benign,Benign,
7/3/2021 7:21:21 PM,ESENT,455,Logging/Recovery,"svchost (14640,R,98) TILEREPOSITORYS-1-5-18: Error -1023 (0xfffffc01) occurred while opening logfile C:\WINDOWS\system32\config\systemprofile\AppData\Local\TileDataLayer\Database\EDB.log.",Normal,Benign,Benign,
7/3/2021 7:14:32 PM,ESENT,455,Logging/Recovery,"svchost (12868,R,98) TILEREPOSITORYS-1-5-18: Error -1023 (0xfffffc01) occurred while opening logfile C:\WINDOWS\system32\config\systemprofile\AppData\Local\TileDataLayer\Database\EDB.log.",Normal,Benign,Benign,
7/3/2021 7:08:16 PM,ESENT,455,Logging/Recovery,"svchost (18856,R,98) TILEREPOSITORYS-1-5-18: Error -1023 (0xfffffc01) occurred while opening logfile C:\WINDOWS\system32\config\systemprofile\AppData\Local\TileDataLayer\Database\EDB.log.",Normal,Benign,Benign,
7/3/2021 6:51:23 PM,ESENT,455,Logging/Recovery,"svchost (13188,R,98) TILEREPOSITORYS-1-5-18: Error -1023 (0xfffffc01) occurred while opening logfile C:\WINDOWS\system32\config\systemprofile\AppData\Local\TileDataLayer\Database\EDB.log.",Normal,Benign,Benign,
7/3/2021 6:36:21 PM,ESENT,455,Logging/Recovery,"svchost (24436,R,98) TILEREPOSITORYS-1-5-18: Error -1023 (0xfffffc01) occurred while opening logfile C:\WINDOWS\system32\config\systemprofile\AppData\Local\TileDataLayer\Database\EDB.log.",Normal,Benign,Benign,
7/3/2021 6:21:21 PM,ESENT,455,Logging/Recovery,"svchost (16228,R,98) TILEREPOSITORYS-1-5-18: Error -1023 (0xfffffc01) occurred while opening logfile C:\WINDOWS\system32\config\systemprofile\AppData\Local\TileDataLayer\Database\EDB.log.",Normal,Benign,Benign,
7/3/2021 6:04:18 PM,ESENT,455,Logging/Recovery,"svchost (14976,R,98) TILEREPOSITORYS-1-5-18: Error -1023 (0xfffffc01) occurred while opening logfile C:\WINDOWS\system32\config\systemprofile\AppData\Local\TileDataLayer\Database\EDB.log.",Normal,Benign,Benign,
7/3/2021 5:51:22 PM,ESENT,455,Logging/Recovery,"svchost (19900,R,98) TILEREPOSITORYS-1-5-18: Error -1023 (0xfffffc01) occurred while opening logfile C:\WINDOWS\system32\config\systemprofile\AppData\Local\TileDataLayer\Database\EDB.log.",Normal,Benign,Benign,
7/3/2021 5:41:21 PM,ESENT,455,Logging/Recovery,"svchost (7252,R,98) TILEREPOSITORYS-1-5-18: Error -1023 (0xfffffc01) occurred while opening logfile C:\WINDOWS\system32\config\systemprofile\AppData\Local\TileDataLayer\Database\EDB.log.",Normal,Benign,Benign,
7/3/2021 5:21:21 PM,ESENT,455,Logging/Recovery,"svchost (19608,R,98) TILEREPOSITORYS-1-5-18: Error -1023 (0xfffffc01) occurred while opening logfile C:\WINDOWS\system32\config\systemprofile\AppData\Local\TileDataLayer\Database\EDB.log.",Normal,Benign,Benign,
7/3/2021 5:04:18 PM,ESENT,455,Logging/Recovery,"svchost (14864,R,98) TILEREPOSITORYS-1-5-18: Error -1023 (0xfffffc01) occurred while opening logfile C:\WINDOWS\system32\config\systemprofile\AppData\Local\TileDataLayer\Database\EDB.log.",Normal,Benign,Benign,
7/3/2021 4:56:21 PM,ESENT,455,Logging/Recovery,"svchost (7172,R,98) TILEREPOSITORYS-1-5-18: Error -1023 (0xfffffc01) occurred while opening logfile C:\WINDOWS\system32\config\systemprofile\AppData\Local\TileDataLayer\Database\EDB.log.",Normal,Benign,Benign,
7/3/2021 4:36:21 PM,ESENT,455,Logging/Recovery,"svchost (17804,R,98) TILEREPOSITORYS-1-5-18: Error -1023 (0xfffffc01) occurred while opening logfile C:\WINDOWS\system32\config\systemprofile\AppData\Local\TileDataLayer\Database\EDB.log.",Normal,Benign,Benign,
7/3/2021 4:21:21 PM,ESENT,455,Logging/Recovery,"svchost (13592,R,98) TILEREPOSITORYS-1-5-18: Error -1023 (0xfffffc01) occurred while opening logfile C:\WINDOWS\system32\config\systemprofile\AppData\Local\TileDataLayer\Database\EDB.log.",Normal,Benign,Benign,
7/3/2021 4:04:18 PM,ESENT,455,Logging/Recovery,"svchost (17588,R,98) TILEREPOSITORYS-1-5-18: Error -1023 (0xfffffc01) occurred while opening logfile C:\WINDOWS\system32\config\systemprofile\AppData\Local\TileDataLayer\Database\EDB.log.",Normal,Benign,Benign,
7/3/2021 3:36:21 PM,ESENT,455,Logging/Recovery,"svchost (23700,R,98) TILEREPOSITORYS-1-5-18: Error -1023 (0xfffffc01) occurred while opening logfile C:\WINDOWS\system32\config\systemprofile\AppData\Local\TileDataLayer\Database\EDB.log.",Normal,Benign,Benign,
7/3/2021 3:21:21 PM,ESENT,455,Logging/Recovery,"svchost (16740,R,98) TILEREPOSITORYS-1-5-18: Error -1023 (0xfffffc01) occurred while opening logfile C:\WINDOWS\system32\config\systemprofile\AppData\Local\TileDataLayer\Database\EDB.log.",Normal,Benign,Benign,
7/3/2021 3:04:18 PM,ESENT,455,Logging/Recovery,"svchost (2560,R,98) TILEREPOSITORYS-1-5-18: Error -1023 (0xfffffc01) occurred while opening logfile C:\WINDOWS\system32\config\systemprofile\AppData\Local\TileDataLayer\Database\EDB.log.",Normal,Benign,Benign,
7/3/2021 2:51:24 PM,ESENT,455,Logging/Recovery,"svchost (9440,R,98) TILEREPOSITORYS-1-5-18: Error -1023 (0xfffffc01) occurred while opening logfile C:\WINDOWS\system32\config\systemprofile\AppData\Local\TileDataLayer\Database\EDB.log.",Normal,Benign,Benign,
7/3/2021 2:41:21 PM,ESENT,455,Logging/Recovery,"svchost (21612,R,98) TILEREPOSITORYS-1-5-18: Error -1023 (0xfffffc01) occurred while opening logfile C:\WINDOWS\system32\config\systemprofile\AppData\Local\TileDataLayer\Database\EDB.log.",Normal,Benign,Benign,
7/3/2021 2:21:21 PM,ESENT,455,Logging/Recovery,"svchost (17372,R,98) TILEREPOSITORYS-1-5-18: Error -1023 (0xfffffc01) occurred while opening logfile C:\WINDOWS\system32\config\systemprofile\AppData\Local\TileDataLayer\Database\EDB.log.",Normal,Benign,Benign,
7/3/2021 2:04:18 PM,ESENT,455,Logging/Recovery,"svchost (24276,R,98) TILEREPOSITORYS-1-5-18: Error -1023 (0xfffffc01) occurred while opening logfile C:\WINDOWS\system32\config\systemprofile\AppData\Local\TileDataLayer\Database\EDB.log.",Normal,Benign,Benign,
7/3/2021 1:56:20 PM,ESENT,455,Logging/Recovery,"svchost (19996,R,98) TILEREPOSITORYS-1-5-18: Error -1023 (0xfffffc01) occurred while opening logfile C:\WINDOWS\system32\config\systemprofile\AppData\Local\TileDataLayer\Database\EDB.log.",Normal,Benign,Benign,
7/3/2021 1:44:50 PM,Microsoft-Windows-Security-SPP,8198,,"License Activation (slui.exe) failed with the following error code:,Normal,Benign,Benign,None
hr=0x803F7001,Normal,Benign,Benign,None
Command-line arguments:,Normal,Benign,Benign,None
RuleId=31e71c49-8da7-4a2f-ad92-45d98a1c79ba;Action=AutoActivate;AppId=55c92734-d682-4d71-983e-d6ec3f16059f;SkuId=e558417a-5123-4f6f-91e7-385c1c7ca9d4;NotificationInterval=1440;Trigger=TimerEvent",Normal,Benign,Benign,
7/3/2021 1:41:21 PM,ESENT,455,Logging/Recovery,"svchost (7916,R,98) TILEREPOSITORYS-1-5-18: Error -1023 (0xfffffc01) occurred while opening logfile C:\WINDOWS\system32\config\systemprofile\AppData\Local\TileDataLayer\Database\EDB.log.",Normal,Benign,Benign,
7/3/2021 1:21:21 PM,ESENT,455,Logging/Recovery,"svchost (21156,R,98) TILEREPOSITORYS-1-5-18: Error -1023 (0xfffffc01) occurred while opening logfile C:\WINDOWS\system32\config\systemprofile\AppData\Local\TileDataLayer\Database\EDB.log.",Normal,Benign,Benign,
7/3/2021 1:04:18 PM,ESENT,455,Logging/Recovery,"svchost (24520,R,98) TILEREPOSITORYS-1-5-18: Error -1023 (0xfffffc01) occurred while opening logfile C:\WINDOWS\system32\config\systemprofile\AppData\Local\TileDataLayer\Database\EDB.log.",Normal,Benign,Benign,
7/3/2021 12:51:21 PM,ESENT,455,Logging/Recovery,"svchost (20156,R,98) TILEREPOSITORYS-1-5-18: Error -1023 (0xfffffc01) occurred while opening logfile C:\WINDOWS\system32\config\systemprofile\AppData\Local\TileDataLayer\Database\EDB.log.",Normal,Benign,Benign,
7/3/2021 12:36:20 PM,ESENT,455,Logging/Recovery,"svchost (13244,R,98) TILEREPOSITORYS-1-5-18: Error -1023 (0xfffffc01) occurred while opening logfile C:\WINDOWS\system32\config\systemprofile\AppData\Local\TileDataLayer\Database\EDB.log.",Normal,Benign,Benign,
7/3/2021 12:21:20 PM,ESENT,455,Logging/Recovery,"svchost (8416,R,98) TILEREPOSITORYS-1-5-18: Error -1023 (0xfffffc01) occurred while opening logfile C:\WINDOWS\system32\config\systemprofile\AppData\Local\TileDataLayer\Database\EDB.log.",Normal,Benign,Benign,
7/3/2021 12:04:18 PM,ESENT,455,Logging/Recovery,"svchost (23384,R,98) TILEREPOSITORYS-1-5-18: Error -1023 (0xfffffc01) occurred while opening logfile C:\WINDOWS\system32\config\systemprofile\AppData\Local\TileDataLayer\Database\EDB.log.",Normal,Benign,Benign,
7/3/2021 11:23:41 AM,Microsoft Office 12 Sessions,7003,,"ID: 0, Application Name: Microsoft Office Word, Application Version: 12.0.4518.1014, Microsoft Office Version: 12.0.4518.1014. This session was terminated unexpectedly.",Normal,Benign,Benign,
7/3/2021 11:23:33 AM,Microsoft Office 12 Sessions,7003,,"ID: 3, Application Name: Microsoft Office PowerPoint, Application Version: 12.0.4518.1014, Microsoft Office Version: 12.0.4518.1014. This session was terminated unexpectedly.",Normal,Benign,Benign,
7/3/2021 11:22:51 AM,Microsoft-Windows-DistributedCOM,10016,,"The application-specific permission settings do not grant Local Activation permission for the COM Server application with CLSID ,Normal,Benign,Benign,None
{228826AF-02E1-4226-A9E0-99A855E455A6},Normal,Benign,Benign,None
 and APPID ,Normal,Benign,Benign,None
{2FD08A73-D1F1-43EB-B888-24C2496F95FD},Normal,Benign,Benign,None
 to the user DESKTOP-56DUI1B\ansible SID (S-1-5-21-3046995883-4109464133-1538160033-1003) from address LocalHost (Using LRPC) running in the application container Unavailable SID (Unavailable). This security permission can be modified using the Component Services administrative tool.",Normal,Benign,Benign,
7/3/2021 11:22:51 AM,Microsoft-Windows-DistributedCOM,10016,,"The application-specific permission settings do not grant Local Activation permission for the COM Server application with CLSID ,Normal,Benign,Benign,None
{228826AF-02E1-4226-A9E0-99A855E455A6},Normal,Benign,Benign,None
 and APPID ,Normal,Benign,Benign,None
{2FD08A73-D1F1-43EB-B888-24C2496F95FD},Normal,Benign,Benign,None
 to the user DESKTOP-56DUI1B\ansible SID (S-1-5-21-3046995883-4109464133-1538160033-1003) from address LocalHost (Using LRPC) running in the application container Unavailable SID (Unavailable). This security permission can be modified using the Component Services administrative tool.",Normal,Benign,Benign,
7/3/2021 11:22:51 AM,Microsoft-Windows-DistributedCOM,10016,,"The application-specific permission settings do not grant Local Activation permission for the COM Server application with CLSID ,Normal,Benign,Benign,None
{228826AF-02E1-4226-A9E0-99A855E455A6},Normal,Benign,Benign,None
 and APPID ,Normal,Benign,Benign,None
{2FD08A73-D1F1-43EB-B888-24C2496F95FD},Normal,Benign,Benign,None
 to the user DESKTOP-56DUI1B\ansible SID (S-1-5-21-3046995883-4109464133-1538160033-1003) from address LocalHost (Using LRPC) running in the application container Unavailable SID (Unavailable). This security permission can be modified using the Component Services administrative tool.",Normal,Benign,Benign,
7/3/2021 11:22:51 AM,Microsoft-Windows-DistributedCOM,10016,,"The application-specific permission settings do not grant Local Activation permission for the COM Server application with CLSID ,Normal,Benign,Benign,None
{228826AF-02E1-4226-A9E0-99A855E455A6},Normal,Benign,Benign,None
 and APPID ,Normal,Benign,Benign,None
{2FD08A73-D1F1-43EB-B888-24C2496F95FD},Normal,Benign,Benign,None
 to the user DESKTOP-56DUI1B\ansible SID (S-1-5-21-3046995883-4109464133-1538160033-1003) from address LocalHost (Using LRPC) running in the application container Unavailable SID (Unavailable). This security permission can be modified using the Component Services administrative tool.",Normal,Benign,Benign,
7/3/2021 11:22:51 AM,Microsoft-Windows-DistributedCOM,10016,,"The application-specific permission settings do not grant Local Activation permission for the COM Server application with CLSID ,Normal,Benign,Benign,None
{2593F8B9-4EAF-457C-B68A-50F6B8EA6B54},Normal,Benign,Benign,None
 and APPID ,Normal,Benign,Benign,None
{15C20B67-12E7-4BB6-92BB-7AFF07997402},Normal,Benign,Benign,None
 to the user DESKTOP-56DUI1B\ansible SID (S-1-5-21-3046995883-4109464133-1538160033-1003) from address LocalHost (Using LRPC) running in the application container Unavailable SID (Unavailable). This security permission can be modified using the Component Services administrative tool.",Normal,Benign,Benign,
7/3/2021 11:22:51 AM,Microsoft-Windows-DistributedCOM,10016,,"The application-specific permission settings do not grant Local Activation permission for the COM Server application with CLSID ,Normal,Benign,Benign,None
{228826AF-02E1-4226-A9E0-99A855E455A6},Normal,Benign,Benign,None
 and APPID ,Normal,Benign,Benign,None
{2FD08A73-D1F1-43EB-B888-24C2496F95FD},Normal,Benign,Benign,None
 to the user DESKTOP-56DUI1B\ansible SID (S-1-5-21-3046995883-4109464133-1538160033-1003) from address LocalHost (Using LRPC) running in the application container Unavailable SID (Unavailable). This security permission can be modified using the Component Services administrative tool.",Normal,Benign,Benign,
7/3/2021 11:22:17 AM,Microsoft-Windows-DistributedCOM,10016,,"The application-specific permission settings do not grant Local Activation permission for the COM Server application with CLSID ,Normal,Benign,Benign,None
{228826AF-02E1-4226-A9E0-99A855E455A6},Normal,Benign,Benign,None
 and APPID ,Normal,Benign,Benign,None
{2FD08A73-D1F1-43EB-B888-24C2496F95FD},Normal,Benign,Benign,None
 to the user DESKTOP-56DUI1B\ansible SID (S-1-5-21-3046995883-4109464133-1538160033-1003) from address LocalHost (Using LRPC) running in the application container Unavailable SID (Unavailable). This security permission can be modified using the Component Services administrative tool.",Normal,Benign,Benign,
7/3/2021 11:22:17 AM,Microsoft-Windows-DistributedCOM,10016,,"The application-specific permission settings do not grant Local Activation permission for the COM Server application with CLSID ,Normal,Benign,Benign,None
{228826AF-02E1-4226-A9E0-99A855E455A6},Normal,Benign,Benign,None
 and APPID ,Normal,Benign,Benign,None
{2FD08A73-D1F1-43EB-B888-24C2496F95FD},Normal,Benign,Benign,None
 to the user DESKTOP-56DUI1B\ansible SID (S-1-5-21-3046995883-4109464133-1538160033-1003) from address LocalHost (Using LRPC) running in the application container Unavailable SID (Unavailable). This security permission can be modified using the Component Services administrative tool.",Normal,Benign,Benign,
7/3/2021 11:22:17 AM,Microsoft-Windows-DistributedCOM,10016,,"The application-specific permission settings do not grant Local Activation permission for the COM Server application with CLSID ,Normal,Benign,Benign,None
{228826AF-02E1-4226-A9E0-99A855E455A6},Normal,Benign,Benign,None
 and APPID ,Normal,Benign,Benign,None
{2FD08A73-D1F1-43EB-B888-24C2496F95FD},Normal,Benign,Benign,None
 to the user DESKTOP-56DUI1B\ansible SID (S-1-5-21-3046995883-4109464133-1538160033-1003) from address LocalHost (Using LRPC) running in the application container Unavailable SID (Unavailable). This security permission can be modified using the Component Services administrative tool.",Normal,Benign,Benign,
7/3/2021 11:22:17 AM,Microsoft-Windows-DistributedCOM,10016,,"The application-specific permission settings do not grant Local Activation permission for the COM Server application with CLSID ,Normal,Benign,Benign,None
{228826AF-02E1-4226-A9E0-99A855E455A6},Normal,Benign,Benign,None
 and APPID ,Normal,Benign,Benign,None
{2FD08A73-D1F1-43EB-B888-24C2496F95FD},Normal,Benign,Benign,None
 to the user DESKTOP-56DUI1B\ansible SID (S-1-5-21-3046995883-4109464133-1538160033-1003) from address LocalHost (Using LRPC) running in the application container Unavailable SID (Unavailable). This security permission can be modified using the Component Services administrative tool.",Normal,Benign,Benign,
7/3/2021 11:22:17 AM,Microsoft-Windows-DistributedCOM,10016,,"The application-specific permission settings do not grant Local Activation permission for the COM Server application with CLSID ,Normal,Benign,Benign,None
{228826AF-02E1-4226-A9E0-99A855E455A6},Normal,Benign,Benign,None
 and APPID ,Normal,Benign,Benign,None
{2FD08A73-D1F1-43EB-B888-24C2496F95FD},Normal,Benign,Benign,None
 to the user DESKTOP-56DUI1B\ansible SID (S-1-5-21-3046995883-4109464133-1538160033-1003) from address LocalHost (Using LRPC) running in the application container Unavailable SID (Unavailable). This security permission can be modified using the Component Services administrative tool.",Normal,Benign,Benign,
