7/8/2021 8:59:30 AM,Microsoft-Windows-DNS-Client,1014,(1014),Name resolution for the name api.msn.com timed out after none of the configured DNS servers responded.,Normal,Benign,Benign,
7/8/2021 8:50:19 AM,ESENT,455,Logging/Recovery,"svchost (6940,R,98) TILEREPOSITORYS-1-5-18: Error -1023 (0xfffffc01) occurred while opening logfile C:\WINDOWS\system32\config\systemprofile\AppData\Local\TileDataLayer\Database\EDB.log.",Normal,Benign,Benign,
7/8/2021 8:34:19 AM,ESENT,455,Logging/Recovery,"svchost (7180,R,98) TILEREPOSITORYS-1-5-18: Error -1023 (0xfffffc01) occurred while opening logfile C:\WINDOWS\system32\config\systemprofile\AppData\Local\TileDataLayer\Database\EDB.log.",Normal,Benign,Benign,
7/8/2021 8:20:19 AM,ESENT,455,Logging/Recovery,"svchost (7760,R,98) TILEREPOSITORYS-1-5-18: Error -1023 (0xfffffc01) occurred while opening logfile C:\WINDOWS\system32\config\systemprofile\AppData\Local\TileDataLayer\Database\EDB.log.",Normal,Benign,Benign,
7/8/2021 8:04:19 AM,ESENT,455,Logging/Recovery,"svchost (5324,R,98) TILEREPOSITORYS-1-5-18: Error -1023 (0xfffffc01) occurred while opening logfile C:\WINDOWS\system32\config\systemprofile\AppData\Local\TileDataLayer\Database\EDB.log.",Normal,Benign,Benign,
7/8/2021 7:50:19 AM,ESENT,455,Logging/Recovery,"svchost (1168,R,98) TILEREPOSITORYS-1-5-18: Error -1023 (0xfffffc01) occurred while opening logfile C:\WINDOWS\system32\config\systemprofile\AppData\Local\TileDataLayer\Database\EDB.log.",Normal,Benign,Benign,
7/8/2021 7:34:19 AM,ESENT,455,Logging/Recovery,"svchost (5520,R,98) TILEREPOSITORYS-1-5-18: Error -1023 (0xfffffc01) occurred while opening logfile C:\WINDOWS\system32\config\systemprofile\AppData\Local\TileDataLayer\Database\EDB.log.",Normal,Benign,Benign,
7/8/2021 7:20:19 AM,ESENT,455,Logging/Recovery,"svchost (8120,R,98) TILEREPOSITORYS-1-5-18: Error -1023 (0xfffffc01) occurred while opening logfile C:\WINDOWS\system32\config\systemprofile\AppData\Local\TileDataLayer\Database\EDB.log.",Normal,Benign,Benign,
7/8/2021 7:04:19 AM,ESENT,455,Logging/Recovery,"svchost (6796,R,98) TILEREPOSITORYS-1-5-18: Error -1023 (0xfffffc01) occurred while opening logfile C:\WINDOWS\system32\config\systemprofile\AppData\Local\TileDataLayer\Database\EDB.log.",Normal,Benign,Benign,
7/8/2021 6:50:19 AM,ESENT,455,Logging/Recovery,"svchost (1984,R,98) TILEREPOSITORYS-1-5-18: Error -1023 (0xfffffc01) occurred while opening logfile C:\WINDOWS\system32\config\systemprofile\AppData\Local\TileDataLayer\Database\EDB.log.",Normal,Benign,Benign,
7/8/2021 6:34:19 AM,ESENT,455,Logging/Recovery,"svchost (7828,R,98) TILEREPOSITORYS-1-5-18: Error -1023 (0xfffffc01) occurred while opening logfile C:\WINDOWS\system32\config\systemprofile\AppData\Local\TileDataLayer\Database\EDB.log.",Normal,Benign,Benign,
7/8/2021 6:20:19 AM,ESENT,455,Logging/Recovery,"svchost (544,R,98) TILEREPOSITORYS-1-5-18: Error -1023 (0xfffffc01) occurred while opening logfile C:\WINDOWS\system32\config\systemprofile\AppData\Local\TileDataLayer\Database\EDB.log.",Normal,Benign,Benign,
7/8/2021 6:04:19 AM,ESENT,455,Logging/Recovery,"svchost (4672,R,98) TILEREPOSITORYS-1-5-18: Error -1023 (0xfffffc01) occurred while opening logfile C:\WINDOWS\system32\config\systemprofile\AppData\Local\TileDataLayer\Database\EDB.log.",Normal,Benign,Benign,
7/8/2021 5:50:19 AM,ESENT,455,Logging/Recovery,"svchost (8100,R,98) TILEREPOSITORYS-1-5-18: Error -1023 (0xfffffc01) occurred while opening logfile C:\WINDOWS\system32\config\systemprofile\AppData\Local\TileDataLayer\Database\EDB.log.",Normal,Benign,Benign,
7/8/2021 5:34:19 AM,ESENT,455,Logging/Recovery,"svchost (4556,R,98) TILEREPOSITORYS-1-5-18: Error -1023 (0xfffffc01) occurred while opening logfile C:\WINDOWS\system32\config\systemprofile\AppData\Local\TileDataLayer\Database\EDB.log.",Normal,Benign,Benign,
7/8/2021 5:20:19 AM,ESENT,455,Logging/Recovery,"svchost (1984,R,98) TILEREPOSITORYS-1-5-18: Error -1023 (0xfffffc01) occurred while opening logfile C:\WINDOWS\system32\config\systemprofile\AppData\Local\TileDataLayer\Database\EDB.log.",Normal,Benign,Benign,
7/8/2021 5:04:19 AM,ESENT,455,Logging/Recovery,"svchost (5964,R,98) TILEREPOSITORYS-1-5-18: Error -1023 (0xfffffc01) occurred while opening logfile C:\WINDOWS\system32\config\systemprofile\AppData\Local\TileDataLayer\Database\EDB.log.",Normal,Benign,Benign,
7/8/2021 4:56:19 AM,ESENT,455,Logging/Recovery,"svchost (7492,R,98) TILEREPOSITORYS-1-5-18: Error -1023 (0xfffffc01) occurred while opening logfile C:\WINDOWS\system32\config\systemprofile\AppData\Local\TileDataLayer\Database\EDB.log.",Normal,Benign,Benign,
7/8/2021 4:50:19 AM,ESENT,455,Logging/Recovery,"svchost (4984,R,98) TILEREPOSITORYS-1-5-18: Error -1023 (0xfffffc01) occurred while opening logfile C:\WINDOWS\system32\config\systemprofile\AppData\Local\TileDataLayer\Database\EDB.log.",Normal,Benign,Benign,
7/8/2021 4:34:19 AM,ESENT,455,Logging/Recovery,"svchost (1612,R,98) TILEREPOSITORYS-1-5-18: Error -1023 (0xfffffc01) occurred while opening logfile C:\WINDOWS\system32\config\systemprofile\AppData\Local\TileDataLayer\Database\EDB.log.",Normal,Benign,Benign,
7/8/2021 4:20:19 AM,ESENT,455,Logging/Recovery,"svchost (7976,R,98) TILEREPOSITORYS-1-5-18: Error -1023 (0xfffffc01) occurred while opening logfile C:\WINDOWS\system32\config\systemprofile\AppData\Local\TileDataLayer\Database\EDB.log.",Normal,Benign,Benign,
7/8/2021 4:04:19 AM,ESENT,455,Logging/Recovery,"svchost (5112,R,98) TILEREPOSITORYS-1-5-18: Error -1023 (0xfffffc01) occurred while opening logfile C:\WINDOWS\system32\config\systemprofile\AppData\Local\TileDataLayer\Database\EDB.log.",Normal,Benign,Benign,
7/8/2021 3:50:19 AM,ESENT,455,Logging/Recovery,"svchost (1076,R,98) TILEREPOSITORYS-1-5-18: Error -1023 (0xfffffc01) occurred while opening logfile C:\WINDOWS\system32\config\systemprofile\AppData\Local\TileDataLayer\Database\EDB.log.",Normal,Benign,Benign,
7/8/2021 3:34:19 AM,ESENT,455,Logging/Recovery,"svchost (4004,R,98) TILEREPOSITORYS-1-5-18: Error -1023 (0xfffffc01) occurred while opening logfile C:\WINDOWS\system32\config\systemprofile\AppData\Local\TileDataLayer\Database\EDB.log.",Normal,Benign,Benign,
7/8/2021 3:20:19 AM,ESENT,455,Logging/Recovery,"svchost (6324,R,98) TILEREPOSITORYS-1-5-18: Error -1023 (0xfffffc01) occurred while opening logfile C:\WINDOWS\system32\config\systemprofile\AppData\Local\TileDataLayer\Database\EDB.log.",Normal,Benign,Benign,
7/8/2021 3:04:19 AM,ESENT,455,Logging/Recovery,"svchost (5020,R,98) TILEREPOSITORYS-1-5-18: Error -1023 (0xfffffc01) occurred while opening logfile C:\WINDOWS\system32\config\systemprofile\AppData\Local\TileDataLayer\Database\EDB.log.",Normal,Benign,Benign,
7/8/2021 2:50:19 AM,ESENT,455,Logging/Recovery,"svchost (6816,R,98) TILEREPOSITORYS-1-5-18: Error -1023 (0xfffffc01) occurred while opening logfile C:\WINDOWS\system32\config\systemprofile\AppData\Local\TileDataLayer\Database\EDB.log.",Normal,Benign,Benign,
7/8/2021 2:34:19 AM,ESENT,455,Logging/Recovery,"svchost (5768,R,98) TILEREPOSITORYS-1-5-18: Error -1023 (0xfffffc01) occurred while opening logfile C:\WINDOWS\system32\config\systemprofile\AppData\Local\TileDataLayer\Database\EDB.log.",Normal,Benign,Benign,
7/8/2021 2:20:19 AM,ESENT,455,Logging/Recovery,"svchost (5632,R,98) TILEREPOSITORYS-1-5-18: Error -1023 (0xfffffc01) occurred while opening logfile C:\WINDOWS\system32\config\systemprofile\AppData\Local\TileDataLayer\Database\EDB.log.",Normal,Benign,Benign,
7/8/2021 2:04:19 AM,ESENT,455,Logging/Recovery,"svchost (4180,R,98) TILEREPOSITORYS-1-5-18: Error -1023 (0xfffffc01) occurred while opening logfile C:\WINDOWS\system32\config\systemprofile\AppData\Local\TileDataLayer\Database\EDB.log.",Normal,Benign,Benign,
7/8/2021 1:56:19 AM,ESENT,455,Logging/Recovery,"svchost (5264,R,98) TILEREPOSITORYS-1-5-18: Error -1023 (0xfffffc01) occurred while opening logfile C:\WINDOWS\system32\config\systemprofile\AppData\Local\TileDataLayer\Database\EDB.log.",Normal,Benign,Benign,
7/8/2021 1:50:19 AM,ESENT,455,Logging/Recovery,"svchost (1868,R,98) TILEREPOSITORYS-1-5-18: Error -1023 (0xfffffc01) occurred while opening logfile C:\WINDOWS\system32\config\systemprofile\AppData\Local\TileDataLayer\Database\EDB.log.",Normal,Benign,Benign,
7/8/2021 1:34:19 AM,ESENT,455,Logging/Recovery,"svchost (32,R,98) TILEREPOSITORYS-1-5-18: Error -1023 (0xfffffc01) occurred while opening logfile C:\WINDOWS\system32\config\systemprofile\AppData\Local\TileDataLayer\Database\EDB.log.",Normal,Benign,Benign,
7/8/2021 1:20:19 AM,ESENT,455,Logging/Recovery,"svchost (4948,R,98) TILEREPOSITORYS-1-5-18: Error -1023 (0xfffffc01) occurred while opening logfile C:\WINDOWS\system32\config\systemprofile\AppData\Local\TileDataLayer\Database\EDB.log.",Normal,Benign,Benign,
7/8/2021 1:04:19 AM,ESENT,455,Logging/Recovery,"svchost (6512,R,98) TILEREPOSITORYS-1-5-18: Error -1023 (0xfffffc01) occurred while opening logfile C:\WINDOWS\system32\config\systemprofile\AppData\Local\TileDataLayer\Database\EDB.log.",Normal,Benign,Benign,
7/8/2021 12:50:19 AM,ESENT,455,Logging/Recovery,"svchost (7196,R,98) TILEREPOSITORYS-1-5-18: Error -1023 (0xfffffc01) occurred while opening logfile C:\WINDOWS\system32\config\systemprofile\AppData\Local\TileDataLayer\Database\EDB.log.",Normal,Benign,Benign,
7/8/2021 12:34:19 AM,ESENT,455,Logging/Recovery,"svchost (2148,R,98) TILEREPOSITORYS-1-5-18: Error -1023 (0xfffffc01) occurred while opening logfile C:\WINDOWS\system32\config\systemprofile\AppData\Local\TileDataLayer\Database\EDB.log.",Normal,Benign,Benign,
7/8/2021 12:20:19 AM,ESENT,455,Logging/Recovery,"svchost (3896,R,98) TILEREPOSITORYS-1-5-18: Error -1023 (0xfffffc01) occurred while opening logfile C:\WINDOWS\system32\config\systemprofile\AppData\Local\TileDataLayer\Database\EDB.log.",Normal,Benign,Benign,
7/8/2021 12:04:19 AM,ESENT,455,Logging/Recovery,"svchost (1612,R,98) TILEREPOSITORYS-1-5-18: Error -1023 (0xfffffc01) occurred while opening logfile C:\WINDOWS\system32\config\systemprofile\AppData\Local\TileDataLayer\Database\EDB.log.",Normal,Benign,Benign,
7/7/2021 11:50:19 PM,ESENT,455,Logging/Recovery,"svchost (2820,R,98) TILEREPOSITORYS-1-5-18: Error -1023 (0xfffffc01) occurred while opening logfile C:\WINDOWS\system32\config\systemprofile\AppData\Local\TileDataLayer\Database\EDB.log.",Normal,Benign,Benign,
7/7/2021 11:34:19 PM,ESENT,455,Logging/Recovery,"svchost (5756,R,98) TILEREPOSITORYS-1-5-18: Error -1023 (0xfffffc01) occurred while opening logfile C:\WINDOWS\system32\config\systemprofile\AppData\Local\TileDataLayer\Database\EDB.log.",Normal,Benign,Benign,
7/7/2021 11:20:19 PM,ESENT,455,Logging/Recovery,"svchost (5112,R,98) TILEREPOSITORYS-1-5-18: Error -1023 (0xfffffc01) occurred while opening logfile C:\WINDOWS\system32\config\systemprofile\AppData\Local\TileDataLayer\Database\EDB.log.",Normal,Benign,Benign,
7/7/2021 11:04:19 PM,ESENT,455,Logging/Recovery,"svchost (800,R,98) TILEREPOSITORYS-1-5-18: Error -1023 (0xfffffc01) occurred while opening logfile C:\WINDOWS\system32\config\systemprofile\AppData\Local\TileDataLayer\Database\EDB.log.",Normal,Benign,Benign,
7/7/2021 10:56:19 PM,ESENT,455,Logging/Recovery,"svchost (3060,R,98) TILEREPOSITORYS-1-5-18: Error -1023 (0xfffffc01) occurred while opening logfile C:\WINDOWS\system32\config\systemprofile\AppData\Local\TileDataLayer\Database\EDB.log.",Normal,Benign,Benign,
7/7/2021 10:50:19 PM,ESENT,455,Logging/Recovery,"svchost (3936,R,98) TILEREPOSITORYS-1-5-18: Error -1023 (0xfffffc01) occurred while opening logfile C:\WINDOWS\system32\config\systemprofile\AppData\Local\TileDataLayer\Database\EDB.log.",Normal,Benign,Benign,
7/7/2021 10:44:24 PM,Microsoft-Windows-Defrag,264,,The storage optimizer couldn't complete retrim on (C:) because: The operation requested is not supported by the hardware backing the volume. (0x8900002A),Normal,Benign,Benign,
7/7/2021 10:34:19 PM,ESENT,455,Logging/Recovery,"svchost (5324,R,98) TILEREPOSITORYS-1-5-18: Error -1023 (0xfffffc01) occurred while opening logfile C:\WINDOWS\system32\config\systemprofile\AppData\Local\TileDataLayer\Database\EDB.log.",Normal,Benign,Benign,
7/7/2021 10:20:18 PM,ESENT,455,Logging/Recovery,"svchost (2568,R,98) TILEREPOSITORYS-1-5-18: Error -1023 (0xfffffc01) occurred while opening logfile C:\WINDOWS\system32\config\systemprofile\AppData\Local\TileDataLayer\Database\EDB.log.",Normal,Benign,Benign,
7/7/2021 10:05:20 PM,Microsoft-Windows-Defrag,264,,The storage optimizer couldn't complete retrim on System Reserved because: The operation requested is not supported by the hardware backing the volume. (0x8900002A),Normal,Benign,Benign,
7/7/2021 10:04:18 PM,ESENT,455,Logging/Recovery,"svchost (5124,R,98) TILEREPOSITORYS-1-5-18: Error -1023 (0xfffffc01) occurred while opening logfile C:\WINDOWS\system32\config\systemprofile\AppData\Local\TileDataLayer\Database\EDB.log.",Normal,Benign,Benign,
7/7/2021 9:50:18 PM,ESENT,455,Logging/Recovery,"svchost (5616,R,98) TILEREPOSITORYS-1-5-18: Error -1023 (0xfffffc01) occurred while opening logfile C:\WINDOWS\system32\config\systemprofile\AppData\Local\TileDataLayer\Database\EDB.log.",Normal,Benign,Benign,
7/7/2021 9:34:18 PM,ESENT,455,Logging/Recovery,"svchost (8124,R,98) TILEREPOSITORYS-1-5-18: Error -1023 (0xfffffc01) occurred while opening logfile C:\WINDOWS\system32\config\systemprofile\AppData\Local\TileDataLayer\Database\EDB.log.",Normal,Benign,Benign,
7/7/2021 9:20:18 PM,ESENT,455,Logging/Recovery,"svchost (7832,R,98) TILEREPOSITORYS-1-5-18: Error -1023 (0xfffffc01) occurred while opening logfile C:\WINDOWS\system32\config\systemprofile\AppData\Local\TileDataLayer\Database\EDB.log.",Normal,Benign,Benign,
7/7/2021 9:09:36 PM,ESENT,455,Logging/Recovery,"svchost (6560,R,98) TILEREPOSITORYS-1-5-18: Error -1023 (0xfffffc01) occurred while opening logfile C:\WINDOWS\system32\config\systemprofile\AppData\Local\TileDataLayer\Database\EDB.log.",Normal,Benign,Benign,
7/7/2021 9:04:18 PM,ESENT,455,Logging/Recovery,"svchost (7376,R,98) TILEREPOSITORYS-1-5-18: Error -1023 (0xfffffc01) occurred while opening logfile C:\WINDOWS\system32\config\systemprofile\AppData\Local\TileDataLayer\Database\EDB.log.",Normal,Benign,Benign,
7/7/2021 8:50:18 PM,ESENT,455,Logging/Recovery,"svchost (1480,R,98) TILEREPOSITORYS-1-5-18: Error -1023 (0xfffffc01) occurred while opening logfile C:\WINDOWS\system32\config\systemprofile\AppData\Local\TileDataLayer\Database\EDB.log.",Normal,Benign,Benign,
7/7/2021 8:34:18 PM,ESENT,455,Logging/Recovery,"svchost (3372,R,98) TILEREPOSITORYS-1-5-18: Error -1023 (0xfffffc01) occurred while opening logfile C:\WINDOWS\system32\config\systemprofile\AppData\Local\TileDataLayer\Database\EDB.log.",Normal,Benign,Benign,
7/7/2021 8:20:18 PM,ESENT,455,Logging/Recovery,"svchost (4492,R,98) TILEREPOSITORYS-1-5-18: Error -1023 (0xfffffc01) occurred while opening logfile C:\WINDOWS\system32\config\systemprofile\AppData\Local\TileDataLayer\Database\EDB.log.",Normal,Benign,Benign,
7/7/2021 8:04:18 PM,ESENT,455,Logging/Recovery,"svchost (3468,R,98) TILEREPOSITORYS-1-5-18: Error -1023 (0xfffffc01) occurred while opening logfile C:\WINDOWS\system32\config\systemprofile\AppData\Local\TileDataLayer\Database\EDB.log.",Normal,Benign,Benign,
7/7/2021 7:50:18 PM,ESENT,455,Logging/Recovery,"svchost (8040,R,98) TILEREPOSITORYS-1-5-18: Error -1023 (0xfffffc01) occurred while opening logfile C:\WINDOWS\system32\config\systemprofile\AppData\Local\TileDataLayer\Database\EDB.log.",Normal,Benign,Benign,
7/7/2021 7:34:18 PM,ESENT,455,Logging/Recovery,"svchost (5448,R,98) TILEREPOSITORYS-1-5-18: Error -1023 (0xfffffc01) occurred while opening logfile C:\WINDOWS\system32\config\systemprofile\AppData\Local\TileDataLayer\Database\EDB.log.",Normal,Benign,Benign,
7/7/2021 7:20:18 PM,ESENT,455,Logging/Recovery,"svchost (7364,R,98) TILEREPOSITORYS-1-5-18: Error -1023 (0xfffffc01) occurred while opening logfile C:\WINDOWS\system32\config\systemprofile\AppData\Local\TileDataLayer\Database\EDB.log.",Normal,Benign,Benign,
7/7/2021 7:04:18 PM,ESENT,455,Logging/Recovery,"svchost (7928,R,98) TILEREPOSITORYS-1-5-18: Error -1023 (0xfffffc01) occurred while opening logfile C:\WINDOWS\system32\config\systemprofile\AppData\Local\TileDataLayer\Database\EDB.log.",Normal,Benign,Benign,
7/7/2021 6:50:21 PM,ESENT,455,Logging/Recovery,"svchost (7428,R,98) TILEREPOSITORYS-1-5-18: Error -1023 (0xfffffc01) occurred while opening logfile C:\WINDOWS\system32\config\systemprofile\AppData\Local\TileDataLayer\Database\EDB.log.",Normal,Benign,Benign,
7/7/2021 6:43:03 PM,ESENT,455,Logging/Recovery,"svchost (3900,R,98) TILEREPOSITORYS-1-5-18: Error -1023 (0xfffffc01) occurred while opening logfile C:\WINDOWS\system32\config\systemprofile\AppData\Local\TileDataLayer\Database\EDB.log.",Normal,Benign,Benign,
7/7/2021 6:35:04 PM,Microsoft-Windows-DistributedCOM,10016,,"The machine-default permission settings do not grant Local Activation permission for the COM Server application with CLSID ,Normal,Benign,Benign,None
{C2F03A33-21F5-47FA-B4BB-156362A2F239},Normal,Benign,Benign,None
 and APPID ,Normal,Benign,Benign,None
{316CDED5-E4AE-4B15-9113-7055D84DCC97},Normal,Benign,Benign,None
 to the user DESKTOP-56DUI1B\ansible SID (S-1-5-21-3046995883-4109464133-1538160033-1003) from address LocalHost (Using LRPC) running in the application container Microsoft.Windows.ShellExperienceHost_10.0.19041.1023_neutral_neutral_cw5n1h2txyewy SID (S-1-15-2-155514346-2573954481-755741238-1654018636-1233331829-3075935687-2861478708). This security permission can be modified using the Component Services administrative tool.",Normal,Benign,Benign,
7/7/2021 6:34:49 PM,ESENT,508,Performance,"taskhostw (4580,D,0) WebCacheLocal: A request to write to the file ""C:\Users\ansible\AppData\Local\Microsoft\Windows\WebCache\WebCacheV01.dat"" at offset 19922944 (0x0000000001300000) for 32768 (0x00008000) bytes succeeded, but took an abnormally long time (125 seconds) to be serviced by the OS. This problem is likely due to faulty hardware. Please contact your hardware vendor for further assistance diagnosing the problem.",Normal,Benign,Benign,
7/7/2021 6:33:24 PM,ESENT,533,General,"taskhostw (4580,D,0) WebCacheLocal: A request to write to the file ""C:\Users\ansible\AppData\Local\Microsoft\Windows\WebCache\WebCacheV01.dat"" at offset 19922944 (0x0000000001300000) for 32768 (0x00008000) bytes has not completed for 36 second(s). This problem is likely due to faulty hardware. Please contact your hardware vendor for further assistance diagnosing the problem.",Normal,Benign,Benign,
7/7/2021 6:30:51 PM,Microsoft-Windows-User Device Registration,360,,"Windows Hello for Business provisioning will not be launched. ,Normal,Benign,Benign,None
Device is AAD joined ( AADJ or DJ++ ): Not Tested ,Normal,Benign,Benign,None
User has logged on with AAD credentials: No ,Normal,Benign,Benign,None
Windows Hello for Business policy is enabled: Not Tested ,Normal,Benign,Benign,None
Windows Hello for Business post-logon provisioning is enabled: Not Tested ,Normal,Benign,Benign,None
Local computer meets Windows hello for business hardware requirements: Not Tested ,Normal,Benign,Benign,None
User is not connected to the machine via Remote Desktop: Yes ,Normal,Benign,Benign,None
User certificate for on premise auth policy is enabled: Not Tested ,Normal,Benign,Benign,None
Machine is governed by none policy. ,Normal,Benign,Benign,None
See https://go.microsoft.com/fwlink/?linkid=832647 for more details.",Normal,Benign,Benign,
7/7/2021 6:27:07 PM,Microsoft-Windows-Security-SPP,8198,,"License Activation (slui.exe) failed with the following error code:,Normal,Benign,Benign,None
hr=0x803F7001,Normal,Benign,Benign,None
Command-line arguments:,Normal,Benign,Benign,None
RuleId=31e71c49-8da7-4a2f-ad92-45d98a1c79ba;Action=AutoActivate;AppId=55c92734-d682-4d71-983e-d6ec3f16059f;SkuId=e558417a-5123-4f6f-91e7-385c1c7ca9d4;NotificationInterval=1440;Trigger=UserLogon;SessionId=1",Normal,Benign,Benign,
7/7/2021 6:25:16 PM,Microsoft-Windows-Winlogon,6006,,The winlogon notification subscriber <TrustedInstaller> took 840 second(s) to handle the notification event (CreateSession).,Normal,Benign,Benign,
7/7/2021 6:15:24 PM,ESENT,455,Logging/Recovery,"svchost (4100,R,98) TILEREPOSITORYS-1-5-18: Error -1023 (0xfffffc01) occurred while opening logfile C:\WINDOWS\system32\config\systemprofile\AppData\Local\TileDataLayer\Database\EDB.log.",Normal,Benign,Benign,
7/7/2021 6:12:15 PM,Microsoft-Windows-Winlogon,6005,,The winlogon notification subscriber <TrustedInstaller> is taking long time to handle the notification event (CreateSession).,Normal,Benign,Benign,
7/7/2021 6:10:07 PM,Microsoft-Windows-DistributedCOM,10016,,"The application-specific permission settings do not grant Local Launch permission for the COM Server application with CLSID ,Normal,Benign,Benign,None
Windows.SecurityCenter.WscDataProtection,Normal,Benign,Benign,None
 and APPID ,Normal,Benign,Benign,None
Unavailable,Normal,Benign,Benign,None
 to the user NT AUTHORITY\SYSTEM SID (S-1-5-18) from address LocalHost (Using LRPC) running in the application container Unavailable SID (Unavailable). This security permission can be modified using the Component Services administrative tool.",Normal,Benign,Benign,
7/7/2021 6:09:39 PM,Microsoft-Windows-Winlogon,6006,,The winlogon notification subscriber <TrustedInstaller> took 90 second(s) to handle the notification event (CreateSession).,Normal,Benign,Benign,
7/7/2021 6:09:08 PM,Microsoft-Windows-Winlogon,6005,,The winlogon notification subscriber <TrustedInstaller> is taking long time to handle the notification event (CreateSession).,Normal,Benign,Benign,
7/7/2021 6:05:07 PM,Service Control Manager,7009,,A timeout was reached (45000 milliseconds) while waiting for the QEMU-GA service to connect.,Normal,Benign,Benign,
7/7/2021 6:05:06 PM,Service Control Manager,7023,,"The NcbService service terminated with the following error: ,Normal,Benign,Benign,None
A device attached to the system is not functioning.",Normal,Benign,Benign,
7/7/2021 6:01:33 PM,Microsoft-Windows-Kernel-EventTracing,3,Session,"Session ""PerfDiag Logger"" stopped due to the following error: 0xC0000188",Normal,Benign,Benign,
7/7/2021 6:01:33 PM,Microsoft-Windows-Kernel-EventTracing,4,Logging,"The maximum file size for session ""PerfDiag Logger"" has been reached. As a result, events might be lost (not logged) to file ""C:\WINDOWS\system32\WDI\LogFiles\ShutdownPerfDiagLogger.etl"". The maximum files size is currently set to 20971520 bytes.",Normal,Benign,Benign,
7/7/2021 6:00:29 PM,Service Control Manager,7034,,The OpenSSH SSH Server service terminated unexpectedly.  It has done this 1 time(s).,Normal,Benign,Benign,
7/7/2021 5:45:29 PM,ESENT,455,Logging/Recovery,"svchost (29280,R,98) TILEREPOSITORYS-1-5-18: Error -1023 (0xfffffc01) occurred while opening logfile C:\WINDOWS\system32\config\systemprofile\AppData\Local\TileDataLayer\Database\EDB.log.",Normal,Benign,Benign,
7/7/2021 5:40:41 PM,Microsoft-Windows-DistributedCOM,10010,,The server {9BA05972-F6A8-11CF-A442-00A0C90A8F39} did not register with DCOM within the required timeout.,Normal,Benign,Benign,
7/7/2021 5:39:10 PM,ESENT,455,Logging/Recovery,"svchost (26540,R,98) TILEREPOSITORYS-1-5-18: Error -1023 (0xfffffc01) occurred while opening logfile C:\WINDOWS\system32\config\systemprofile\AppData\Local\TileDataLayer\Database\EDB.log.",Normal,Benign,Benign,
7/7/2021 5:19:10 PM,ESENT,455,Logging/Recovery,"svchost (16768,R,98) TILEREPOSITORYS-1-5-18: Error -1023 (0xfffffc01) occurred while opening logfile C:\WINDOWS\system32\config\systemprofile\AppData\Local\TileDataLayer\Database\EDB.log.",Normal,Benign,Benign,
7/7/2021 5:04:18 PM,ESENT,455,Logging/Recovery,"svchost (22316,R,98) TILEREPOSITORYS-1-5-18: Error -1023 (0xfffffc01) occurred while opening logfile C:\WINDOWS\system32\config\systemprofile\AppData\Local\TileDataLayer\Database\EDB.log.",Normal,Benign,Benign,
7/7/2021 4:35:09 PM,ESENT,455,Logging/Recovery,"svchost (9172,R,98) TILEREPOSITORYS-1-5-18: Error -1023 (0xfffffc01) occurred while opening logfile C:\WINDOWS\system32\config\systemprofile\AppData\Local\TileDataLayer\Database\EDB.log.",Normal,Benign,Benign,
7/7/2021 4:19:09 PM,ESENT,455,Logging/Recovery,"svchost (29000,R,98) TILEREPOSITORYS-1-5-18: Error -1023 (0xfffffc01) occurred while opening logfile C:\WINDOWS\system32\config\systemprofile\AppData\Local\TileDataLayer\Database\EDB.log.",Normal,Benign,Benign,
7/7/2021 4:04:18 PM,ESENT,455,Logging/Recovery,"svchost (29444,R,98) TILEREPOSITORYS-1-5-18: Error -1023 (0xfffffc01) occurred while opening logfile C:\WINDOWS\system32\config\systemprofile\AppData\Local\TileDataLayer\Database\EDB.log.",Normal,Benign,Benign,
7/7/2021 3:55:10 PM,ESENT,455,Logging/Recovery,"svchost (28756,R,98) TILEREPOSITORYS-1-5-18: Error -1023 (0xfffffc01) occurred while opening logfile C:\WINDOWS\system32\config\systemprofile\AppData\Local\TileDataLayer\Database\EDB.log.",Normal,Benign,Benign,
7/7/2021 3:43:09 PM,ESENT,455,Logging/Recovery,"svchost (30776,R,98) TILEREPOSITORYS-1-5-18: Error -1023 (0xfffffc01) occurred while opening logfile C:\WINDOWS\system32\config\systemprofile\AppData\Local\TileDataLayer\Database\EDB.log.",Normal,Benign,Benign,
7/7/2021 3:35:09 PM,ESENT,455,Logging/Recovery,"svchost (20500,R,98) TILEREPOSITORYS-1-5-18: Error -1023 (0xfffffc01) occurred while opening logfile C:\WINDOWS\system32\config\systemprofile\AppData\Local\TileDataLayer\Database\EDB.log.",Normal,Benign,Benign,
7/7/2021 3:19:09 PM,ESENT,455,Logging/Recovery,"svchost (20608,R,98) TILEREPOSITORYS-1-5-18: Error -1023 (0xfffffc01) occurred while opening logfile C:\WINDOWS\system32\config\systemprofile\AppData\Local\TileDataLayer\Database\EDB.log.",Normal,Benign,Benign,
7/7/2021 3:04:18 PM,ESENT,455,Logging/Recovery,"svchost (7500,R,98) TILEREPOSITORYS-1-5-18: Error -1023 (0xfffffc01) occurred while opening logfile C:\WINDOWS\system32\config\systemprofile\AppData\Local\TileDataLayer\Database\EDB.log.",Normal,Benign,Benign,
7/7/2021 2:51:24 PM,ESENT,455,Logging/Recovery,"svchost (17520,R,98) TILEREPOSITORYS-1-5-18: Error -1023 (0xfffffc01) occurred while opening logfile C:\WINDOWS\system32\config\systemprofile\AppData\Local\TileDataLayer\Database\EDB.log.",Normal,Benign,Benign,
7/7/2021 2:39:09 PM,ESENT,455,Logging/Recovery,"svchost (25952,R,98) TILEREPOSITORYS-1-5-18: Error -1023 (0xfffffc01) occurred while opening logfile C:\WINDOWS\system32\config\systemprofile\AppData\Local\TileDataLayer\Database\EDB.log.",Normal,Benign,Benign,
7/7/2021 2:19:09 PM,ESENT,455,Logging/Recovery,"svchost (19452,R,98) TILEREPOSITORYS-1-5-18: Error -1023 (0xfffffc01) occurred while opening logfile C:\WINDOWS\system32\config\systemprofile\AppData\Local\TileDataLayer\Database\EDB.log.",Normal,Benign,Benign,
7/7/2021 2:15:29 PM,Microsoft-Windows-Resource-Exhaustion-Detector,2004,Resource Exhaustion Diagnosis Events,"Windows successfully diagnosed a low virtual memory condition. The following programs consumed the most virtual memory: MoUsoCoreWorker.exe (1596) consumed 2321735680 bytes, explorer.exe (1412) consumed 738955264 bytes, and MsMpEng.exe (540) consumed 605900800 bytes.",Normal,Benign,Benign,
7/7/2021 2:04:18 PM,ESENT,455,Logging/Recovery,"svchost (26152,R,98) TILEREPOSITORYS-1-5-18: Error -1023 (0xfffffc01) occurred while opening logfile C:\WINDOWS\system32\config\systemprofile\AppData\Local\TileDataLayer\Database\EDB.log.",Normal,Benign,Benign,
7/7/2021 1:55:09 PM,ESENT,455,Logging/Recovery,"svchost (32724,R,98) TILEREPOSITORYS-1-5-18: Error -1023 (0xfffffc01) occurred while opening logfile C:\WINDOWS\system32\config\systemprofile\AppData\Local\TileDataLayer\Database\EDB.log.",Normal,Benign,Benign,
7/7/2021 1:44:50 PM,Microsoft-Windows-Security-SPP,8198,,"License Activation (slui.exe) failed with the following error code:,Normal,Benign,Benign,None
hr=0x803F7001,Normal,Benign,Benign,None
Command-line arguments:,Normal,Benign,Benign,None
RuleId=31e71c49-8da7-4a2f-ad92-45d98a1c79ba;Action=AutoActivate;AppId=55c92734-d682-4d71-983e-d6ec3f16059f;SkuId=e558417a-5123-4f6f-91e7-385c1c7ca9d4;NotificationInterval=1440;Trigger=TimerEvent",Normal,Benign,Benign,
7/7/2021 1:39:09 PM,ESENT,455,Logging/Recovery,"svchost (27728,R,98) TILEREPOSITORYS-1-5-18: Error -1023 (0xfffffc01) occurred while opening logfile C:\WINDOWS\system32\config\systemprofile\AppData\Local\TileDataLayer\Database\EDB.log.",Normal,Benign,Benign,
7/7/2021 1:19:09 PM,ESENT,455,Logging/Recovery,"svchost (30436,R,98) TILEREPOSITORYS-1-5-18: Error -1023 (0xfffffc01) occurred while opening logfile C:\WINDOWS\system32\config\systemprofile\AppData\Local\TileDataLayer\Database\EDB.log.",Normal,Benign,Benign,
7/7/2021 1:04:18 PM,ESENT,455,Logging/Recovery,"svchost (28096,R,98) TILEREPOSITORYS-1-5-18: Error -1023 (0xfffffc01) occurred while opening logfile C:\WINDOWS\system32\config\systemprofile\AppData\Local\TileDataLayer\Database\EDB.log.",Normal,Benign,Benign,
7/7/2021 12:51:10 PM,ESENT,455,Logging/Recovery,"svchost (16688,R,98) TILEREPOSITORYS-1-5-18: Error -1023 (0xfffffc01) occurred while opening logfile C:\WINDOWS\system32\config\systemprofile\AppData\Local\TileDataLayer\Database\EDB.log.",Normal,Benign,Benign,
7/7/2021 12:35:08 PM,ESENT,455,Logging/Recovery,"svchost (19848,R,98) TILEREPOSITORYS-1-5-18: Error -1023 (0xfffffc01) occurred while opening logfile C:\WINDOWS\system32\config\systemprofile\AppData\Local\TileDataLayer\Database\EDB.log.",Normal,Benign,Benign,
7/7/2021 12:19:08 PM,ESENT,455,Logging/Recovery,"svchost (22732,R,98) TILEREPOSITORYS-1-5-18: Error -1023 (0xfffffc01) occurred while opening logfile C:\WINDOWS\system32\config\systemprofile\AppData\Local\TileDataLayer\Database\EDB.log.",Normal,Benign,Benign,
7/7/2021 12:06:27 PM,Microsoft-Windows-DistributedCOM,10016,,"The machine-default permission settings do not grant Local Activation permission for the COM Server application with CLSID ,Normal,Benign,Benign,None
{C2F03A33-21F5-47FA-B4BB-156362A2F239},Normal,Benign,Benign,None
 and APPID ,Normal,Benign,Benign,None
{316CDED5-E4AE-4B15-9113-7055D84DCC97},Normal,Benign,Benign,None
 to the user DESKTOP-56DUI1B\user SID (S-1-5-21-3046995883-4109464133-1538160033-1001) from address LocalHost (Using LRPC) running in the application container Microsoft.Windows.ShellExperienceHost_10.0.19041.1023_neutral_neutral_cw5n1h2txyewy SID (S-1-15-2-155514346-2573954481-755741238-1654018636-1233331829-3075935687-2861478708). This security permission can be modified using the Component Services administrative tool.",Normal,Benign,Benign,
7/7/2021 12:02:07 PM,Microsoft-Windows-DistributedCOM,10010,,The server Microsoft.Windows.Photos_2021.21060.9012.0_x64__8wekyb3d8bbwe!App.AppXy9rh3t8m2jfpvhhxp6y2ksgeq77vymbq.mca did not register with DCOM within the required timeout.,Normal,Benign,Benign,
7/7/2021 12:02:06 PM,Microsoft-Windows-DistributedCOM,10010,,The server Microsoft.YourPhone_1.21042.143.0_x64__8wekyb3d8bbwe!App.AppXvctmff39365zg14pgmystcwtys462fpa.mca did not register with DCOM within the required timeout.,Normal,Benign,Benign,
7/7/2021 12:00:05 PM,ESENT,455,Logging/Recovery,"svchost (27436,R,98) TILEREPOSITORYS-1-5-18: Error -1023 (0xfffffc01) occurred while opening logfile C:\WINDOWS\system32\config\systemprofile\AppData\Local\TileDataLayer\Database\EDB.log.",Normal,Benign,Benign,
7/7/2021 11:58:58 AM,viostor,129,,"Reset to device, \Device\RaidPort0, was issued.",Normal,Benign,Benign,
7/7/2021 11:58:28 AM,viostor,129,,"Reset to device, \Device\RaidPort0, was issued.",Normal,Benign,Benign,
7/7/2021 11:48:44 AM,ESENT,508,Performance,"svchost (3064,T,97) SRUJet: A request to write to the file ""C:\WINDOWS\system32\SRU\SRU.chk"" at offset 0 (0x0000000000000000) for 4096 (0x00001000) bytes succeeded, but took an abnormally long time (84 seconds) to be serviced by the OS. This problem is likely due to faulty hardware. Please contact your hardware vendor for further assistance diagnosing the problem.",Normal,Benign,Benign,
7/7/2021 11:47:59 AM,ESENT,533,General,"svchost (3064,T,0) SRUJet: A request to write to the file ""C:\WINDOWS\system32\SRU\SRU.chk"" at offset 0 (0x0000000000000000) for 4096 (0x00001000) bytes has not completed for 36 second(s). This problem is likely due to faulty hardware. Please contact your hardware vendor for further assistance diagnosing the problem.",Normal,Benign,Benign,
7/7/2021 11:45:18 AM,ESENT,508,Performance,"svchost (3064,D,0) SRUJet: A request to write to the file ""C:\WINDOWS\system32\SRU\SRU.log"" at offset 16384 (0x0000000000004000) for 4096 (0x00001000) bytes succeeded, but took an abnormally long time (18 seconds) to be serviced by the OS. This problem is likely due to faulty hardware. Please contact your hardware vendor for further assistance diagnosing the problem.",Normal,Benign,Benign,
7/7/2021 11:42:16 AM,ESENT,455,Logging/Recovery,"svchost (28220,R,98) TILEREPOSITORYS-1-5-18: Error -1023 (0xfffffc01) occurred while opening logfile C:\WINDOWS\system32\config\systemprofile\AppData\Local\TileDataLayer\Database\EDB.log.",Normal,Benign,Benign,
7/7/2021 11:41:52 AM,viostor,129,,"Reset to device, \Device\RaidPort0, was issued.",Normal,Benign,Benign,
7/7/2021 11:40:36 AM,viostor,129,,"Reset to device, \Device\RaidPort0, was issued.",Normal,Benign,Benign,
7/7/2021 11:40:06 AM,viostor,129,,"Reset to device, \Device\RaidPort0, was issued.",Normal,Benign,Benign,
7/7/2021 11:38:28 AM,viostor,129,,"Reset to device, \Device\RaidPort0, was issued.",Normal,Benign,Benign,
7/7/2021 11:37:58 AM,viostor,129,,"Reset to device, \Device\RaidPort0, was issued.",Normal,Benign,Benign,
7/7/2021 11:24:08 AM,ESENT,455,Logging/Recovery,"svchost (27392,R,98) TILEREPOSITORYS-1-5-18: Error -1023 (0xfffffc01) occurred while opening logfile C:\WINDOWS\system32\config\systemprofile\AppData\Local\TileDataLayer\Database\EDB.log.",Normal,Benign,Benign,
7/7/2021 11:18:02 AM,ESENT,510,Performance,"taskhostw (17012,D,0) WebCacheLocal: A request to write to the file ""C:\Users\user\AppData\Local\Microsoft\Windows\WebCache\WebCacheV01.jfm"" at offset 0 (0x0000000000000000) for 8192 (0x00002000) bytes succeeded, but took an abnormally long time (17 seconds) to be serviced by the OS. In addition, 0 other I/O requests to this file have also taken an abnormally long time to be serviced since the last message regarding this problem was posted 27138 seconds ago. This problem is likely due to faulty hardware. Please contact your hardware vendor for further assistance diagnosing the problem.",Normal,Benign,Benign,
7/7/2021 11:18:02 AM,ESENT,508,Performance,"taskhostw (17012,D,0) WebCacheLocal: A request to write to the file ""C:\Users\user\AppData\Local\Microsoft\Windows\WebCache\V01.log"" at offset 237568 (0x000000000003a000) for 4096 (0x00001000) bytes succeeded, but took an abnormally long time (17 seconds) to be serviced by the OS. This problem is likely due to faulty hardware. Please contact your hardware vendor for further assistance diagnosing the problem.",Normal,Benign,Benign,
7/7/2021 11:10:59 AM,ESENT,510,Performance,"taskhostw (5092,D,0) WebCacheLocal: A request to write to the file ""C:\Users\ansible\AppData\Local\Microsoft\Windows\WebCache\V01.log"" at offset 335872 (0x0000000000052000) for 4096 (0x00001000) bytes succeeded, but took an abnormally long time (91 seconds) to be serviced by the OS. In addition, 0 other I/O requests to this file have also taken an abnormally long time to be serviced since the last message regarding this problem was posted 24943 seconds ago. This problem is likely due to faulty hardware. Please contact your hardware vendor for further assistance diagnosing the problem.",Normal,Benign,Benign,
7/7/2021 11:10:08 AM,ESENT,533,General,"taskhostw (5092,D,0) WebCacheLocal: A request to write to the file ""C:\Users\ansible\AppData\Local\Microsoft\Windows\WebCache\V01.log"" at offset 335872 (0x0000000000052000) for 4096 (0x00001000) bytes has not completed for 36 second(s). This problem is likely due to faulty hardware. Please contact your hardware vendor for further assistance diagnosing the problem.",Normal,Benign,Benign,
7/7/2021 11:04:18 AM,ESENT,455,Logging/Recovery,"svchost (30628,R,98) TILEREPOSITORYS-1-5-18: Error -1023 (0xfffffc01) occurred while opening logfile C:\WINDOWS\system32\config\systemprofile\AppData\Local\TileDataLayer\Database\EDB.log.",Normal,Benign,Benign,
7/7/2021 10:55:14 AM,ESENT,455,Logging/Recovery,"svchost (19828,R,98) TILEREPOSITORYS-1-5-18: Error -1023 (0xfffffc01) occurred while opening logfile C:\WINDOWS\system32\config\systemprofile\AppData\Local\TileDataLayer\Database\EDB.log.",Normal,Benign,Benign,
7/7/2021 10:35:14 AM,ESENT,455,Logging/Recovery,"svchost (32528,R,98) TILEREPOSITORYS-1-5-18: Error -1023 (0xfffffc01) occurred while opening logfile C:\WINDOWS\system32\config\systemprofile\AppData\Local\TileDataLayer\Database\EDB.log.",Normal,Benign,Benign,
7/7/2021 10:19:14 AM,ESENT,455,Logging/Recovery,"svchost (30676,R,98) TILEREPOSITORYS-1-5-18: Error -1023 (0xfffffc01) occurred while opening logfile C:\WINDOWS\system32\config\systemprofile\AppData\Local\TileDataLayer\Database\EDB.log.",Normal,Benign,Benign,
7/7/2021 10:04:18 AM,ESENT,455,Logging/Recovery,"svchost (32716,R,98) TILEREPOSITORYS-1-5-18: Error -1023 (0xfffffc01) occurred while opening logfile C:\WINDOWS\system32\config\systemprofile\AppData\Local\TileDataLayer\Database\EDB.log.",Normal,Benign,Benign,
7/7/2021 9:51:15 AM,ESENT,455,Logging/Recovery,"svchost (24884,R,98) TILEREPOSITORYS-1-5-18: Error -1023 (0xfffffc01) occurred while opening logfile C:\WINDOWS\system32\config\systemprofile\AppData\Local\TileDataLayer\Database\EDB.log.",Normal,Benign,Benign,
7/7/2021 9:39:14 AM,ESENT,455,Logging/Recovery,"svchost (29316,R,98) TILEREPOSITORYS-1-5-18: Error -1023 (0xfffffc01) occurred while opening logfile C:\WINDOWS\system32\config\systemprofile\AppData\Local\TileDataLayer\Database\EDB.log.",Normal,Benign,Benign,
7/7/2021 9:19:14 AM,ESENT,455,Logging/Recovery,"svchost (26024,R,98) TILEREPOSITORYS-1-5-18: Error -1023 (0xfffffc01) occurred while opening logfile C:\WINDOWS\system32\config\systemprofile\AppData\Local\TileDataLayer\Database\EDB.log.",Normal,Benign,Benign,
7/7/2021 9:04:18 AM,ESENT,455,Logging/Recovery,"svchost (27832,R,98) TILEREPOSITORYS-1-5-18: Error -1023 (0xfffffc01) occurred while opening logfile C:\WINDOWS\system32\config\systemprofile\AppData\Local\TileDataLayer\Database\EDB.log.",Normal,Benign,Benign,
7/7/2021 8:51:14 AM,ESENT,455,Logging/Recovery,"svchost (24688,R,98) TILEREPOSITORYS-1-5-18: Error -1023 (0xfffffc01) occurred while opening logfile C:\WINDOWS\system32\config\systemprofile\AppData\Local\TileDataLayer\Database\EDB.log.",Normal,Benign,Benign,
7/7/2021 8:39:14 AM,ESENT,455,Logging/Recovery,"svchost (26656,R,98) TILEREPOSITORYS-1-5-18: Error -1023 (0xfffffc01) occurred while opening logfile C:\WINDOWS\system32\config\systemprofile\AppData\Local\TileDataLayer\Database\EDB.log.",Normal,Benign,Benign,
7/7/2021 8:19:14 AM,ESENT,455,Logging/Recovery,"svchost (25316,R,98) TILEREPOSITORYS-1-5-18: Error -1023 (0xfffffc01) occurred while opening logfile C:\WINDOWS\system32\config\systemprofile\AppData\Local\TileDataLayer\Database\EDB.log.",Normal,Benign,Benign,
7/7/2021 8:04:18 AM,ESENT,455,Logging/Recovery,"svchost (24916,R,98) TILEREPOSITORYS-1-5-18: Error -1023 (0xfffffc01) occurred while opening logfile C:\WINDOWS\system32\config\systemprofile\AppData\Local\TileDataLayer\Database\EDB.log.",Normal,Benign,Benign,
7/7/2021 7:55:16 AM,ESENT,455,Logging/Recovery,"svchost (24120,R,98) TILEREPOSITORYS-1-5-18: Error -1023 (0xfffffc01) occurred while opening logfile C:\WINDOWS\system32\config\systemprofile\AppData\Local\TileDataLayer\Database\EDB.log.",Normal,Benign,Benign,
7/7/2021 7:43:14 AM,ESENT,455,Logging/Recovery,"svchost (31584,R,98) TILEREPOSITORYS-1-5-18: Error -1023 (0xfffffc01) occurred while opening logfile C:\WINDOWS\system32\config\systemprofile\AppData\Local\TileDataLayer\Database\EDB.log.",Normal,Benign,Benign,
7/7/2021 7:35:14 AM,ESENT,455,Logging/Recovery,"svchost (19192,R,98) TILEREPOSITORYS-1-5-18: Error -1023 (0xfffffc01) occurred while opening logfile C:\WINDOWS\system32\config\systemprofile\AppData\Local\TileDataLayer\Database\EDB.log.",Normal,Benign,Benign,
7/7/2021 7:19:13 AM,ESENT,455,Logging/Recovery,"svchost (20684,R,98) TILEREPOSITORYS-1-5-18: Error -1023 (0xfffffc01) occurred while opening logfile C:\WINDOWS\system32\config\systemprofile\AppData\Local\TileDataLayer\Database\EDB.log.",Normal,Benign,Benign,
7/7/2021 7:04:18 AM,ESENT,455,Logging/Recovery,"svchost (27024,R,98) TILEREPOSITORYS-1-5-18: Error -1023 (0xfffffc01) occurred while opening logfile C:\WINDOWS\system32\config\systemprofile\AppData\Local\TileDataLayer\Database\EDB.log.",Normal,Benign,Benign,
7/7/2021 6:51:24 AM,ESENT,455,Logging/Recovery,"svchost (23704,R,98) TILEREPOSITORYS-1-5-18: Error -1023 (0xfffffc01) occurred while opening logfile C:\WINDOWS\system32\config\systemprofile\AppData\Local\TileDataLayer\Database\EDB.log.",Normal,Benign,Benign,
7/7/2021 6:35:13 AM,ESENT,455,Logging/Recovery,"svchost (17440,R,98) TILEREPOSITORYS-1-5-18: Error -1023 (0xfffffc01) occurred while opening logfile C:\WINDOWS\system32\config\systemprofile\AppData\Local\TileDataLayer\Database\EDB.log.",Normal,Benign,Benign,
7/7/2021 6:19:13 AM,ESENT,455,Logging/Recovery,"svchost (29140,R,98) TILEREPOSITORYS-1-5-18: Error -1023 (0xfffffc01) occurred while opening logfile C:\WINDOWS\system32\config\systemprofile\AppData\Local\TileDataLayer\Database\EDB.log.",Normal,Benign,Benign,
7/7/2021 6:10:55 AM,ESENT,510,Performance,"taskhostw (17012,D,0) WebCacheLocal: A request to write to the file ""C:\Users\user\AppData\Local\Microsoft\Windows\WebCache\V01.chk"" at offset 0 (0x0000000000000000) for 4096 (0x00001000) bytes succeeded, but took an abnormally long time (15 seconds) to be serviced by the OS. In addition, 0 other I/O requests to this file have also taken an abnormally long time to be serviced since the last message regarding this problem was posted 5593 seconds ago. This problem is likely due to faulty hardware. Please contact your hardware vendor for further assistance diagnosing the problem.",Normal,Benign,Benign,
7/7/2021 6:04:21 AM,ESENT,455,Logging/Recovery,"svchost (31164,R,98) TILEREPOSITORYS-1-5-18: Error -1023 (0xfffffc01) occurred while opening logfile C:\WINDOWS\system32\config\systemprofile\AppData\Local\TileDataLayer\Database\EDB.log.",Normal,Benign,Benign,
7/7/2021 5:56:24 AM,Microsoft-Windows-Resource-Exhaustion-Detector,2004,Resource Exhaustion Diagnosis Events,"Windows successfully diagnosed a low virtual memory condition. The following programs consumed the most virtual memory: MoUsoCoreWorker.exe (1596) consumed 2166915072 bytes, explorer.exe (1412) consumed 719011840 bytes, and TiWorker.exe (23516) consumed 459792384 bytes.",Normal,Benign,Benign,
7/7/2021 5:51:33 AM,ESENT,455,Logging/Recovery,"svchost (31848,R,98) TILEREPOSITORYS-1-5-18: Error -1023 (0xfffffc01) occurred while opening logfile C:\WINDOWS\system32\config\systemprofile\AppData\Local\TileDataLayer\Database\EDB.log.",Normal,Benign,Benign,
7/7/2021 5:41:56 AM,ESENT,455,Logging/Recovery,"svchost (30428,R,98) TILEREPOSITORYS-1-5-18: Error -1023 (0xfffffc01) occurred while opening logfile C:\WINDOWS\system32\config\systemprofile\AppData\Local\TileDataLayer\Database\EDB.log.",Normal,Benign,Benign,
7/7/2021 5:26:42 AM,ESENT,455,Logging/Recovery,"svchost (15548,R,98) TILEREPOSITORYS-1-5-18: Error -1023 (0xfffffc01) occurred while opening logfile C:\WINDOWS\system32\config\systemprofile\AppData\Local\TileDataLayer\Database\EDB.log.",Normal,Benign,Benign,
