7/3/2021 11:11:50 AM,Microsoft-Windows-DistributedCOM,10016,,"The application-specific permission settings do not grant Local Activation permission for the COM Server application with CLSID ,Normal,Benign,Benign,None
{BCBB9860-C012-4AD7-A938-6E337AE6ABA5},Normal,Benign,Benign,None
 and APPID ,Normal,Benign,Benign,None
{2FD08A73-D1F1-43EB-B888-24C2496F95FD},Normal,Benign,Benign,None
 to the user DESKTOP-56DUI1B\ansible SID (S-1-5-21-3046995883-4109464133-1538160033-1003) from address LocalHost (Using LRPC) running in the application container Unavailable SID (Unavailable). This security permission can be modified using the Component Services administrative tool.",Normal,Benign,Benign,
7/3/2021 11:11:23 AM,Microsoft-Windows-DistributedCOM,10016,,"The application-specific permission settings do not grant Local Activation permission for the COM Server application with CLSID ,Normal,Benign,Benign,None
{2593F8B9-4EAF-457C-B68A-50F6B8EA6B54},Normal,Benign,Benign,None
 and APPID ,Normal,Benign,Benign,None
{15C20B67-12E7-4BB6-92BB-7AFF07997402},Normal,Benign,Benign,None
 to the user DESKTOP-56DUI1B\ansible SID (S-1-5-21-3046995883-4109464133-1538160033-1003) from address LocalHost (Using LRPC) running in the application container Unavailable SID (Unavailable). This security permission can be modified using the Component Services administrative tool.",Normal,Benign,Benign,
7/3/2021 11:11:16 AM,Microsoft-Windows-DistributedCOM,10016,,"The application-specific permission settings do not grant Local Activation permission for the COM Server application with CLSID ,Normal,Benign,Benign,None
{228826AF-02E1-4226-A9E0-99A855E455A6},Normal,Benign,Benign,None
 and APPID ,Normal,Benign,Benign,None
{2FD08A73-D1F1-43EB-B888-24C2496F95FD},Normal,Benign,Benign,None
 to the user DESKTOP-56DUI1B\ansible SID (S-1-5-21-3046995883-4109464133-1538160033-1003) from address LocalHost (Using LRPC) running in the application container Unavailable SID (Unavailable). This security permission can be modified using the Component Services administrative tool.",Normal,Benign,Benign,
7/3/2021 11:11:16 AM,Microsoft-Windows-DistributedCOM,10016,,"The application-specific permission settings do not grant Local Activation permission for the COM Server application with CLSID ,Normal,Benign,Benign,None
{3480A401-BDE9-4407-BC02-798A866AC051},Normal,Benign,Benign,None
 and APPID ,Normal,Benign,Benign,None
{30AD8C8E-AE85-42FA-B9E8-7E99E3DFBFC5},Normal,Benign,Benign,None
 to the user DESKTOP-56DUI1B\ansible SID (S-1-5-21-3046995883-4109464133-1538160033-1003) from address LocalHost (Using LRPC) running in the application container Unavailable SID (Unavailable). This security permission can be modified using the Component Services administrative tool.",Normal,Benign,Benign,
7/3/2021 11:11:15 AM,Microsoft-Windows-DistributedCOM,10016,,"The application-specific permission settings do not grant Local Activation permission for the COM Server application with CLSID ,Normal,Benign,Benign,None
{3480A401-BDE9-4407-BC02-798A866AC051},Normal,Benign,Benign,None
 and APPID ,Normal,Benign,Benign,None
{30AD8C8E-AE85-42FA-B9E8-7E99E3DFBFC5},Normal,Benign,Benign,None
 to the user DESKTOP-56DUI1B\ansible SID (S-1-5-21-3046995883-4109464133-1538160033-1003) from address LocalHost (Using LRPC) running in the application container Unavailable SID (Unavailable). This security permission can be modified using the Component Services administrative tool.",Normal,Benign,Benign,
7/3/2021 11:11:11 AM,Microsoft-Windows-DistributedCOM,10016,,"The application-specific permission settings do not grant Local Activation permission for the COM Server application with CLSID ,Normal,Benign,Benign,None
{228826AF-02E1-4226-A9E0-99A855E455A6},Normal,Benign,Benign,None
 and APPID ,Normal,Benign,Benign,None
{2FD08A73-D1F1-43EB-B888-24C2496F95FD},Normal,Benign,Benign,None
 to the user DESKTOP-56DUI1B\ansible SID (S-1-5-21-3046995883-4109464133-1538160033-1003) from address LocalHost (Using LRPC) running in the application container Unavailable SID (Unavailable). This security permission can be modified using the Component Services administrative tool.",Normal,Benign,Benign,
7/3/2021 11:11:11 AM,Microsoft-Windows-DistributedCOM,10016,,"The application-specific permission settings do not grant Local Activation permission for the COM Server application with CLSID ,Normal,Benign,Benign,None
{3480A401-BDE9-4407-BC02-798A866AC051},Normal,Benign,Benign,None
 and APPID ,Normal,Benign,Benign,None
{30AD8C8E-AE85-42FA-B9E8-7E99E3DFBFC5},Normal,Benign,Benign,None
 to the user DESKTOP-56DUI1B\ansible SID (S-1-5-21-3046995883-4109464133-1538160033-1003) from address LocalHost (Using LRPC) running in the application container Unavailable SID (Unavailable). This security permission can be modified using the Component Services administrative tool.",Normal,Benign,Benign,
7/3/2021 11:11:10 AM,Microsoft-Windows-DistributedCOM,10016,,"The application-specific permission settings do not grant Local Activation permission for the COM Server application with CLSID ,Normal,Benign,Benign,None
{3480A401-BDE9-4407-BC02-798A866AC051},Normal,Benign,Benign,None
 and APPID ,Normal,Benign,Benign,None
{30AD8C8E-AE85-42FA-B9E8-7E99E3DFBFC5},Normal,Benign,Benign,None
 to the user DESKTOP-56DUI1B\ansible SID (S-1-5-21-3046995883-4109464133-1538160033-1003) from address LocalHost (Using LRPC) running in the application container Unavailable SID (Unavailable). This security permission can be modified using the Component Services administrative tool.",Normal,Benign,Benign,
7/3/2021 11:11:01 AM,Microsoft-Windows-DistributedCOM,10016,,"The application-specific permission settings do not grant Local Activation permission for the COM Server application with CLSID ,Normal,Benign,Benign,None
{228826AF-02E1-4226-A9E0-99A855E455A6},Normal,Benign,Benign,None
 and APPID ,Normal,Benign,Benign,None
{2FD08A73-D1F1-43EB-B888-24C2496F95FD},Normal,Benign,Benign,None
 to the user DESKTOP-56DUI1B\ansible SID (S-1-5-21-3046995883-4109464133-1538160033-1003) from address LocalHost (Using LRPC) running in the application container Unavailable SID (Unavailable). This security permission can be modified using the Component Services administrative tool.",Normal,Benign,Benign,
7/3/2021 11:11:01 AM,Microsoft-Windows-DistributedCOM,10016,,"The application-specific permission settings do not grant Local Activation permission for the COM Server application with CLSID ,Normal,Benign,Benign,None
{3480A401-BDE9-4407-BC02-798A866AC051},Normal,Benign,Benign,None
 and APPID ,Normal,Benign,Benign,None
{30AD8C8E-AE85-42FA-B9E8-7E99E3DFBFC5},Normal,Benign,Benign,None
 to the user DESKTOP-56DUI1B\ansible SID (S-1-5-21-3046995883-4109464133-1538160033-1003) from address LocalHost (Using LRPC) running in the application container Unavailable SID (Unavailable). This security permission can be modified using the Component Services administrative tool.",Normal,Benign,Benign,
7/3/2021 11:11:00 AM,Microsoft-Windows-DistributedCOM,10016,,"The application-specific permission settings do not grant Local Activation permission for the COM Server application with CLSID ,Normal,Benign,Benign,None
{3480A401-BDE9-4407-BC02-798A866AC051},Normal,Benign,Benign,None
 and APPID ,Normal,Benign,Benign,None
{30AD8C8E-AE85-42FA-B9E8-7E99E3DFBFC5},Normal,Benign,Benign,None
 to the user DESKTOP-56DUI1B\ansible SID (S-1-5-21-3046995883-4109464133-1538160033-1003) from address LocalHost (Using LRPC) running in the application container Unavailable SID (Unavailable). This security permission can be modified using the Component Services administrative tool.",Normal,Benign,Benign,
7/3/2021 11:10:57 AM,Microsoft-Windows-DistributedCOM,10016,,"The application-specific permission settings do not grant Local Activation permission for the COM Server application with CLSID ,Normal,Benign,Benign,None
{228826AF-02E1-4226-A9E0-99A855E455A6},Normal,Benign,Benign,None
 and APPID ,Normal,Benign,Benign,None
{2FD08A73-D1F1-43EB-B888-24C2496F95FD},Normal,Benign,Benign,None
 to the user DESKTOP-56DUI1B\ansible SID (S-1-5-21-3046995883-4109464133-1538160033-1003) from address LocalHost (Using LRPC) running in the application container Unavailable SID (Unavailable). This security permission can be modified using the Component Services administrative tool.",Normal,Benign,Benign,
7/3/2021 11:10:57 AM,Microsoft-Windows-DistributedCOM,10016,,"The application-specific permission settings do not grant Local Activation permission for the COM Server application with CLSID ,Normal,Benign,Benign,None
{3480A401-BDE9-4407-BC02-798A866AC051},Normal,Benign,Benign,None
 and APPID ,Normal,Benign,Benign,None
{30AD8C8E-AE85-42FA-B9E8-7E99E3DFBFC5},Normal,Benign,Benign,None
 to the user DESKTOP-56DUI1B\ansible SID (S-1-5-21-3046995883-4109464133-1538160033-1003) from address LocalHost (Using LRPC) running in the application container Unavailable SID (Unavailable). This security permission can be modified using the Component Services administrative tool.",Normal,Benign,Benign,
7/3/2021 11:10:56 AM,Microsoft-Windows-DistributedCOM,10016,,"The application-specific permission settings do not grant Local Activation permission for the COM Server application with CLSID ,Normal,Benign,Benign,None
{3480A401-BDE9-4407-BC02-798A866AC051},Normal,Benign,Benign,None
 and APPID ,Normal,Benign,Benign,None
{30AD8C8E-AE85-42FA-B9E8-7E99E3DFBFC5},Normal,Benign,Benign,None
 to the user DESKTOP-56DUI1B\ansible SID (S-1-5-21-3046995883-4109464133-1538160033-1003) from address LocalHost (Using LRPC) running in the application container Unavailable SID (Unavailable). This security permission can be modified using the Component Services administrative tool.",Normal,Benign,Benign,
7/3/2021 11:08:01 AM,Microsoft-Windows-DistributedCOM,10016,,"The application-specific permission settings do not grant Local Activation permission for the COM Server application with CLSID ,Normal,Benign,Benign,None
{BCBB9860-C012-4AD7-A938-6E337AE6ABA5},Normal,Benign,Benign,None
 and APPID ,Normal,Benign,Benign,None
{2FD08A73-D1F1-43EB-B888-24C2496F95FD},Normal,Benign,Benign,None
 to the user DESKTOP-56DUI1B\ansible SID (S-1-5-21-3046995883-4109464133-1538160033-1003) from address LocalHost (Using LRPC) running in the application container Unavailable SID (Unavailable). This security permission can be modified using the Component Services administrative tool.",Normal,Benign,Benign,
7/3/2021 11:07:53 AM,Microsoft-Windows-DistributedCOM,10016,,"The application-specific permission settings do not grant Local Activation permission for the COM Server application with CLSID ,Normal,Benign,Benign,None
{BCBB9860-C012-4AD7-A938-6E337AE6ABA5},Normal,Benign,Benign,None
 and APPID ,Normal,Benign,Benign,None
{2FD08A73-D1F1-43EB-B888-24C2496F95FD},Normal,Benign,Benign,None
 to the user DESKTOP-56DUI1B\ansible SID (S-1-5-21-3046995883-4109464133-1538160033-1003) from address LocalHost (Using LRPC) running in the application container Unavailable SID (Unavailable). This security permission can be modified using the Component Services administrative tool.",Normal,Benign,Benign,
7/3/2021 11:06:26 AM,Microsoft-Windows-DistributedCOM,10016,,"The application-specific permission settings do not grant Local Activation permission for the COM Server application with CLSID ,Normal,Benign,Benign,None
{BCBB9860-C012-4AD7-A938-6E337AE6ABA5},Normal,Benign,Benign,None
 and APPID ,Normal,Benign,Benign,None
{2FD08A73-D1F1-43EB-B888-24C2496F95FD},Normal,Benign,Benign,None
 to the user DESKTOP-56DUI1B\ansible SID (S-1-5-21-3046995883-4109464133-1538160033-1003) from address LocalHost (Using LRPC) running in the application container Unavailable SID (Unavailable). This security permission can be modified using the Component Services administrative tool.",Normal,Benign,Benign,
7/3/2021 11:06:18 AM,Microsoft-Windows-DistributedCOM,10016,,"The application-specific permission settings do not grant Local Activation permission for the COM Server application with CLSID ,Normal,Benign,Benign,None
{BCBB9860-C012-4AD7-A938-6E337AE6ABA5},Normal,Benign,Benign,None
 and APPID ,Normal,Benign,Benign,None
{2FD08A73-D1F1-43EB-B888-24C2496F95FD},Normal,Benign,Benign,None
 to the user DESKTOP-56DUI1B\ansible SID (S-1-5-21-3046995883-4109464133-1538160033-1003) from address LocalHost (Using LRPC) running in the application container Unavailable SID (Unavailable). This security permission can be modified using the Component Services administrative tool.",Normal,Benign,Benign,
7/3/2021 11:04:18 AM,ESENT,455,Logging/Recovery,"svchost (20720,R,98) TILEREPOSITORYS-1-5-18: Error -1023 (0xfffffc01) occurred while opening logfile C:\WINDOWS\system32\config\systemprofile\AppData\Local\TileDataLayer\Database\EDB.log.",Normal,Benign,Benign,
7/3/2021 11:04:17 AM,Microsoft-Windows-DistributedCOM,10016,,"The application-specific permission settings do not grant Local Activation permission for the COM Server application with CLSID ,Normal,Benign,Benign,None
{BCBB9860-C012-4AD7-A938-6E337AE6ABA5},Normal,Benign,Benign,None
 and APPID ,Normal,Benign,Benign,None
{2FD08A73-D1F1-43EB-B888-24C2496F95FD},Normal,Benign,Benign,None
 to the user DESKTOP-56DUI1B\ansible SID (S-1-5-21-3046995883-4109464133-1538160033-1003) from address LocalHost (Using LRPC) running in the application container Unavailable SID (Unavailable). This security permission can be modified using the Component Services administrative tool.",Normal,Benign,Benign,
7/3/2021 11:03:00 AM,Microsoft-Windows-DistributedCOM,10016,,"The application-specific permission settings do not grant Local Activation permission for the COM Server application with CLSID ,Normal,Benign,Benign,None
{2593F8B9-4EAF-457C-B68A-50F6B8EA6B54},Normal,Benign,Benign,None
 and APPID ,Normal,Benign,Benign,None
{15C20B67-12E7-4BB6-92BB-7AFF07997402},Normal,Benign,Benign,None
 to the user DESKTOP-56DUI1B\ansible SID (S-1-5-21-3046995883-4109464133-1538160033-1003) from address LocalHost (Using LRPC) running in the application container Unavailable SID (Unavailable). This security permission can be modified using the Component Services administrative tool.",Normal,Benign,Benign,
7/3/2021 11:02:46 AM,Microsoft-Windows-DistributedCOM,10016,,"The application-specific permission settings do not grant Local Activation permission for the COM Server application with CLSID ,Normal,Benign,Benign,None
{228826AF-02E1-4226-A9E0-99A855E455A6},Normal,Benign,Benign,None
 and APPID ,Normal,Benign,Benign,None
{2FD08A73-D1F1-43EB-B888-24C2496F95FD},Normal,Benign,Benign,None
 to the user DESKTOP-56DUI1B\ansible SID (S-1-5-21-3046995883-4109464133-1538160033-1003) from address LocalHost (Using LRPC) running in the application container Unavailable SID (Unavailable). This security permission can be modified using the Component Services administrative tool.",Normal,Benign,Benign,
7/3/2021 11:02:46 AM,Microsoft-Windows-DistributedCOM,10016,,"The application-specific permission settings do not grant Local Activation permission for the COM Server application with CLSID ,Normal,Benign,Benign,None
{228826AF-02E1-4226-A9E0-99A855E455A6},Normal,Benign,Benign,None
 and APPID ,Normal,Benign,Benign,None
{2FD08A73-D1F1-43EB-B888-24C2496F95FD},Normal,Benign,Benign,None
 to the user DESKTOP-56DUI1B\ansible SID (S-1-5-21-3046995883-4109464133-1538160033-1003) from address LocalHost (Using LRPC) running in the application container Unavailable SID (Unavailable). This security permission can be modified using the Component Services administrative tool.",Normal,Benign,Benign,
7/3/2021 11:02:45 AM,Microsoft-Windows-DistributedCOM,10016,,"The application-specific permission settings do not grant Local Activation permission for the COM Server application with CLSID ,Normal,Benign,Benign,None
{3480A401-BDE9-4407-BC02-798A866AC051},Normal,Benign,Benign,None
 and APPID ,Normal,Benign,Benign,None
{30AD8C8E-AE85-42FA-B9E8-7E99E3DFBFC5},Normal,Benign,Benign,None
 to the user DESKTOP-56DUI1B\ansible SID (S-1-5-21-3046995883-4109464133-1538160033-1003) from address LocalHost (Using LRPC) running in the application container Unavailable SID (Unavailable). This security permission can be modified using the Component Services administrative tool.",Normal,Benign,Benign,
7/3/2021 11:02:45 AM,Microsoft-Windows-DistributedCOM,10016,,"The application-specific permission settings do not grant Local Activation permission for the COM Server application with CLSID ,Normal,Benign,Benign,None
{3480A401-BDE9-4407-BC02-798A866AC051},Normal,Benign,Benign,None
 and APPID ,Normal,Benign,Benign,None
{30AD8C8E-AE85-42FA-B9E8-7E99E3DFBFC5},Normal,Benign,Benign,None
 to the user DESKTOP-56DUI1B\ansible SID (S-1-5-21-3046995883-4109464133-1538160033-1003) from address LocalHost (Using LRPC) running in the application container Unavailable SID (Unavailable). This security permission can be modified using the Component Services administrative tool.",Normal,Benign,Benign,
7/3/2021 11:02:45 AM,Microsoft-Windows-DistributedCOM,10016,,"The application-specific permission settings do not grant Local Activation permission for the COM Server application with CLSID ,Normal,Benign,Benign,None
{3480A401-BDE9-4407-BC02-798A866AC051},Normal,Benign,Benign,None
 and APPID ,Normal,Benign,Benign,None
{30AD8C8E-AE85-42FA-B9E8-7E99E3DFBFC5},Normal,Benign,Benign,None
 to the user DESKTOP-56DUI1B\ansible SID (S-1-5-21-3046995883-4109464133-1538160033-1003) from address LocalHost (Using LRPC) running in the application container Unavailable SID (Unavailable). This security permission can be modified using the Component Services administrative tool.",Normal,Benign,Benign,
7/3/2021 11:02:28 AM,Microsoft-Windows-DistributedCOM,10016,,"The application-specific permission settings do not grant Local Activation permission for the COM Server application with CLSID ,Normal,Benign,Benign,None
{3480A401-BDE9-4407-BC02-798A866AC051},Normal,Benign,Benign,None
 and APPID ,Normal,Benign,Benign,None
{30AD8C8E-AE85-42FA-B9E8-7E99E3DFBFC5},Normal,Benign,Benign,None
 to the user DESKTOP-56DUI1B\ansible SID (S-1-5-21-3046995883-4109464133-1538160033-1003) from address LocalHost (Using LRPC) running in the application container Unavailable SID (Unavailable). This security permission can be modified using the Component Services administrative tool.",Normal,Benign,Benign,
7/3/2021 10:56:20 AM,ESENT,455,Logging/Recovery,"svchost (7756,R,98) TILEREPOSITORYS-1-5-18: Error -1023 (0xfffffc01) occurred while opening logfile C:\WINDOWS\system32\config\systemprofile\AppData\Local\TileDataLayer\Database\EDB.log.",Normal,Benign,Benign,
7/3/2021 10:36:20 AM,ESENT,455,Logging/Recovery,"svchost (6000,R,98) TILEREPOSITORYS-1-5-18: Error -1023 (0xfffffc01) occurred while opening logfile C:\WINDOWS\system32\config\systemprofile\AppData\Local\TileDataLayer\Database\EDB.log.",Normal,Benign,Benign,
7/3/2021 10:21:20 AM,ESENT,455,Logging/Recovery,"svchost (21156,R,98) TILEREPOSITORYS-1-5-18: Error -1023 (0xfffffc01) occurred while opening logfile C:\WINDOWS\system32\config\systemprofile\AppData\Local\TileDataLayer\Database\EDB.log.",Normal,Benign,Benign,
7/3/2021 10:04:18 AM,ESENT,455,Logging/Recovery,"svchost (22548,R,98) TILEREPOSITORYS-1-5-18: Error -1023 (0xfffffc01) occurred while opening logfile C:\WINDOWS\system32\config\systemprofile\AppData\Local\TileDataLayer\Database\EDB.log.",Normal,Benign,Benign,
7/3/2021 9:51:21 AM,ESENT,455,Logging/Recovery,"svchost (23328,R,98) TILEREPOSITORYS-1-5-18: Error -1023 (0xfffffc01) occurred while opening logfile C:\WINDOWS\system32\config\systemprofile\AppData\Local\TileDataLayer\Database\EDB.log.",Normal,Benign,Benign,
7/3/2021 9:41:20 AM,ESENT,455,Logging/Recovery,"svchost (23388,R,98) TILEREPOSITORYS-1-5-18: Error -1023 (0xfffffc01) occurred while opening logfile C:\WINDOWS\system32\config\systemprofile\AppData\Local\TileDataLayer\Database\EDB.log.",Normal,Benign,Benign,
7/3/2021 9:21:20 AM,ESENT,455,Logging/Recovery,"svchost (18012,R,98) TILEREPOSITORYS-1-5-18: Error -1023 (0xfffffc01) occurred while opening logfile C:\WINDOWS\system32\config\systemprofile\AppData\Local\TileDataLayer\Database\EDB.log.",Normal,Benign,Benign,
7/3/2021 9:04:18 AM,ESENT,455,Logging/Recovery,"svchost (24436,R,98) TILEREPOSITORYS-1-5-18: Error -1023 (0xfffffc01) occurred while opening logfile C:\WINDOWS\system32\config\systemprofile\AppData\Local\TileDataLayer\Database\EDB.log.",Normal,Benign,Benign,
7/3/2021 8:51:21 AM,ESENT,455,Logging/Recovery,"svchost (21584,R,98) TILEREPOSITORYS-1-5-18: Error -1023 (0xfffffc01) occurred while opening logfile C:\WINDOWS\system32\config\systemprofile\AppData\Local\TileDataLayer\Database\EDB.log.",Normal,Benign,Benign,
7/3/2021 8:41:20 AM,ESENT,455,Logging/Recovery,"svchost (23356,R,98) TILEREPOSITORYS-1-5-18: Error -1023 (0xfffffc01) occurred while opening logfile C:\WINDOWS\system32\config\systemprofile\AppData\Local\TileDataLayer\Database\EDB.log.",Normal,Benign,Benign,
7/3/2021 8:21:20 AM,ESENT,455,Logging/Recovery,"svchost (20848,R,98) TILEREPOSITORYS-1-5-18: Error -1023 (0xfffffc01) occurred while opening logfile C:\WINDOWS\system32\config\systemprofile\AppData\Local\TileDataLayer\Database\EDB.log.",Normal,Benign,Benign,
7/3/2021 8:04:18 AM,ESENT,455,Logging/Recovery,"svchost (7532,R,98) TILEREPOSITORYS-1-5-18: Error -1023 (0xfffffc01) occurred while opening logfile C:\WINDOWS\system32\config\systemprofile\AppData\Local\TileDataLayer\Database\EDB.log.",Normal,Benign,Benign,
7/3/2021 7:36:20 AM,ESENT,455,Logging/Recovery,"svchost (19212,R,98) TILEREPOSITORYS-1-5-18: Error -1023 (0xfffffc01) occurred while opening logfile C:\WINDOWS\system32\config\systemprofile\AppData\Local\TileDataLayer\Database\EDB.log.",Normal,Benign,Benign,
7/3/2021 7:21:20 AM,ESENT,455,Logging/Recovery,"svchost (11608,R,98) TILEREPOSITORYS-1-5-18: Error -1023 (0xfffffc01) occurred while opening logfile C:\WINDOWS\system32\config\systemprofile\AppData\Local\TileDataLayer\Database\EDB.log.",Normal,Benign,Benign,
7/3/2021 7:04:18 AM,ESENT,455,Logging/Recovery,"svchost (18996,R,98) TILEREPOSITORYS-1-5-18: Error -1023 (0xfffffc01) occurred while opening logfile C:\WINDOWS\system32\config\systemprofile\AppData\Local\TileDataLayer\Database\EDB.log.",Normal,Benign,Benign,
7/3/2021 6:51:21 AM,ESENT,455,Logging/Recovery,"svchost (15320,R,98) TILEREPOSITORYS-1-5-18: Error -1023 (0xfffffc01) occurred while opening logfile C:\WINDOWS\system32\config\systemprofile\AppData\Local\TileDataLayer\Database\EDB.log.",Normal,Benign,Benign,
7/3/2021 6:36:20 AM,ESENT,455,Logging/Recovery,"svchost (14360,R,98) TILEREPOSITORYS-1-5-18: Error -1023 (0xfffffc01) occurred while opening logfile C:\WINDOWS\system32\config\systemprofile\AppData\Local\TileDataLayer\Database\EDB.log.",Normal,Benign,Benign,
7/3/2021 6:21:20 AM,ESENT,455,Logging/Recovery,"svchost (20992,R,98) TILEREPOSITORYS-1-5-18: Error -1023 (0xfffffc01) occurred while opening logfile C:\WINDOWS\system32\config\systemprofile\AppData\Local\TileDataLayer\Database\EDB.log.",Normal,Benign,Benign,
7/3/2021 6:04:18 AM,ESENT,455,Logging/Recovery,"svchost (24060,R,98) TILEREPOSITORYS-1-5-18: Error -1023 (0xfffffc01) occurred while opening logfile C:\WINDOWS\system32\config\systemprofile\AppData\Local\TileDataLayer\Database\EDB.log.",Normal,Benign,Benign,
7/3/2021 5:51:20 AM,ESENT,455,Logging/Recovery,"svchost (8104,R,98) TILEREPOSITORYS-1-5-18: Error -1023 (0xfffffc01) occurred while opening logfile C:\WINDOWS\system32\config\systemprofile\AppData\Local\TileDataLayer\Database\EDB.log.",Normal,Benign,Benign,
7/3/2021 5:41:23 AM,ESENT,455,Logging/Recovery,"svchost (18428,R,98) TILEREPOSITORYS-1-5-18: Error -1023 (0xfffffc01) occurred while opening logfile C:\WINDOWS\system32\config\systemprofile\AppData\Local\TileDataLayer\Database\EDB.log.",Normal,Benign,Benign,
7/3/2021 5:36:20 AM,ESENT,455,Logging/Recovery,"svchost (20496,R,98) TILEREPOSITORYS-1-5-18: Error -1023 (0xfffffc01) occurred while opening logfile C:\WINDOWS\system32\config\systemprofile\AppData\Local\TileDataLayer\Database\EDB.log.",Normal,Benign,Benign,
7/3/2021 5:21:20 AM,ESENT,455,Logging/Recovery,"svchost (18772,R,98) TILEREPOSITORYS-1-5-18: Error -1023 (0xfffffc01) occurred while opening logfile C:\WINDOWS\system32\config\systemprofile\AppData\Local\TileDataLayer\Database\EDB.log.",Normal,Benign,Benign,
7/3/2021 5:04:18 AM,ESENT,455,Logging/Recovery,"svchost (18540,R,98) TILEREPOSITORYS-1-5-18: Error -1023 (0xfffffc01) occurred while opening logfile C:\WINDOWS\system32\config\systemprofile\AppData\Local\TileDataLayer\Database\EDB.log.",Normal,Benign,Benign,
7/3/2021 4:56:20 AM,ESENT,455,Logging/Recovery,"svchost (12340,R,98) TILEREPOSITORYS-1-5-18: Error -1023 (0xfffffc01) occurred while opening logfile C:\WINDOWS\system32\config\systemprofile\AppData\Local\TileDataLayer\Database\EDB.log.",Normal,Benign,Benign,
7/3/2021 4:36:20 AM,ESENT,455,Logging/Recovery,"svchost (22384,R,98) TILEREPOSITORYS-1-5-18: Error -1023 (0xfffffc01) occurred while opening logfile C:\WINDOWS\system32\config\systemprofile\AppData\Local\TileDataLayer\Database\EDB.log.",Normal,Benign,Benign,
7/3/2021 4:21:20 AM,ESENT,455,Logging/Recovery,"svchost (21800,R,98) TILEREPOSITORYS-1-5-18: Error -1023 (0xfffffc01) occurred while opening logfile C:\WINDOWS\system32\config\systemprofile\AppData\Local\TileDataLayer\Database\EDB.log.",Normal,Benign,Benign,
7/3/2021 4:15:17 AM,ESENT,455,Logging/Recovery,"svchost (18012,R,98) TILEREPOSITORYS-1-5-18: Error -1023 (0xfffffc01) occurred while opening logfile C:\WINDOWS\system32\config\systemprofile\AppData\Local\TileDataLayer\Database\EDB.log.",Normal,Benign,Benign,
7/3/2021 4:04:18 AM,ESENT,455,Logging/Recovery,"svchost (23496,R,98) TILEREPOSITORYS-1-5-18: Error -1023 (0xfffffc01) occurred while opening logfile C:\WINDOWS\system32\config\systemprofile\AppData\Local\TileDataLayer\Database\EDB.log.",Normal,Benign,Benign,
7/3/2021 3:36:20 AM,ESENT,455,Logging/Recovery,"svchost (18192,R,98) TILEREPOSITORYS-1-5-18: Error -1023 (0xfffffc01) occurred while opening logfile C:\WINDOWS\system32\config\systemprofile\AppData\Local\TileDataLayer\Database\EDB.log.",Normal,Benign,Benign,
7/3/2021 3:21:20 AM,ESENT,455,Logging/Recovery,"svchost (23248,R,98) TILEREPOSITORYS-1-5-18: Error -1023 (0xfffffc01) occurred while opening logfile C:\WINDOWS\system32\config\systemprofile\AppData\Local\TileDataLayer\Database\EDB.log.",Normal,Benign,Benign,
7/3/2021 3:04:18 AM,ESENT,455,Logging/Recovery,"svchost (15228,R,98) TILEREPOSITORYS-1-5-18: Error -1023 (0xfffffc01) occurred while opening logfile C:\WINDOWS\system32\config\systemprofile\AppData\Local\TileDataLayer\Database\EDB.log.",Normal,Benign,Benign,
7/3/2021 2:51:24 AM,ESENT,455,Logging/Recovery,"svchost (23348,R,98) TILEREPOSITORYS-1-5-18: Error -1023 (0xfffffc01) occurred while opening logfile C:\WINDOWS\system32\config\systemprofile\AppData\Local\TileDataLayer\Database\EDB.log.",Normal,Benign,Benign,
7/3/2021 2:41:19 AM,ESENT,455,Logging/Recovery,"svchost (22920,R,98) TILEREPOSITORYS-1-5-18: Error -1023 (0xfffffc01) occurred while opening logfile C:\WINDOWS\system32\config\systemprofile\AppData\Local\TileDataLayer\Database\EDB.log.",Normal,Benign,Benign,
7/3/2021 2:21:19 AM,ESENT,455,Logging/Recovery,"svchost (10560,R,98) TILEREPOSITORYS-1-5-18: Error -1023 (0xfffffc01) occurred while opening logfile C:\WINDOWS\system32\config\systemprofile\AppData\Local\TileDataLayer\Database\EDB.log.",Normal,Benign,Benign,
7/3/2021 2:15:17 AM,ESENT,455,Logging/Recovery,"svchost (2108,R,98) TILEREPOSITORYS-1-5-18: Error -1023 (0xfffffc01) occurred while opening logfile C:\WINDOWS\system32\config\systemprofile\AppData\Local\TileDataLayer\Database\EDB.log.",Normal,Benign,Benign,
7/3/2021 2:07:33 AM,ESENT,455,Logging/Recovery,"svchost (18276,R,98) TILEREPOSITORYS-1-5-18: Error -1023 (0xfffffc01) occurred while opening logfile C:\WINDOWS\system32\config\systemprofile\AppData\Local\TileDataLayer\Database\EDB.log.",Normal,Benign,Benign,
7/3/2021 1:56:19 AM,ESENT,455,Logging/Recovery,"svchost (12900,R,98) TILEREPOSITORYS-1-5-18: Error -1023 (0xfffffc01) occurred while opening logfile C:\WINDOWS\system32\config\systemprofile\AppData\Local\TileDataLayer\Database\EDB.log.",Normal,Benign,Benign,
7/3/2021 1:41:19 AM,ESENT,455,Logging/Recovery,"svchost (2480,R,98) TILEREPOSITORYS-1-5-18: Error -1023 (0xfffffc01) occurred while opening logfile C:\WINDOWS\system32\config\systemprofile\AppData\Local\TileDataLayer\Database\EDB.log.",Normal,Benign,Benign,
7/3/2021 1:21:19 AM,ESENT,455,Logging/Recovery,"svchost (14400,R,98) TILEREPOSITORYS-1-5-18: Error -1023 (0xfffffc01) occurred while opening logfile C:\WINDOWS\system32\config\systemprofile\AppData\Local\TileDataLayer\Database\EDB.log.",Normal,Benign,Benign,
7/3/2021 1:04:18 AM,ESENT,455,Logging/Recovery,"svchost (19192,R,98) TILEREPOSITORYS-1-5-18: Error -1023 (0xfffffc01) occurred while opening logfile C:\WINDOWS\system32\config\systemprofile\AppData\Local\TileDataLayer\Database\EDB.log.",Normal,Benign,Benign,
7/3/2021 12:51:20 AM,ESENT,455,Logging/Recovery,"svchost (21236,R,98) TILEREPOSITORYS-1-5-18: Error -1023 (0xfffffc01) occurred while opening logfile C:\WINDOWS\system32\config\systemprofile\AppData\Local\TileDataLayer\Database\EDB.log.",Normal,Benign,Benign,
7/3/2021 12:36:19 AM,ESENT,455,Logging/Recovery,"svchost (24284,R,98) TILEREPOSITORYS-1-5-18: Error -1023 (0xfffffc01) occurred while opening logfile C:\WINDOWS\system32\config\systemprofile\AppData\Local\TileDataLayer\Database\EDB.log.",Normal,Benign,Benign,
7/3/2021 12:21:19 AM,ESENT,455,Logging/Recovery,"svchost (16984,R,98) TILEREPOSITORYS-1-5-18: Error -1023 (0xfffffc01) occurred while opening logfile C:\WINDOWS\system32\config\systemprofile\AppData\Local\TileDataLayer\Database\EDB.log.",Normal,Benign,Benign,
7/3/2021 12:04:18 AM,ESENT,455,Logging/Recovery,"svchost (15212,R,98) TILEREPOSITORYS-1-5-18: Error -1023 (0xfffffc01) occurred while opening logfile C:\WINDOWS\system32\config\systemprofile\AppData\Local\TileDataLayer\Database\EDB.log.",Normal,Benign,Benign,
7/2/2021 11:21:19 PM,ESENT,455,Logging/Recovery,"svchost (23708,R,98) TILEREPOSITORYS-1-5-18: Error -1023 (0xfffffc01) occurred while opening logfile C:\WINDOWS\system32\config\systemprofile\AppData\Local\TileDataLayer\Database\EDB.log.",Normal,Benign,Benign,
7/2/2021 11:04:18 PM,ESENT,455,Logging/Recovery,"svchost (15604,R,98) TILEREPOSITORYS-1-5-18: Error -1023 (0xfffffc01) occurred while opening logfile C:\WINDOWS\system32\config\systemprofile\AppData\Local\TileDataLayer\Database\EDB.log.",Normal,Benign,Benign,
7/2/2021 10:56:19 PM,ESENT,455,Logging/Recovery,"svchost (23436,R,98) TILEREPOSITORYS-1-5-18: Error -1023 (0xfffffc01) occurred while opening logfile C:\WINDOWS\system32\config\systemprofile\AppData\Local\TileDataLayer\Database\EDB.log.",Normal,Benign,Benign,
7/2/2021 10:36:19 PM,ESENT,455,Logging/Recovery,"svchost (23048,R,98) TILEREPOSITORYS-1-5-18: Error -1023 (0xfffffc01) occurred while opening logfile C:\WINDOWS\system32\config\systemprofile\AppData\Local\TileDataLayer\Database\EDB.log.",Normal,Benign,Benign,
7/2/2021 10:21:19 PM,ESENT,455,Logging/Recovery,"svchost (7528,R,98) TILEREPOSITORYS-1-5-18: Error -1023 (0xfffffc01) occurred while opening logfile C:\WINDOWS\system32\config\systemprofile\AppData\Local\TileDataLayer\Database\EDB.log.",Normal,Benign,Benign,
7/2/2021 10:04:18 PM,ESENT,455,Logging/Recovery,"svchost (15140,R,98) TILEREPOSITORYS-1-5-18: Error -1023 (0xfffffc01) occurred while opening logfile C:\WINDOWS\system32\config\systemprofile\AppData\Local\TileDataLayer\Database\EDB.log.",Normal,Benign,Benign,
7/2/2021 9:51:19 PM,ESENT,455,Logging/Recovery,"svchost (13844,R,98) TILEREPOSITORYS-1-5-18: Error -1023 (0xfffffc01) occurred while opening logfile C:\WINDOWS\system32\config\systemprofile\AppData\Local\TileDataLayer\Database\EDB.log.",Normal,Benign,Benign,
7/2/2021 9:41:19 PM,ESENT,455,Logging/Recovery,"svchost (1044,R,98) TILEREPOSITORYS-1-5-18: Error -1023 (0xfffffc01) occurred while opening logfile C:\WINDOWS\system32\config\systemprofile\AppData\Local\TileDataLayer\Database\EDB.log.",Normal,Benign,Benign,
7/2/2021 9:21:19 PM,ESENT,455,Logging/Recovery,"svchost (23972,R,98) TILEREPOSITORYS-1-5-18: Error -1023 (0xfffffc01) occurred while opening logfile C:\WINDOWS\system32\config\systemprofile\AppData\Local\TileDataLayer\Database\EDB.log.",Normal,Benign,Benign,
7/2/2021 9:11:19 PM,ESENT,455,Logging/Recovery,"svchost (16912,R,98) TILEREPOSITORYS-1-5-18: Error -1023 (0xfffffc01) occurred while opening logfile C:\WINDOWS\system32\config\systemprofile\AppData\Local\TileDataLayer\Database\EDB.log.",Normal,Benign,Benign,
7/2/2021 9:04:17 PM,ESENT,455,Logging/Recovery,"svchost (22920,R,98) TILEREPOSITORYS-1-5-18: Error -1023 (0xfffffc01) occurred while opening logfile C:\WINDOWS\system32\config\systemprofile\AppData\Local\TileDataLayer\Database\EDB.log.",Normal,Benign,Benign,
7/2/2021 8:51:20 PM,ESENT,455,Logging/Recovery,"svchost (16664,R,98) TILEREPOSITORYS-1-5-18: Error -1023 (0xfffffc01) occurred while opening logfile C:\WINDOWS\system32\config\systemprofile\AppData\Local\TileDataLayer\Database\EDB.log.",Normal,Benign,Benign,
7/2/2021 8:41:19 PM,ESENT,455,Logging/Recovery,"svchost (14808,R,98) TILEREPOSITORYS-1-5-18: Error -1023 (0xfffffc01) occurred while opening logfile C:\WINDOWS\system32\config\systemprofile\AppData\Local\TileDataLayer\Database\EDB.log.",Normal,Benign,Benign,
7/2/2021 8:21:19 PM,ESENT,455,Logging/Recovery,"svchost (17404,R,98) TILEREPOSITORYS-1-5-18: Error -1023 (0xfffffc01) occurred while opening logfile C:\WINDOWS\system32\config\systemprofile\AppData\Local\TileDataLayer\Database\EDB.log.",Normal,Benign,Benign,
7/2/2021 8:04:17 PM,ESENT,455,Logging/Recovery,"svchost (21112,R,98) TILEREPOSITORYS-1-5-18: Error -1023 (0xfffffc01) occurred while opening logfile C:\WINDOWS\system32\config\systemprofile\AppData\Local\TileDataLayer\Database\EDB.log.",Normal,Benign,Benign,
7/2/2021 7:36:19 PM,ESENT,455,Logging/Recovery,"svchost (22592,R,98) TILEREPOSITORYS-1-5-18: Error -1023 (0xfffffc01) occurred while opening logfile C:\WINDOWS\system32\config\systemprofile\AppData\Local\TileDataLayer\Database\EDB.log.",Normal,Benign,Benign,
7/2/2021 7:21:19 PM,ESENT,455,Logging/Recovery,"svchost (19560,R,98) TILEREPOSITORYS-1-5-18: Error -1023 (0xfffffc01) occurred while opening logfile C:\WINDOWS\system32\config\systemprofile\AppData\Local\TileDataLayer\Database\EDB.log.",Normal,Benign,Benign,
7/2/2021 7:09:31 PM,ESENT,455,Logging/Recovery,"svchost (6560,R,98) TILEREPOSITORYS-1-5-18: Error -1023 (0xfffffc01) occurred while opening logfile C:\WINDOWS\system32\config\systemprofile\AppData\Local\TileDataLayer\Database\EDB.log.",Normal,Benign,Benign,
7/2/2021 6:51:19 PM,ESENT,455,Logging/Recovery,"svchost (8968,R,98) TILEREPOSITORYS-1-5-18: Error -1023 (0xfffffc01) occurred while opening logfile C:\WINDOWS\system32\config\systemprofile\AppData\Local\TileDataLayer\Database\EDB.log.",Normal,Benign,Benign,
7/2/2021 6:36:19 PM,ESENT,455,Logging/Recovery,"svchost (23416,R,98) TILEREPOSITORYS-1-5-18: Error -1023 (0xfffffc01) occurred while opening logfile C:\WINDOWS\system32\config\systemprofile\AppData\Local\TileDataLayer\Database\EDB.log.",Normal,Benign,Benign,
7/2/2021 6:21:19 PM,ESENT,455,Logging/Recovery,"svchost (16500,R,98) TILEREPOSITORYS-1-5-18: Error -1023 (0xfffffc01) occurred while opening logfile C:\WINDOWS\system32\config\systemprofile\AppData\Local\TileDataLayer\Database\EDB.log.",Normal,Benign,Benign,
7/2/2021 6:04:17 PM,ESENT,455,Logging/Recovery,"svchost (22292,R,98) TILEREPOSITORYS-1-5-18: Error -1023 (0xfffffc01) occurred while opening logfile C:\WINDOWS\system32\config\systemprofile\AppData\Local\TileDataLayer\Database\EDB.log.",Normal,Benign,Benign,
7/2/2021 5:51:20 PM,ESENT,455,Logging/Recovery,"svchost (24180,R,98) TILEREPOSITORYS-1-5-18: Error -1023 (0xfffffc01) occurred while opening logfile C:\WINDOWS\system32\config\systemprofile\AppData\Local\TileDataLayer\Database\EDB.log.",Normal,Benign,Benign,
7/2/2021 5:41:19 PM,ESENT,455,Logging/Recovery,"svchost (14688,R,98) TILEREPOSITORYS-1-5-18: Error -1023 (0xfffffc01) occurred while opening logfile C:\WINDOWS\system32\config\systemprofile\AppData\Local\TileDataLayer\Database\EDB.log.",Normal,Benign,Benign,
7/2/2021 5:25:02 PM,Microsoft Office 12 Sessions,7003,,"ID: 0, Application Name: Microsoft Office Word, Application Version: 12.0.4518.1014, Microsoft Office Version: 12.0.4518.1014. This session was terminated unexpectedly.",Normal,Benign,Benign,
7/2/2021 5:24:57 PM,Microsoft Office 12 Sessions,7003,,"ID: 3, Application Name: Microsoft Office PowerPoint, Application Version: 12.0.4518.1014, Microsoft Office Version: 12.0.4518.1014. This session was terminated unexpectedly.",Normal,Benign,Benign,
7/2/2021 5:24:20 PM,Microsoft-Windows-DistributedCOM,10016,,"The application-specific permission settings do not grant Local Activation permission for the COM Server application with CLSID ,Normal,Benign,Benign,None
{228826AF-02E1-4226-A9E0-99A855E455A6},Normal,Benign,Benign,None
 and APPID ,Normal,Benign,Benign,None
{2FD08A73-D1F1-43EB-B888-24C2496F95FD},Normal,Benign,Benign,None
 to the user DESKTOP-56DUI1B\ansible SID (S-1-5-21-3046995883-4109464133-1538160033-1003) from address LocalHost (Using LRPC) running in the application container Unavailable SID (Unavailable). This security permission can be modified using the Component Services administrative tool.",Normal,Benign,Benign,
7/2/2021 5:24:20 PM,Microsoft-Windows-DistributedCOM,10016,,"The application-specific permission settings do not grant Local Activation permission for the COM Server application with CLSID ,Normal,Benign,Benign,None
{228826AF-02E1-4226-A9E0-99A855E455A6},Normal,Benign,Benign,None
 and APPID ,Normal,Benign,Benign,None
{2FD08A73-D1F1-43EB-B888-24C2496F95FD},Normal,Benign,Benign,None
 to the user DESKTOP-56DUI1B\ansible SID (S-1-5-21-3046995883-4109464133-1538160033-1003) from address LocalHost (Using LRPC) running in the application container Unavailable SID (Unavailable). This security permission can be modified using the Component Services administrative tool.",Normal,Benign,Benign,
7/2/2021 5:24:20 PM,Microsoft-Windows-DistributedCOM,10016,,"The application-specific permission settings do not grant Local Activation permission for the COM Server application with CLSID ,Normal,Benign,Benign,None
{228826AF-02E1-4226-A9E0-99A855E455A6},Normal,Benign,Benign,None
 and APPID ,Normal,Benign,Benign,None
{2FD08A73-D1F1-43EB-B888-24C2496F95FD},Normal,Benign,Benign,None
 to the user DESKTOP-56DUI1B\ansible SID (S-1-5-21-3046995883-4109464133-1538160033-1003) from address LocalHost (Using LRPC) running in the application container Unavailable SID (Unavailable). This security permission can be modified using the Component Services administrative tool.",Normal,Benign,Benign,
7/2/2021 5:24:20 PM,Microsoft-Windows-DistributedCOM,10016,,"The application-specific permission settings do not grant Local Activation permission for the COM Server application with CLSID ,Normal,Benign,Benign,None
{228826AF-02E1-4226-A9E0-99A855E455A6},Normal,Benign,Benign,None
 and APPID ,Normal,Benign,Benign,None
{2FD08A73-D1F1-43EB-B888-24C2496F95FD},Normal,Benign,Benign,None
 to the user DESKTOP-56DUI1B\ansible SID (S-1-5-21-3046995883-4109464133-1538160033-1003) from address LocalHost (Using LRPC) running in the application container Unavailable SID (Unavailable). This security permission can be modified using the Component Services administrative tool.",Normal,Benign,Benign,
7/2/2021 5:24:20 PM,Microsoft-Windows-DistributedCOM,10016,,"The application-specific permission settings do not grant Local Activation permission for the COM Server application with CLSID ,Normal,Benign,Benign,None
{2593F8B9-4EAF-457C-B68A-50F6B8EA6B54},Normal,Benign,Benign,None
 and APPID ,Normal,Benign,Benign,None
{15C20B67-12E7-4BB6-92BB-7AFF07997402},Normal,Benign,Benign,None
 to the user DESKTOP-56DUI1B\ansible SID (S-1-5-21-3046995883-4109464133-1538160033-1003) from address LocalHost (Using LRPC) running in the application container Unavailable SID (Unavailable). This security permission can be modified using the Component Services administrative tool.",Normal,Benign,Benign,
7/2/2021 5:24:20 PM,Microsoft-Windows-DistributedCOM,10016,,"The application-specific permission settings do not grant Local Activation permission for the COM Server application with CLSID ,Normal,Benign,Benign,None
{228826AF-02E1-4226-A9E0-99A855E455A6},Normal,Benign,Benign,None
 and APPID ,Normal,Benign,Benign,None
{2FD08A73-D1F1-43EB-B888-24C2496F95FD},Normal,Benign,Benign,None
 to the user DESKTOP-56DUI1B\ansible SID (S-1-5-21-3046995883-4109464133-1538160033-1003) from address LocalHost (Using LRPC) running in the application container Unavailable SID (Unavailable). This security permission can be modified using the Component Services administrative tool.",Normal,Benign,Benign,
7/2/2021 5:23:43 PM,Microsoft-Windows-DistributedCOM,10016,,"The application-specific permission settings do not grant Local Activation permission for the COM Server application with CLSID ,Normal,Benign,Benign,None
{228826AF-02E1-4226-A9E0-99A855E455A6},Normal,Benign,Benign,None
 and APPID ,Normal,Benign,Benign,None
{2FD08A73-D1F1-43EB-B888-24C2496F95FD},Normal,Benign,Benign,None
 to the user DESKTOP-56DUI1B\ansible SID (S-1-5-21-3046995883-4109464133-1538160033-1003) from address LocalHost (Using LRPC) running in the application container Unavailable SID (Unavailable). This security permission can be modified using the Component Services administrative tool.",Normal,Benign,Benign,
7/2/2021 5:23:43 PM,Microsoft-Windows-DistributedCOM,10016,,"The application-specific permission settings do not grant Local Activation permission for the COM Server application with CLSID ,Normal,Benign,Benign,None
{228826AF-02E1-4226-A9E0-99A855E455A6},Normal,Benign,Benign,None
 and APPID ,Normal,Benign,Benign,None
{2FD08A73-D1F1-43EB-B888-24C2496F95FD},Normal,Benign,Benign,None
 to the user DESKTOP-56DUI1B\ansible SID (S-1-5-21-3046995883-4109464133-1538160033-1003) from address LocalHost (Using LRPC) running in the application container Unavailable SID (Unavailable). This security permission can be modified using the Component Services administrative tool.",Normal,Benign,Benign,
7/2/2021 5:23:43 PM,Microsoft-Windows-DistributedCOM,10016,,"The application-specific permission settings do not grant Local Activation permission for the COM Server application with CLSID ,Normal,Benign,Benign,None
{228826AF-02E1-4226-A9E0-99A855E455A6},Normal,Benign,Benign,None
 and APPID ,Normal,Benign,Benign,None
{2FD08A73-D1F1-43EB-B888-24C2496F95FD},Normal,Benign,Benign,None
 to the user DESKTOP-56DUI1B\ansible SID (S-1-5-21-3046995883-4109464133-1538160033-1003) from address LocalHost (Using LRPC) running in the application container Unavailable SID (Unavailable). This security permission can be modified using the Component Services administrative tool.",Normal,Benign,Benign,
7/2/2021 5:23:42 PM,Microsoft-Windows-DistributedCOM,10016,,"The application-specific permission settings do not grant Local Activation permission for the COM Server application with CLSID ,Normal,Benign,Benign,None
{228826AF-02E1-4226-A9E0-99A855E455A6},Normal,Benign,Benign,None
 and APPID ,Normal,Benign,Benign,None
{2FD08A73-D1F1-43EB-B888-24C2496F95FD},Normal,Benign,Benign,None
 to the user DESKTOP-56DUI1B\ansible SID (S-1-5-21-3046995883-4109464133-1538160033-1003) from address LocalHost (Using LRPC) running in the application container Unavailable SID (Unavailable). This security permission can be modified using the Component Services administrative tool.",Normal,Benign,Benign,
7/2/2021 5:23:42 PM,Microsoft-Windows-DistributedCOM,10016,,"The application-specific permission settings do not grant Local Activation permission for the COM Server application with CLSID ,Normal,Benign,Benign,None
{228826AF-02E1-4226-A9E0-99A855E455A6},Normal,Benign,Benign,None
 and APPID ,Normal,Benign,Benign,None
{2FD08A73-D1F1-43EB-B888-24C2496F95FD},Normal,Benign,Benign,None
 to the user DESKTOP-56DUI1B\ansible SID (S-1-5-21-3046995883-4109464133-1538160033-1003) from address LocalHost (Using LRPC) running in the application container Unavailable SID (Unavailable). This security permission can be modified using the Component Services administrative tool.",Normal,Benign,Benign,
7/2/2021 5:23:42 PM,Microsoft-Windows-DistributedCOM,10016,,"The application-specific permission settings do not grant Local Activation permission for the COM Server application with CLSID ,Normal,Benign,Benign,None
{2593F8B9-4EAF-457C-B68A-50F6B8EA6B54},Normal,Benign,Benign,None
 and APPID ,Normal,Benign,Benign,None
{15C20B67-12E7-4BB6-92BB-7AFF07997402},Normal,Benign,Benign,None
 to the user DESKTOP-56DUI1B\ansible SID (S-1-5-21-3046995883-4109464133-1538160033-1003) from address LocalHost (Using LRPC) running in the application container Unavailable SID (Unavailable). This security permission can be modified using the Component Services administrative tool.",Normal,Benign,Benign,
7/2/2021 5:22:54 PM,Microsoft-Windows-DistributedCOM,10016,,"The application-specific permission settings do not grant Local Activation permission for the COM Server application with CLSID ,Normal,Benign,Benign,None
{228826AF-02E1-4226-A9E0-99A855E455A6},Normal,Benign,Benign,None
 and APPID ,Normal,Benign,Benign,None
{2FD08A73-D1F1-43EB-B888-24C2496F95FD},Normal,Benign,Benign,None
 to the user DESKTOP-56DUI1B\ansible SID (S-1-5-21-3046995883-4109464133-1538160033-1003) from address LocalHost (Using LRPC) running in the application container Unavailable SID (Unavailable). This security permission can be modified using the Component Services administrative tool.",Normal,Benign,Benign,
7/2/2021 5:22:54 PM,Microsoft-Windows-DistributedCOM,10016,,"The application-specific permission settings do not grant Local Activation permission for the COM Server application with CLSID ,Normal,Benign,Benign,None
{228826AF-02E1-4226-A9E0-99A855E455A6},Normal,Benign,Benign,None
 and APPID ,Normal,Benign,Benign,None
{2FD08A73-D1F1-43EB-B888-24C2496F95FD},Normal,Benign,Benign,None
 to the user DESKTOP-56DUI1B\ansible SID (S-1-5-21-3046995883-4109464133-1538160033-1003) from address LocalHost (Using LRPC) running in the application container Unavailable SID (Unavailable). This security permission can be modified using the Component Services administrative tool.",Normal,Benign,Benign,
7/2/2021 5:22:54 PM,Microsoft-Windows-DistributedCOM,10016,,"The application-specific permission settings do not grant Local Activation permission for the COM Server application with CLSID ,Normal,Benign,Benign,None
{228826AF-02E1-4226-A9E0-99A855E455A6},Normal,Benign,Benign,None
 and APPID ,Normal,Benign,Benign,None
{2FD08A73-D1F1-43EB-B888-24C2496F95FD},Normal,Benign,Benign,None
 to the user DESKTOP-56DUI1B\ansible SID (S-1-5-21-3046995883-4109464133-1538160033-1003) from address LocalHost (Using LRPC) running in the application container Unavailable SID (Unavailable). This security permission can be modified using the Component Services administrative tool.",Normal,Benign,Benign,
7/2/2021 5:22:54 PM,Microsoft-Windows-DistributedCOM,10016,,"The application-specific permission settings do not grant Local Activation permission for the COM Server application with CLSID ,Normal,Benign,Benign,None
{2593F8B9-4EAF-457C-B68A-50F6B8EA6B54},Normal,Benign,Benign,None
 and APPID ,Normal,Benign,Benign,None
{15C20B67-12E7-4BB6-92BB-7AFF07997402},Normal,Benign,Benign,None
 to the user DESKTOP-56DUI1B\ansible SID (S-1-5-21-3046995883-4109464133-1538160033-1003) from address LocalHost (Using LRPC) running in the application container Unavailable SID (Unavailable). This security permission can be modified using the Component Services administrative tool.",Normal,Benign,Benign,
7/2/2021 5:22:54 PM,Microsoft-Windows-DistributedCOM,10016,,"The application-specific permission settings do not grant Local Activation permission for the COM Server application with CLSID ,Normal,Benign,Benign,None
{228826AF-02E1-4226-A9E0-99A855E455A6},Normal,Benign,Benign,None
 and APPID ,Normal,Benign,Benign,None
{2FD08A73-D1F1-43EB-B888-24C2496F95FD},Normal,Benign,Benign,None
 to the user DESKTOP-56DUI1B\ansible SID (S-1-5-21-3046995883-4109464133-1538160033-1003) from address LocalHost (Using LRPC) running in the application container Unavailable SID (Unavailable). This security permission can be modified using the Component Services administrative tool.",Normal,Benign,Benign,
7/2/2021 5:22:54 PM,Microsoft-Windows-DistributedCOM,10016,,"The application-specific permission settings do not grant Local Activation permission for the COM Server application with CLSID ,Normal,Benign,Benign,None
{228826AF-02E1-4226-A9E0-99A855E455A6},Normal,Benign,Benign,None
 and APPID ,Normal,Benign,Benign,None
{2FD08A73-D1F1-43EB-B888-24C2496F95FD},Normal,Benign,Benign,None
 to the user DESKTOP-56DUI1B\ansible SID (S-1-5-21-3046995883-4109464133-1538160033-1003) from address LocalHost (Using LRPC) running in the application container Unavailable SID (Unavailable). This security permission can be modified using the Component Services administrative tool.",Normal,Benign,Benign,
7/2/2021 5:22:02 PM,Microsoft-Windows-DistributedCOM,10016,,"The application-specific permission settings do not grant Local Activation permission for the COM Server application with CLSID ,Normal,Benign,Benign,None
{228826AF-02E1-4226-A9E0-99A855E455A6},Normal,Benign,Benign,None
 and APPID ,Normal,Benign,Benign,None
{2FD08A73-D1F1-43EB-B888-24C2496F95FD},Normal,Benign,Benign,None
 to the user DESKTOP-56DUI1B\ansible SID (S-1-5-21-3046995883-4109464133-1538160033-1003) from address LocalHost (Using LRPC) running in the application container Unavailable SID (Unavailable). This security permission can be modified using the Component Services administrative tool.",Normal,Benign,Benign,
