7/14/2021 10:27:51 PM,Microsoft-Windows-Defrag,264,,The storage optimizer couldn't complete retrim on System Reserved because: The operation requested is not supported by the hardware backing the volume. (0x8900002A),Normal,Benign,Benign,
7/14/2021 10:27:51 PM,Microsoft-Windows-Defrag,264,,The storage optimizer couldn't complete retrim on (C:) because: The operation requested is not supported by the hardware backing the volume. (0x8900002A),Normal,Benign,Benign,
7/14/2021 10:20:13 PM,ESENT,455,Logging/Recovery,"svchost (5380,R,98) TILEREPOSITORYS-1-5-18: Error -1023 (0xfffffc01) occurred while opening logfile C:\WINDOWS\system32\config\systemprofile\AppData\Local\TileDataLayer\Database\EDB.log.",Normal,Benign,Benign,
7/14/2021 10:04:13 PM,ESENT,455,Logging/Recovery,"svchost (4820,R,98) TILEREPOSITORYS-1-5-18: Error -1023 (0xfffffc01) occurred while opening logfile C:\WINDOWS\system32\config\systemprofile\AppData\Local\TileDataLayer\Database\EDB.log.",Normal,Benign,Benign,
7/14/2021 9:50:13 PM,ESENT,455,Logging/Recovery,"svchost (8656,R,98) TILEREPOSITORYS-1-5-18: Error -1023 (0xfffffc01) occurred while opening logfile C:\WINDOWS\system32\config\systemprofile\AppData\Local\TileDataLayer\Database\EDB.log.",Normal,Benign,Benign,
7/14/2021 9:49:16 PM,Microsoft-Windows-Defrag,264,,The storage optimizer couldn't complete retrim on System Reserved because: The operation requested is not supported by the hardware backing the volume. (0x8900002A),Normal,Benign,Benign,
7/14/2021 9:34:13 PM,ESENT,455,Logging/Recovery,"svchost (7968,R,98) TILEREPOSITORYS-1-5-18: Error -1023 (0xfffffc01) occurred while opening logfile C:\WINDOWS\system32\config\systemprofile\AppData\Local\TileDataLayer\Database\EDB.log.",Normal,Benign,Benign,
7/14/2021 9:20:13 PM,ESENT,455,Logging/Recovery,"svchost (1516,R,98) TILEREPOSITORYS-1-5-18: Error -1023 (0xfffffc01) occurred while opening logfile C:\WINDOWS\system32\config\systemprofile\AppData\Local\TileDataLayer\Database\EDB.log.",Normal,Benign,Benign,
7/14/2021 9:10:13 PM,ESENT,455,Logging/Recovery,"svchost (3652,R,98) TILEREPOSITORYS-1-5-18: Error -1023 (0xfffffc01) occurred while opening logfile C:\WINDOWS\system32\config\systemprofile\AppData\Local\TileDataLayer\Database\EDB.log.",Normal,Benign,Benign,
7/14/2021 9:04:13 PM,ESENT,455,Logging/Recovery,"svchost (6776,R,98) TILEREPOSITORYS-1-5-18: Error -1023 (0xfffffc01) occurred while opening logfile C:\WINDOWS\system32\config\systemprofile\AppData\Local\TileDataLayer\Database\EDB.log.",Normal,Benign,Benign,
7/14/2021 8:50:13 PM,ESENT,455,Logging/Recovery,"svchost (6824,R,98) TILEREPOSITORYS-1-5-18: Error -1023 (0xfffffc01) occurred while opening logfile C:\WINDOWS\system32\config\systemprofile\AppData\Local\TileDataLayer\Database\EDB.log.",Normal,Benign,Benign,
7/14/2021 8:34:13 PM,ESENT,455,Logging/Recovery,"svchost (4948,R,98) TILEREPOSITORYS-1-5-18: Error -1023 (0xfffffc01) occurred while opening logfile C:\WINDOWS\system32\config\systemprofile\AppData\Local\TileDataLayer\Database\EDB.log.",Normal,Benign,Benign,
7/14/2021 8:20:13 PM,ESENT,455,Logging/Recovery,"svchost (1516,R,98) TILEREPOSITORYS-1-5-18: Error -1023 (0xfffffc01) occurred while opening logfile C:\WINDOWS\system32\config\systemprofile\AppData\Local\TileDataLayer\Database\EDB.log.",Normal,Benign,Benign,
7/14/2021 8:04:17 PM,ESENT,455,Logging/Recovery,"svchost (4492,R,98) TILEREPOSITORYS-1-5-18: Error -1023 (0xfffffc01) occurred while opening logfile C:\WINDOWS\system32\config\systemprofile\AppData\Local\TileDataLayer\Database\EDB.log.",Normal,Benign,Benign,
7/14/2021 7:54:56 PM,ESENT,455,Logging/Recovery,"svchost (6248,R,98) TILEREPOSITORYS-1-5-18: Error -1023 (0xfffffc01) occurred while opening logfile C:\WINDOWS\system32\config\systemprofile\AppData\Local\TileDataLayer\Database\EDB.log.",Normal,Benign,Benign,
7/14/2021 7:34:18 PM,ESENT,455,Logging/Recovery,"svchost (5080,R,98) TILEREPOSITORYS-1-5-18: Error -1023 (0xfffffc01) occurred while opening logfile C:\WINDOWS\system32\config\systemprofile\AppData\Local\TileDataLayer\Database\EDB.log.",Normal,Benign,Benign,
7/14/2021 7:20:18 PM,ESENT,455,Logging/Recovery,"svchost (5608,R,98) TILEREPOSITORYS-1-5-18: Error -1023 (0xfffffc01) occurred while opening logfile C:\WINDOWS\system32\config\systemprofile\AppData\Local\TileDataLayer\Database\EDB.log.",Normal,Benign,Benign,
7/14/2021 7:04:17 PM,ESENT,455,Logging/Recovery,"svchost (7856,R,98) TILEREPOSITORYS-1-5-18: Error -1023 (0xfffffc01) occurred while opening logfile C:\WINDOWS\system32\config\systemprofile\AppData\Local\TileDataLayer\Database\EDB.log.",Normal,Benign,Benign,
7/14/2021 6:50:17 PM,ESENT,455,Logging/Recovery,"svchost (8704,R,98) TILEREPOSITORYS-1-5-18: Error -1023 (0xfffffc01) occurred while opening logfile C:\WINDOWS\system32\config\systemprofile\AppData\Local\TileDataLayer\Database\EDB.log.",Normal,Benign,Benign,
7/14/2021 6:34:17 PM,ESENT,455,Logging/Recovery,"svchost (1032,R,98) TILEREPOSITORYS-1-5-18: Error -1023 (0xfffffc01) occurred while opening logfile C:\WINDOWS\system32\config\systemprofile\AppData\Local\TileDataLayer\Database\EDB.log.",Normal,Benign,Benign,
7/14/2021 6:25:06 PM,ESENT,455,Logging/Recovery,"svchost (3860,R,98) TILEREPOSITORYS-1-5-18: Error -1023 (0xfffffc01) occurred while opening logfile C:\WINDOWS\system32\config\systemprofile\AppData\Local\TileDataLayer\Database\EDB.log.",Normal,Benign,Benign,
7/14/2021 6:09:13 PM,ESENT,455,Logging/Recovery,"svchost (3644,R,98) TILEREPOSITORYS-1-5-18: Error -1023 (0xfffffc01) occurred while opening logfile C:\WINDOWS\system32\config\systemprofile\AppData\Local\TileDataLayer\Database\EDB.log.",Normal,Benign,Benign,
7/14/2021 5:54:14 PM,Microsoft-Windows-DistributedCOM,10016,,"The machine-default permission settings do not grant Local Activation permission for the COM Server application with CLSID ,Normal,Benign,Benign,None
{C2F03A33-21F5-47FA-B4BB-156362A2F239},Normal,Benign,Benign,None
 and APPID ,Normal,Benign,Benign,None
{316CDED5-E4AE-4B15-9113-7055D84DCC97},Normal,Benign,Benign,None
 to the user DESKTOP-56DUI1B\ansible SID (S-1-5-21-3046995883-4109464133-1538160033-1003) from address LocalHost (Using LRPC) running in the application container Microsoft.Windows.ShellExperienceHost_10.0.19041.1023_neutral_neutral_cw5n1h2txyewy SID (S-1-15-2-155514346-2573954481-755741238-1654018636-1233331829-3075935687-2861478708). This security permission can be modified using the Component Services administrative tool.",Normal,Benign,Benign,
7/14/2021 5:52:10 PM,Microsoft-Windows-DistributedCOM,10016,,"The application-specific permission settings do not grant Local Launch permission for the COM Server application with CLSID ,Normal,Benign,Benign,None
Windows.SecurityCenter.SecurityAppBroker,Normal,Benign,Benign,None
 and APPID ,Normal,Benign,Benign,None
Unavailable,Normal,Benign,Benign,None
 to the user NT AUTHORITY\SYSTEM SID (S-1-5-18) from address LocalHost (Using LRPC) running in the application container Unavailable SID (Unavailable). This security permission can be modified using the Component Services administrative tool.",Normal,Benign,Benign,
7/14/2021 5:52:10 PM,Microsoft-Windows-DistributedCOM,10016,,"The application-specific permission settings do not grant Local Launch permission for the COM Server application with CLSID ,Normal,Benign,Benign,None
Windows.SecurityCenter.WscBrokerManager,Normal,Benign,Benign,None
 and APPID ,Normal,Benign,Benign,None
Unavailable,Normal,Benign,Benign,None
 to the user NT AUTHORITY\SYSTEM SID (S-1-5-18) from address LocalHost (Using LRPC) running in the application container Unavailable SID (Unavailable). This security permission can be modified using the Component Services administrative tool.",Normal,Benign,Benign,
7/14/2021 5:52:10 PM,Microsoft-Windows-DistributedCOM,10016,,"The application-specific permission settings do not grant Local Launch permission for the COM Server application with CLSID ,Normal,Benign,Benign,None
Windows.SecurityCenter.WscDataProtection,Normal,Benign,Benign,None
 and APPID ,Normal,Benign,Benign,None
Unavailable,Normal,Benign,Benign,None
 to the user NT AUTHORITY\SYSTEM SID (S-1-5-18) from address LocalHost (Using LRPC) running in the application container Unavailable SID (Unavailable). This security permission can be modified using the Component Services administrative tool.",Normal,Benign,Benign,
7/14/2021 5:50:23 PM,Microsoft-Windows-User Device Registration,360,,"Windows Hello for Business provisioning will not be launched. ,Normal,Benign,Benign,None
Device is AAD joined ( AADJ or DJ++ ): Not Tested ,Normal,Benign,Benign,None
User has logged on with AAD credentials: No ,Normal,Benign,Benign,None
Windows Hello for Business policy is enabled: Not Tested ,Normal,Benign,Benign,None
Windows Hello for Business post-logon provisioning is enabled: Not Tested ,Normal,Benign,Benign,None
Local computer meets Windows hello for business hardware requirements: Not Tested ,Normal,Benign,Benign,None
User is not connected to the machine via Remote Desktop: Yes ,Normal,Benign,Benign,None
User certificate for on premise auth policy is enabled: Not Tested ,Normal,Benign,Benign,None
Machine is governed by none policy. ,Normal,Benign,Benign,None
See https://go.microsoft.com/fwlink/?linkid=832647 for more details.",Normal,Benign,Benign,
7/14/2021 5:50:08 PM,Microsoft-Windows-Security-SPP,8198,,"License Activation (slui.exe) failed with the following error code:,Normal,Benign,Benign,None
hr=0x803F7001,Normal,Benign,Benign,None
Command-line arguments:,Normal,Benign,Benign,None
RuleId=31e71c49-8da7-4a2f-ad92-45d98a1c79ba;Action=AutoActivate;AppId=55c92734-d682-4d71-983e-d6ec3f16059f;SkuId=e558417a-5123-4f6f-91e7-385c1c7ca9d4;NotificationInterval=1440;Trigger=UserLogon;SessionId=1",Normal,Benign,Benign,
7/14/2021 5:49:54 PM,Microsoft-Windows-Security-SPP,8198,,"License Activation (slui.exe) failed with the following error code:,Normal,Benign,Benign,None
hr=0x8007139F,Normal,Benign,Benign,None
Command-line arguments:,Normal,Benign,Benign,None
RuleId=31e71c49-8da7-4a2f-ad92-45d98a1c79ba;Action=AutoActivate;AppId=55c92734-d682-4d71-983e-d6ec3f16059f;SkuId=e558417a-5123-4f6f-91e7-385c1c7ca9d4;NotificationInterval=1440;Trigger=NetworkAvailable",Normal,Benign,Benign,
7/14/2021 5:48:18 PM,Service Control Manager,7009,,A timeout was reached (45000 milliseconds) while waiting for the QEMU-GA service to connect.,Normal,Benign,Benign,
7/14/2021 5:46:27 PM,Service Control Manager,7034,,The OpenSSH SSH Server service terminated unexpectedly.  It has done this 1 time(s).,Normal,Benign,Benign,
7/14/2021 5:46:27 PM,Microsoft-Windows-WinRM,10149,,"The WinRM service is not listening for WS-Management requests. ,Normal,Benign,Benign,None

 User Action ,Normal,Benign,Benign,None
 If you did not intentionally stop the service, use the following command to see the WinRM configuration: ,Normal,Benign,Benign,None

 winrm enumerate winrm/config/listener",Normal,Benign,Benign,
7/14/2021 5:34:50 PM,ESENT,455,Logging/Recovery,"svchost (1344,R,98) TILEREPOSITORYS-1-5-18: Error -1023 (0xfffffc01) occurred while opening logfile C:\WINDOWS\system32\config\systemprofile\AppData\Local\TileDataLayer\Database\EDB.log.",Normal,Benign,Benign,
7/14/2021 5:18:50 PM,ESENT,455,Logging/Recovery,"svchost (6508,R,98) TILEREPOSITORYS-1-5-18: Error -1023 (0xfffffc01) occurred while opening logfile C:\WINDOWS\system32\config\systemprofile\AppData\Local\TileDataLayer\Database\EDB.log.",Normal,Benign,Benign,
7/14/2021 5:04:19 PM,ESENT,455,Logging/Recovery,"svchost (10028,R,98) TILEREPOSITORYS-1-5-18: Error -1023 (0xfffffc01) occurred while opening logfile C:\WINDOWS\system32\config\systemprofile\AppData\Local\TileDataLayer\Database\EDB.log.",Normal,Benign,Benign,
7/14/2021 4:54:41 PM,ESENT,455,Logging/Recovery,"svchost (9504,R,98) TILEREPOSITORYS-1-5-18: Error -1023 (0xfffffc01) occurred while opening logfile C:\WINDOWS\system32\config\systemprofile\AppData\Local\TileDataLayer\Database\EDB.log.",Normal,Benign,Benign,
7/14/2021 4:48:50 PM,ESENT,455,Logging/Recovery,"svchost (3596,R,98) TILEREPOSITORYS-1-5-18: Error -1023 (0xfffffc01) occurred while opening logfile C:\WINDOWS\system32\config\systemprofile\AppData\Local\TileDataLayer\Database\EDB.log.",Normal,Benign,Benign,
7/14/2021 4:34:50 PM,ESENT,455,Logging/Recovery,"svchost (2036,R,98) TILEREPOSITORYS-1-5-18: Error -1023 (0xfffffc01) occurred while opening logfile C:\WINDOWS\system32\config\systemprofile\AppData\Local\TileDataLayer\Database\EDB.log.",Normal,Benign,Benign,
7/14/2021 4:18:50 PM,ESENT,455,Logging/Recovery,"svchost (5808,R,98) TILEREPOSITORYS-1-5-18: Error -1023 (0xfffffc01) occurred while opening logfile C:\WINDOWS\system32\config\systemprofile\AppData\Local\TileDataLayer\Database\EDB.log.",Normal,Benign,Benign,
7/14/2021 4:04:19 PM,ESENT,455,Logging/Recovery,"svchost (10032,R,98) TILEREPOSITORYS-1-5-18: Error -1023 (0xfffffc01) occurred while opening logfile C:\WINDOWS\system32\config\systemprofile\AppData\Local\TileDataLayer\Database\EDB.log.",Normal,Benign,Benign,
7/14/2021 3:54:41 PM,ESENT,455,Logging/Recovery,"svchost (6872,R,98) TILEREPOSITORYS-1-5-18: Error -1023 (0xfffffc01) occurred while opening logfile C:\WINDOWS\system32\config\systemprofile\AppData\Local\TileDataLayer\Database\EDB.log.",Normal,Benign,Benign,
7/14/2021 3:48:50 PM,ESENT,455,Logging/Recovery,"svchost (8332,R,98) TILEREPOSITORYS-1-5-18: Error -1023 (0xfffffc01) occurred while opening logfile C:\WINDOWS\system32\config\systemprofile\AppData\Local\TileDataLayer\Database\EDB.log.",Normal,Benign,Benign,
7/14/2021 3:34:50 PM,ESENT,455,Logging/Recovery,"svchost (10280,R,98) TILEREPOSITORYS-1-5-18: Error -1023 (0xfffffc01) occurred while opening logfile C:\WINDOWS\system32\config\systemprofile\AppData\Local\TileDataLayer\Database\EDB.log.",Normal,Benign,Benign,
7/14/2021 3:18:50 PM,ESENT,455,Logging/Recovery,"svchost (11120,R,98) TILEREPOSITORYS-1-5-18: Error -1023 (0xfffffc01) occurred while opening logfile C:\WINDOWS\system32\config\systemprofile\AppData\Local\TileDataLayer\Database\EDB.log.",Normal,Benign,Benign,
7/14/2021 3:04:19 PM,ESENT,455,Logging/Recovery,"svchost (10320,R,98) TILEREPOSITORYS-1-5-18: Error -1023 (0xfffffc01) occurred while opening logfile C:\WINDOWS\system32\config\systemprofile\AppData\Local\TileDataLayer\Database\EDB.log.",Normal,Benign,Benign,
7/14/2021 2:48:50 PM,ESENT,455,Logging/Recovery,"svchost (12196,R,98) TILEREPOSITORYS-1-5-18: Error -1023 (0xfffffc01) occurred while opening logfile C:\WINDOWS\system32\config\systemprofile\AppData\Local\TileDataLayer\Database\EDB.log.",Normal,Benign,Benign,
7/14/2021 2:34:50 PM,ESENT,455,Logging/Recovery,"svchost (8160,R,98) TILEREPOSITORYS-1-5-18: Error -1023 (0xfffffc01) occurred while opening logfile C:\WINDOWS\system32\config\systemprofile\AppData\Local\TileDataLayer\Database\EDB.log.",Normal,Benign,Benign,
7/14/2021 2:18:50 PM,ESENT,455,Logging/Recovery,"svchost (3824,R,98) TILEREPOSITORYS-1-5-18: Error -1023 (0xfffffc01) occurred while opening logfile C:\WINDOWS\system32\config\systemprofile\AppData\Local\TileDataLayer\Database\EDB.log.",Normal,Benign,Benign,
7/14/2021 2:04:19 PM,ESENT,455,Logging/Recovery,"svchost (1360,R,98) TILEREPOSITORYS-1-5-18: Error -1023 (0xfffffc01) occurred while opening logfile C:\WINDOWS\system32\config\systemprofile\AppData\Local\TileDataLayer\Database\EDB.log.",Normal,Benign,Benign,
7/14/2021 1:54:41 PM,ESENT,455,Logging/Recovery,"svchost (8476,R,98) TILEREPOSITORYS-1-5-18: Error -1023 (0xfffffc01) occurred while opening logfile C:\WINDOWS\system32\config\systemprofile\AppData\Local\TileDataLayer\Database\EDB.log.",Normal,Benign,Benign,
7/14/2021 1:48:50 PM,ESENT,455,Logging/Recovery,"svchost (9428,R,98) TILEREPOSITORYS-1-5-18: Error -1023 (0xfffffc01) occurred while opening logfile C:\WINDOWS\system32\config\systemprofile\AppData\Local\TileDataLayer\Database\EDB.log.",Normal,Benign,Benign,
7/14/2021 1:34:50 PM,ESENT,455,Logging/Recovery,"svchost (10236,R,98) TILEREPOSITORYS-1-5-18: Error -1023 (0xfffffc01) occurred while opening logfile C:\WINDOWS\system32\config\systemprofile\AppData\Local\TileDataLayer\Database\EDB.log.",Normal,Benign,Benign,
7/14/2021 1:18:49 PM,ESENT,455,Logging/Recovery,"svchost (10336,R,98) TILEREPOSITORYS-1-5-18: Error -1023 (0xfffffc01) occurred while opening logfile C:\WINDOWS\system32\config\systemprofile\AppData\Local\TileDataLayer\Database\EDB.log.",Normal,Benign,Benign,
7/14/2021 1:04:19 PM,ESENT,455,Logging/Recovery,"svchost (12032,R,98) TILEREPOSITORYS-1-5-18: Error -1023 (0xfffffc01) occurred while opening logfile C:\WINDOWS\system32\config\systemprofile\AppData\Local\TileDataLayer\Database\EDB.log.",Normal,Benign,Benign,
7/14/2021 12:48:49 PM,ESENT,455,Logging/Recovery,"svchost (11612,R,98) TILEREPOSITORYS-1-5-18: Error -1023 (0xfffffc01) occurred while opening logfile C:\WINDOWS\system32\config\systemprofile\AppData\Local\TileDataLayer\Database\EDB.log.",Normal,Benign,Benign,
7/14/2021 12:34:49 PM,ESENT,455,Logging/Recovery,"svchost (9024,R,98) TILEREPOSITORYS-1-5-18: Error -1023 (0xfffffc01) occurred while opening logfile C:\WINDOWS\system32\config\systemprofile\AppData\Local\TileDataLayer\Database\EDB.log.",Normal,Benign,Benign,
7/14/2021 12:18:49 PM,ESENT,455,Logging/Recovery,"svchost (10008,R,98) TILEREPOSITORYS-1-5-18: Error -1023 (0xfffffc01) occurred while opening logfile C:\WINDOWS\system32\config\systemprofile\AppData\Local\TileDataLayer\Database\EDB.log.",Normal,Benign,Benign,
7/14/2021 12:04:19 PM,ESENT,455,Logging/Recovery,"svchost (9492,R,98) TILEREPOSITORYS-1-5-18: Error -1023 (0xfffffc01) occurred while opening logfile C:\WINDOWS\system32\config\systemprofile\AppData\Local\TileDataLayer\Database\EDB.log.",Normal,Benign,Benign,
7/14/2021 11:54:41 AM,ESENT,455,Logging/Recovery,"svchost (6692,R,98) TILEREPOSITORYS-1-5-18: Error -1023 (0xfffffc01) occurred while opening logfile C:\WINDOWS\system32\config\systemprofile\AppData\Local\TileDataLayer\Database\EDB.log.",Normal,Benign,Benign,
7/14/2021 11:48:49 AM,ESENT,455,Logging/Recovery,"svchost (10100,R,98) TILEREPOSITORYS-1-5-18: Error -1023 (0xfffffc01) occurred while opening logfile C:\WINDOWS\system32\config\systemprofile\AppData\Local\TileDataLayer\Database\EDB.log.",Normal,Benign,Benign,
7/14/2021 11:34:49 AM,ESENT,455,Logging/Recovery,"svchost (8012,R,98) TILEREPOSITORYS-1-5-18: Error -1023 (0xfffffc01) occurred while opening logfile C:\WINDOWS\system32\config\systemprofile\AppData\Local\TileDataLayer\Database\EDB.log.",Normal,Benign,Benign,
7/14/2021 11:18:49 AM,ESENT,455,Logging/Recovery,"svchost (7004,R,98) TILEREPOSITORYS-1-5-18: Error -1023 (0xfffffc01) occurred while opening logfile C:\WINDOWS\system32\config\systemprofile\AppData\Local\TileDataLayer\Database\EDB.log.",Normal,Benign,Benign,
7/14/2021 11:04:19 AM,ESENT,455,Logging/Recovery,"svchost (2340,R,98) TILEREPOSITORYS-1-5-18: Error -1023 (0xfffffc01) occurred while opening logfile C:\WINDOWS\system32\config\systemprofile\AppData\Local\TileDataLayer\Database\EDB.log.",Normal,Benign,Benign,
7/14/2021 10:54:41 AM,ESENT,455,Logging/Recovery,"svchost (9224,R,98) TILEREPOSITORYS-1-5-18: Error -1023 (0xfffffc01) occurred while opening logfile C:\WINDOWS\system32\config\systemprofile\AppData\Local\TileDataLayer\Database\EDB.log.",Normal,Benign,Benign,
7/14/2021 10:48:49 AM,ESENT,455,Logging/Recovery,"svchost (10144,R,98) TILEREPOSITORYS-1-5-18: Error -1023 (0xfffffc01) occurred while opening logfile C:\WINDOWS\system32\config\systemprofile\AppData\Local\TileDataLayer\Database\EDB.log.",Normal,Benign,Benign,
7/14/2021 10:34:49 AM,ESENT,455,Logging/Recovery,"svchost (7444,R,98) TILEREPOSITORYS-1-5-18: Error -1023 (0xfffffc01) occurred while opening logfile C:\WINDOWS\system32\config\systemprofile\AppData\Local\TileDataLayer\Database\EDB.log.",Normal,Benign,Benign,
7/14/2021 10:18:52 AM,ESENT,455,Logging/Recovery,"svchost (12076,R,98) TILEREPOSITORYS-1-5-18: Error -1023 (0xfffffc01) occurred while opening logfile C:\WINDOWS\system32\config\systemprofile\AppData\Local\TileDataLayer\Database\EDB.log.",Normal,Benign,Benign,
7/14/2021 10:04:19 AM,ESENT,455,Logging/Recovery,"svchost (11976,R,98) TILEREPOSITORYS-1-5-18: Error -1023 (0xfffffc01) occurred while opening logfile C:\WINDOWS\system32\config\systemprofile\AppData\Local\TileDataLayer\Database\EDB.log.",Normal,Benign,Benign,
7/14/2021 9:48:51 AM,ESENT,455,Logging/Recovery,"svchost (5924,R,98) TILEREPOSITORYS-1-5-18: Error -1023 (0xfffffc01) occurred while opening logfile C:\WINDOWS\system32\config\systemprofile\AppData\Local\TileDataLayer\Database\EDB.log.",Normal,Benign,Benign,
7/14/2021 9:34:51 AM,ESENT,455,Logging/Recovery,"svchost (9488,R,98) TILEREPOSITORYS-1-5-18: Error -1023 (0xfffffc01) occurred while opening logfile C:\WINDOWS\system32\config\systemprofile\AppData\Local\TileDataLayer\Database\EDB.log.",Normal,Benign,Benign,
7/14/2021 9:26:51 AM,ESENT,455,Logging/Recovery,"svchost (9900,R,98) TILEREPOSITORYS-1-5-18: Error -1023 (0xfffffc01) occurred while opening logfile C:\WINDOWS\system32\config\systemprofile\AppData\Local\TileDataLayer\Database\EDB.log.",Normal,Benign,Benign,
7/14/2021 9:18:50 AM,ESENT,455,Logging/Recovery,"svchost (4052,R,98) TILEREPOSITORYS-1-5-18: Error -1023 (0xfffffc01) occurred while opening logfile C:\WINDOWS\system32\config\systemprofile\AppData\Local\TileDataLayer\Database\EDB.log.",Normal,Benign,Benign,
7/14/2021 9:04:19 AM,ESENT,455,Logging/Recovery,"svchost (8868,R,98) TILEREPOSITORYS-1-5-18: Error -1023 (0xfffffc01) occurred while opening logfile C:\WINDOWS\system32\config\systemprofile\AppData\Local\TileDataLayer\Database\EDB.log.",Normal,Benign,Benign,
7/14/2021 8:48:50 AM,ESENT,455,Logging/Recovery,"svchost (7728,R,98) TILEREPOSITORYS-1-5-18: Error -1023 (0xfffffc01) occurred while opening logfile C:\WINDOWS\system32\config\systemprofile\AppData\Local\TileDataLayer\Database\EDB.log.",Normal,Benign,Benign,
7/14/2021 8:34:50 AM,ESENT,455,Logging/Recovery,"svchost (2056,R,98) TILEREPOSITORYS-1-5-18: Error -1023 (0xfffffc01) occurred while opening logfile C:\WINDOWS\system32\config\systemprofile\AppData\Local\TileDataLayer\Database\EDB.log.",Normal,Benign,Benign,
7/14/2021 8:18:50 AM,ESENT,455,Logging/Recovery,"svchost (10468,R,98) TILEREPOSITORYS-1-5-18: Error -1023 (0xfffffc01) occurred while opening logfile C:\WINDOWS\system32\config\systemprofile\AppData\Local\TileDataLayer\Database\EDB.log.",Normal,Benign,Benign,
7/14/2021 8:04:19 AM,ESENT,455,Logging/Recovery,"svchost (9532,R,98) TILEREPOSITORYS-1-5-18: Error -1023 (0xfffffc01) occurred while opening logfile C:\WINDOWS\system32\config\systemprofile\AppData\Local\TileDataLayer\Database\EDB.log.",Normal,Benign,Benign,
7/14/2021 7:54:41 AM,ESENT,455,Logging/Recovery,"svchost (7732,R,98) TILEREPOSITORYS-1-5-18: Error -1023 (0xfffffc01) occurred while opening logfile C:\WINDOWS\system32\config\systemprofile\AppData\Local\TileDataLayer\Database\EDB.log.",Normal,Benign,Benign,
7/14/2021 7:48:50 AM,ESENT,455,Logging/Recovery,"svchost (8480,R,98) TILEREPOSITORYS-1-5-18: Error -1023 (0xfffffc01) occurred while opening logfile C:\WINDOWS\system32\config\systemprofile\AppData\Local\TileDataLayer\Database\EDB.log.",Normal,Benign,Benign,
7/14/2021 7:34:50 AM,ESENT,455,Logging/Recovery,"svchost (5944,R,98) TILEREPOSITORYS-1-5-18: Error -1023 (0xfffffc01) occurred while opening logfile C:\WINDOWS\system32\config\systemprofile\AppData\Local\TileDataLayer\Database\EDB.log.",Normal,Benign,Benign,
7/14/2021 7:18:50 AM,ESENT,455,Logging/Recovery,"svchost (11952,R,98) TILEREPOSITORYS-1-5-18: Error -1023 (0xfffffc01) occurred while opening logfile C:\WINDOWS\system32\config\systemprofile\AppData\Local\TileDataLayer\Database\EDB.log.",Normal,Benign,Benign,
7/14/2021 7:04:19 AM,ESENT,455,Logging/Recovery,"svchost (12244,R,98) TILEREPOSITORYS-1-5-18: Error -1023 (0xfffffc01) occurred while opening logfile C:\WINDOWS\system32\config\systemprofile\AppData\Local\TileDataLayer\Database\EDB.log.",Normal,Benign,Benign,
7/14/2021 6:48:50 AM,ESENT,455,Logging/Recovery,"svchost (10312,R,98) TILEREPOSITORYS-1-5-18: Error -1023 (0xfffffc01) occurred while opening logfile C:\WINDOWS\system32\config\systemprofile\AppData\Local\TileDataLayer\Database\EDB.log.",Normal,Benign,Benign,
7/14/2021 6:34:50 AM,ESENT,455,Logging/Recovery,"svchost (9732,R,98) TILEREPOSITORYS-1-5-18: Error -1023 (0xfffffc01) occurred while opening logfile C:\WINDOWS\system32\config\systemprofile\AppData\Local\TileDataLayer\Database\EDB.log.",Normal,Benign,Benign,
7/14/2021 6:18:50 AM,ESENT,455,Logging/Recovery,"svchost (8456,R,98) TILEREPOSITORYS-1-5-18: Error -1023 (0xfffffc01) occurred while opening logfile C:\WINDOWS\system32\config\systemprofile\AppData\Local\TileDataLayer\Database\EDB.log.",Normal,Benign,Benign,
7/14/2021 6:04:19 AM,ESENT,455,Logging/Recovery,"svchost (5872,R,98) TILEREPOSITORYS-1-5-18: Error -1023 (0xfffffc01) occurred while opening logfile C:\WINDOWS\system32\config\systemprofile\AppData\Local\TileDataLayer\Database\EDB.log.",Normal,Benign,Benign,
7/14/2021 5:48:50 AM,ESENT,455,Logging/Recovery,"svchost (11656,R,98) TILEREPOSITORYS-1-5-18: Error -1023 (0xfffffc01) occurred while opening logfile C:\WINDOWS\system32\config\systemprofile\AppData\Local\TileDataLayer\Database\EDB.log.",Normal,Benign,Benign,
7/14/2021 5:36:51 AM,ESENT,508,Performance,"Catalog Database (1652,D,0) Catalog Database: A request to write to the file ""C:\WINDOWS\system32\CatRoot2\edbtmp.log"" at offset 786432 (0x00000000000c0000) for 393216 (0x00060000) bytes succeeded, but took an abnormally long time (16 seconds) to be serviced by the OS. This problem is likely due to faulty hardware. Please contact your hardware vendor for further assistance diagnosing the problem.",Normal,Benign,Benign,
7/14/2021 5:36:14 AM,ESENT,508,Performance,"Catalog Database (1652,D,0) Catalog Database: A request to write to the file ""C:\WINDOWS\system32\CatRoot2\edbtmp.log"" at offset 1572864 (0x0000000000180000) for 393216 (0x00060000) bytes succeeded, but took an abnormally long time (77 seconds) to be serviced by the OS. This problem is likely due to faulty hardware. Please contact your hardware vendor for further assistance diagnosing the problem.",Normal,Benign,Benign,
7/14/2021 5:35:37 AM,ESENT,533,General,"Catalog Database (1652,D,0) Catalog Database: A request to write to the file ""C:\WINDOWS\system32\CatRoot2\edbtmp.log"" at offset 1572864 (0x0000000000180000) for 393216 (0x00060000) bytes has not completed for 36 second(s). This problem is likely due to faulty hardware. Please contact your hardware vendor for further assistance diagnosing the problem.",Normal,Benign,Benign,
7/14/2021 5:34:50 AM,ESENT,455,Logging/Recovery,"svchost (11452,R,98) TILEREPOSITORYS-1-5-18: Error -1023 (0xfffffc01) occurred while opening logfile C:\WINDOWS\system32\config\systemprofile\AppData\Local\TileDataLayer\Database\EDB.log.",Normal,Benign,Benign,
7/14/2021 5:34:18 AM,ESENT,508,Performance,"Catalog Database (1652,D,0) Catalog Database: A request to write to the file ""C:\WINDOWS\system32\CatRoot2\edbtmp.log"" at offset 1179648 (0x0000000000120000) for 393216 (0x00060000) bytes succeeded, but took an abnormally long time (35 seconds) to be serviced by the OS. This problem is likely due to faulty hardware. Please contact your hardware vendor for further assistance diagnosing the problem.",Normal,Benign,Benign,
7/14/2021 5:25:13 AM,ESENT,508,Performance,"wuaueng.dll (9560,D,0) SUS20ClientDataStore: A request to write to the file ""C:\WINDOWS\SoftwareDistribution\DataStore\DataStore.edb"" at offset 1376256 (0x0000000000150000) for 16384 (0x00004000) bytes succeeded, but took an abnormally long time (16 seconds) to be serviced by the OS. This problem is likely due to faulty hardware. Please contact your hardware vendor for further assistance diagnosing the problem.",Normal,Benign,Benign,
7/14/2021 5:23:34 AM,ESENT,508,Performance,"qmgr.dll (10772,D,0) QmgrDatabaseInstance: A request to write to the file ""C:\ProgramData\Microsoft\Network\Downloader\edb.log"" at offset 659456 (0x00000000000a1000) for 4096 (0x00001000) bytes succeeded, but took an abnormally long time (63 seconds) to be serviced by the OS. This problem is likely due to faulty hardware. Please contact your hardware vendor for further assistance diagnosing the problem.",Normal,Benign,Benign,
7/14/2021 5:23:11 AM,ESENT,533,General,"qmgr.dll (10772,D,0) QmgrDatabaseInstance: A request to write to the file ""C:\ProgramData\Microsoft\Network\Downloader\edb.log"" at offset 659456 (0x00000000000a1000) for 4096 (0x00001000) bytes has not completed for 36 second(s). This problem is likely due to faulty hardware. Please contact your hardware vendor for further assistance diagnosing the problem.",Normal,Benign,Benign,
7/14/2021 5:19:09 AM,ESENT,455,Logging/Recovery,"svchost (9056,R,98) TILEREPOSITORYS-1-5-18: Error -1023 (0xfffffc01) occurred while opening logfile C:\WINDOWS\system32\config\systemprofile\AppData\Local\TileDataLayer\Database\EDB.log.",Normal,Benign,Benign,
7/14/2021 5:14:55 AM,ESENT,508,Performance,"svchost (1668,D,0) SRUJet: A request to write to the file ""C:\WINDOWS\system32\SRU\SRUtmp.log"" at offset 0 (0x0000000000000000) for 4096 (0x00001000) bytes succeeded, but took an abnormally long time (20 seconds) to be serviced by the OS. This problem is likely due to faulty hardware. Please contact your hardware vendor for further assistance diagnosing the problem.",Normal,Benign,Benign,
7/14/2021 5:14:21 AM,ESENT,508,Performance,"svchost (1668,D,0) SRUJet: A request to write to the file ""C:\WINDOWS\system32\SRU\SRU.log"" at offset 16384 (0x0000000000004000) for 4096 (0x00001000) bytes succeeded, but took an abnormally long time (21 seconds) to be serviced by the OS. This problem is likely due to faulty hardware. Please contact your hardware vendor for further assistance diagnosing the problem.",Normal,Benign,Benign,
7/14/2021 5:10:31 AM,ESENT,508,Performance,"taskhostw (4580,D,0) WebCacheLocal: A request to write to the file ""C:\Users\ansible\AppData\Local\Microsoft\Windows\WebCache\V01.log"" at offset 45056 (0x000000000000b000) for 4096 (0x00001000) bytes succeeded, but took an abnormally long time (37 seconds) to be serviced by the OS. This problem is likely due to faulty hardware. Please contact your hardware vendor for further assistance diagnosing the problem.",Normal,Benign,Benign,
7/14/2021 5:10:31 AM,ESENT,508,Performance,"taskhostw (4580,D,0) WebCacheLocal: A request to write to the file ""C:\Users\ansible\AppData\Local\Microsoft\Windows\WebCache\WebCacheV01.jfm"" at offset 0 (0x0000000000000000) for 8192 (0x00002000) bytes succeeded, but took an abnormally long time (37 seconds) to be serviced by the OS. This problem is likely due to faulty hardware. Please contact your hardware vendor for further assistance diagnosing the problem.",Normal,Benign,Benign,
7/14/2021 5:05:19 AM,Service Control Manager,7000,,"The AppX Deployment Service (AppXSVC) service failed to start due to the following error: ,Normal,Benign,Benign,None
The service did not respond to the start or control request in a timely fashion.",Normal,Benign,Benign,
7/14/2021 5:05:19 AM,Service Control Manager,7009,,A timeout was reached (30000 milliseconds) while waiting for the AppX Deployment Service (AppXSVC) service to connect.,Normal,Benign,Benign,
7/14/2021 5:04:49 AM,Service Control Manager,7000,,"The AppX Deployment Service (AppXSVC) service failed to start due to the following error: ,Normal,Benign,Benign,None
The service did not respond to the start or control request in a timely fashion.",Normal,Benign,Benign,
7/14/2021 5:04:49 AM,Service Control Manager,7009,,A timeout was reached (30000 milliseconds) while waiting for the AppX Deployment Service (AppXSVC) service to connect.,Normal,Benign,Benign,
7/14/2021 5:02:09 AM,ESENT,508,Performance,"wuaueng.dll (7296,D,0) SUS20ClientDataStore: A request to write to the file ""C:\WINDOWS\SoftwareDistribution\DataStore\Logs\edb.log"" at offset 36864 (0x0000000000009000) for 4096 (0x00001000) bytes succeeded, but took an abnormally long time (37 seconds) to be serviced by the OS. This problem is likely due to faulty hardware. Please contact your hardware vendor for further assistance diagnosing the problem.",Normal,Benign,Benign,
7/14/2021 4:59:54 AM,Service Control Manager,7000,,"The AppX Deployment Service (AppXSVC) service failed to start due to the following error: ,Normal,Benign,Benign,None
The service did not respond to the start or control request in a timely fashion.",Normal,Benign,Benign,
7/14/2021 4:59:54 AM,Service Control Manager,7009,,A timeout was reached (30000 milliseconds) while waiting for the AppX Deployment Service (AppXSVC) service to connect.,Normal,Benign,Benign,
7/14/2021 4:54:44 AM,ESENT,455,Logging/Recovery,"svchost (6240,R,98) TILEREPOSITORYS-1-5-18: Error -1023 (0xfffffc01) occurred while opening logfile C:\WINDOWS\system32\config\systemprofile\AppData\Local\TileDataLayer\Database\EDB.log.",Normal,Benign,Benign,
7/14/2021 4:54:33 AM,ESENT,508,Performance,"qmgr.dll (3012,T,97) QmgrDatabaseInstance: A request to write to the file ""C:\ProgramData\Microsoft\Network\Downloader\qmgr.db"" at offset 0 (0x0000000000000000) for 16384 (0x00004000) bytes succeeded, but took an abnormally long time (22 seconds) to be serviced by the OS. This problem is likely due to faulty hardware. Please contact your hardware vendor for further assistance diagnosing the problem.",Normal,Benign,Benign,
7/14/2021 4:48:49 AM,ESENT,455,Logging/Recovery,"svchost (5944,R,98) TILEREPOSITORYS-1-5-18: Error -1023 (0xfffffc01) occurred while opening logfile C:\WINDOWS\system32\config\systemprofile\AppData\Local\TileDataLayer\Database\EDB.log.",Normal,Benign,Benign,
7/14/2021 4:34:49 AM,ESENT,455,Logging/Recovery,"svchost (6636,R,98) TILEREPOSITORYS-1-5-18: Error -1023 (0xfffffc01) occurred while opening logfile C:\WINDOWS\system32\config\systemprofile\AppData\Local\TileDataLayer\Database\EDB.log.",Normal,Benign,Benign,
7/14/2021 4:32:45 AM,ESENT,508,Performance,"wuaueng.dll (7296,D,0) SUS20ClientDataStore: A request to write to the file ""C:\WINDOWS\SoftwareDistribution\DataStore\Logs\edbtmp.log"" at offset 0 (0x0000000000000000) for 4096 (0x00001000) bytes succeeded, but took an abnormally long time (95 seconds) to be serviced by the OS. This problem is likely due to faulty hardware. Please contact your hardware vendor for further assistance diagnosing the problem.",Normal,Benign,Benign,
7/14/2021 4:31:49 AM,ESENT,533,General,"wuaueng.dll (7296,D,0) SUS20ClientDataStore: A request to write to the file ""C:\WINDOWS\SoftwareDistribution\DataStore\Logs\edbtmp.log"" at offset 0 (0x0000000000000000) for 4096 (0x00001000) bytes has not completed for 36 second(s). This problem is likely due to faulty hardware. Please contact your hardware vendor for further assistance diagnosing the problem.",Normal,Benign,Benign,
7/14/2021 4:28:00 AM,ESENT,508,Performance,"wuaueng.dll (7296,D,0) SUS20ClientDataStore: A request to write to the file ""C:\WINDOWS\SoftwareDistribution\DataStore\Logs\edbtmp.log"" at offset 786432 (0x00000000000c0000) for 393216 (0x00060000) bytes succeeded, but took an abnormally long time (103 seconds) to be serviced by the OS. This problem is likely due to faulty hardware. Please contact your hardware vendor for further assistance diagnosing the problem.",Normal,Benign,Benign,
7/14/2021 4:26:56 AM,ESENT,533,General,"wuaueng.dll (7296,D,0) SUS20ClientDataStore: A request to write to the file ""C:\WINDOWS\SoftwareDistribution\DataStore\Logs\edbtmp.log"" at offset 786432 (0x00000000000c0000) for 393216 (0x00060000) bytes has not completed for 36 second(s). This problem is likely due to faulty hardware. Please contact your hardware vendor for further assistance diagnosing the problem.",Normal,Benign,Benign,
7/14/2021 4:18:49 AM,ESENT,455,Logging/Recovery,"svchost (172,R,98) TILEREPOSITORYS-1-5-18: Error -1023 (0xfffffc01) occurred while opening logfile C:\WINDOWS\system32\config\systemprofile\AppData\Local\TileDataLayer\Database\EDB.log.",Normal,Benign,Benign,
7/14/2021 4:08:04 AM,ESENT,455,Logging/Recovery,"svchost (7388,R,98) TILEREPOSITORYS-1-5-18: Error -1023 (0xfffffc01) occurred while opening logfile C:\WINDOWS\system32\config\systemprofile\AppData\Local\TileDataLayer\Database\EDB.log.",Normal,Benign,Benign,
7/14/2021 3:54:49 AM,ESENT,455,Logging/Recovery,"svchost (6440,R,98) TILEREPOSITORYS-1-5-18: Error -1023 (0xfffffc01) occurred while opening logfile C:\WINDOWS\system32\config\systemprofile\AppData\Local\TileDataLayer\Database\EDB.log.",Normal,Benign,Benign,
7/14/2021 3:48:49 AM,ESENT,455,Logging/Recovery,"svchost (8076,R,98) TILEREPOSITORYS-1-5-18: Error -1023 (0xfffffc01) occurred while opening logfile C:\WINDOWS\system32\config\systemprofile\AppData\Local\TileDataLayer\Database\EDB.log.",Normal,Benign,Benign,
7/14/2021 3:34:49 AM,ESENT,455,Logging/Recovery,"svchost (5736,R,98) TILEREPOSITORYS-1-5-18: Error -1023 (0xfffffc01) occurred while opening logfile C:\WINDOWS\system32\config\systemprofile\AppData\Local\TileDataLayer\Database\EDB.log.",Normal,Benign,Benign,
7/14/2021 3:18:49 AM,ESENT,455,Logging/Recovery,"svchost (5780,R,98) TILEREPOSITORYS-1-5-18: Error -1023 (0xfffffc01) occurred while opening logfile C:\WINDOWS\system32\config\systemprofile\AppData\Local\TileDataLayer\Database\EDB.log.",Normal,Benign,Benign,
7/14/2021 3:04:19 AM,ESENT,455,Logging/Recovery,"svchost (3012,R,98) TILEREPOSITORYS-1-5-18: Error -1023 (0xfffffc01) occurred while opening logfile C:\WINDOWS\system32\config\systemprofile\AppData\Local\TileDataLayer\Database\EDB.log.",Normal,Benign,Benign,
7/14/2021 2:48:49 AM,ESENT,455,Logging/Recovery,"svchost (5800,R,98) TILEREPOSITORYS-1-5-18: Error -1023 (0xfffffc01) occurred while opening logfile C:\WINDOWS\system32\config\systemprofile\AppData\Local\TileDataLayer\Database\EDB.log.",Normal,Benign,Benign,
7/14/2021 2:34:49 AM,ESENT,455,Logging/Recovery,"svchost (116,R,98) TILEREPOSITORYS-1-5-18: Error -1023 (0xfffffc01) occurred while opening logfile C:\WINDOWS\system32\config\systemprofile\AppData\Local\TileDataLayer\Database\EDB.log.",Normal,Benign,Benign,
7/14/2021 2:18:50 AM,ESENT,455,Logging/Recovery,"svchost (7564,R,98) TILEREPOSITORYS-1-5-18: Error -1023 (0xfffffc01) occurred while opening logfile C:\WINDOWS\system32\config\systemprofile\AppData\Local\TileDataLayer\Database\EDB.log.",Normal,Benign,Benign,
7/14/2021 2:04:19 AM,ESENT,455,Logging/Recovery,"svchost (2908,R,98) TILEREPOSITORYS-1-5-18: Error -1023 (0xfffffc01) occurred while opening logfile C:\WINDOWS\system32\config\systemprofile\AppData\Local\TileDataLayer\Database\EDB.log.",Normal,Benign,Benign,
7/14/2021 1:54:40 AM,ESENT,455,Logging/Recovery,"svchost (7568,R,98) TILEREPOSITORYS-1-5-18: Error -1023 (0xfffffc01) occurred while opening logfile C:\WINDOWS\system32\config\systemprofile\AppData\Local\TileDataLayer\Database\EDB.log.",Normal,Benign,Benign,
7/14/2021 1:48:50 AM,ESENT,455,Logging/Recovery,"svchost (4520,R,98) TILEREPOSITORYS-1-5-18: Error -1023 (0xfffffc01) occurred while opening logfile C:\WINDOWS\system32\config\systemprofile\AppData\Local\TileDataLayer\Database\EDB.log.",Normal,Benign,Benign,
7/14/2021 1:34:50 AM,ESENT,455,Logging/Recovery,"svchost (7352,R,98) TILEREPOSITORYS-1-5-18: Error -1023 (0xfffffc01) occurred while opening logfile C:\WINDOWS\system32\config\systemprofile\AppData\Local\TileDataLayer\Database\EDB.log.",Normal,Benign,Benign,
7/14/2021 1:18:50 AM,ESENT,455,Logging/Recovery,"svchost (7048,R,98) TILEREPOSITORYS-1-5-18: Error -1023 (0xfffffc01) occurred while opening logfile C:\WINDOWS\system32\config\systemprofile\AppData\Local\TileDataLayer\Database\EDB.log.",Normal,Benign,Benign,
7/14/2021 1:04:19 AM,ESENT,455,Logging/Recovery,"svchost (3296,R,98) TILEREPOSITORYS-1-5-18: Error -1023 (0xfffffc01) occurred while opening logfile C:\WINDOWS\system32\config\systemprofile\AppData\Local\TileDataLayer\Database\EDB.log.",Normal,Benign,Benign,
7/14/2021 12:48:50 AM,ESENT,455,Logging/Recovery,"svchost (2092,R,98) TILEREPOSITORYS-1-5-18: Error -1023 (0xfffffc01) occurred while opening logfile C:\WINDOWS\system32\config\systemprofile\AppData\Local\TileDataLayer\Database\EDB.log.",Normal,Benign,Benign,
7/14/2021 12:34:50 AM,ESENT,455,Logging/Recovery,"svchost (1136,R,98) TILEREPOSITORYS-1-5-18: Error -1023 (0xfffffc01) occurred while opening logfile C:\WINDOWS\system32\config\systemprofile\AppData\Local\TileDataLayer\Database\EDB.log.",Normal,Benign,Benign,
7/14/2021 12:18:50 AM,ESENT,455,Logging/Recovery,"svchost (6352,R,98) TILEREPOSITORYS-1-5-18: Error -1023 (0xfffffc01) occurred while opening logfile C:\WINDOWS\system32\config\systemprofile\AppData\Local\TileDataLayer\Database\EDB.log.",Normal,Benign,Benign,
7/14/2021 12:04:19 AM,ESENT,455,Logging/Recovery,"svchost (2704,R,98) TILEREPOSITORYS-1-5-18: Error -1023 (0xfffffc01) occurred while opening logfile C:\WINDOWS\system32\config\systemprofile\AppData\Local\TileDataLayer\Database\EDB.log.",Normal,Benign,Benign,
7/13/2021 11:54:50 PM,ESENT,455,Logging/Recovery,"svchost (2148,R,98) TILEREPOSITORYS-1-5-18: Error -1023 (0xfffffc01) occurred while opening logfile C:\WINDOWS\system32\config\systemprofile\AppData\Local\TileDataLayer\Database\EDB.log.",Normal,Benign,Benign,
7/13/2021 11:48:50 PM,ESENT,455,Logging/Recovery,"svchost (8104,R,98) TILEREPOSITORYS-1-5-18: Error -1023 (0xfffffc01) occurred while opening logfile C:\WINDOWS\system32\config\systemprofile\AppData\Local\TileDataLayer\Database\EDB.log.",Normal,Benign,Benign,
7/13/2021 11:34:49 PM,ESENT,455,Logging/Recovery,"svchost (2328,R,98) TILEREPOSITORYS-1-5-18: Error -1023 (0xfffffc01) occurred while opening logfile C:\WINDOWS\system32\config\systemprofile\AppData\Local\TileDataLayer\Database\EDB.log.",Normal,Benign,Benign,
7/13/2021 11:18:49 PM,ESENT,455,Logging/Recovery,"svchost (7304,R,98) TILEREPOSITORYS-1-5-18: Error -1023 (0xfffffc01) occurred while opening logfile C:\WINDOWS\system32\config\systemprofile\AppData\Local\TileDataLayer\Database\EDB.log.",Normal,Benign,Benign,
7/13/2021 11:04:19 PM,ESENT,455,Logging/Recovery,"svchost (5964,R,98) TILEREPOSITORYS-1-5-18: Error -1023 (0xfffffc01) occurred while opening logfile C:\WINDOWS\system32\config\systemprofile\AppData\Local\TileDataLayer\Database\EDB.log.",Normal,Benign,Benign,
7/13/2021 10:54:40 PM,ESENT,455,Logging/Recovery,"svchost (7592,R,98) TILEREPOSITORYS-1-5-18: Error -1023 (0xfffffc01) occurred while opening logfile C:\WINDOWS\system32\config\systemprofile\AppData\Local\TileDataLayer\Database\EDB.log.",Normal,Benign,Benign,
7/13/2021 10:48:49 PM,ESENT,455,Logging/Recovery,"svchost (7920,R,98) TILEREPOSITORYS-1-5-18: Error -1023 (0xfffffc01) occurred while opening logfile C:\WINDOWS\system32\config\systemprofile\AppData\Local\TileDataLayer\Database\EDB.log.",Normal,Benign,Benign,
7/13/2021 10:34:49 PM,ESENT,455,Logging/Recovery,"svchost (1368,R,98) TILEREPOSITORYS-1-5-18: Error -1023 (0xfffffc01) occurred while opening logfile C:\WINDOWS\system32\config\systemprofile\AppData\Local\TileDataLayer\Database\EDB.log.",Normal,Benign,Benign,
7/13/2021 10:18:49 PM,ESENT,455,Logging/Recovery,"svchost (4308,R,98) TILEREPOSITORYS-1-5-18: Error -1023 (0xfffffc01) occurred while opening logfile C:\WINDOWS\system32\config\systemprofile\AppData\Local\TileDataLayer\Database\EDB.log.",Normal,Benign,Benign,
7/13/2021 10:04:19 PM,ESENT,455,Logging/Recovery,"svchost (5020,R,98) TILEREPOSITORYS-1-5-18: Error -1023 (0xfffffc01) occurred while opening logfile C:\WINDOWS\system32\config\systemprofile\AppData\Local\TileDataLayer\Database\EDB.log.",Normal,Benign,Benign,
7/13/2021 9:48:49 PM,ESENT,455,Logging/Recovery,"svchost (2852,R,98) TILEREPOSITORYS-1-5-18: Error -1023 (0xfffffc01) occurred while opening logfile C:\WINDOWS\system32\config\systemprofile\AppData\Local\TileDataLayer\Database\EDB.log.",Normal,Benign,Benign,
7/13/2021 9:34:49 PM,ESENT,455,Logging/Recovery,"svchost (6920,R,98) TILEREPOSITORYS-1-5-18: Error -1023 (0xfffffc01) occurred while opening logfile C:\WINDOWS\system32\config\systemprofile\AppData\Local\TileDataLayer\Database\EDB.log.",Normal,Benign,Benign,
7/13/2021 9:18:49 PM,ESENT,455,Logging/Recovery,"svchost (5516,R,98) TILEREPOSITORYS-1-5-18: Error -1023 (0xfffffc01) occurred while opening logfile C:\WINDOWS\system32\config\systemprofile\AppData\Local\TileDataLayer\Database\EDB.log.",Normal,Benign,Benign,
7/13/2021 9:08:49 PM,ESENT,455,Logging/Recovery,"svchost (2572,R,98) TILEREPOSITORYS-1-5-18: Error -1023 (0xfffffc01) occurred while opening logfile C:\WINDOWS\system32\config\systemprofile\AppData\Local\TileDataLayer\Database\EDB.log.",Normal,Benign,Benign,
7/13/2021 8:48:49 PM,ESENT,455,Logging/Recovery,"svchost (7220,R,98) TILEREPOSITORYS-1-5-18: Error -1023 (0xfffffc01) occurred while opening logfile C:\WINDOWS\system32\config\systemprofile\AppData\Local\TileDataLayer\Database\EDB.log.",Normal,Benign,Benign,
7/13/2021 8:34:49 PM,ESENT,455,Logging/Recovery,"svchost (7264,R,98) TILEREPOSITORYS-1-5-18: Error -1023 (0xfffffc01) occurred while opening logfile C:\WINDOWS\system32\config\systemprofile\AppData\Local\TileDataLayer\Database\EDB.log.",Normal,Benign,Benign,
7/13/2021 8:18:49 PM,ESENT,455,Logging/Recovery,"svchost (7148,R,98) TILEREPOSITORYS-1-5-18: Error -1023 (0xfffffc01) occurred while opening logfile C:\WINDOWS\system32\config\systemprofile\AppData\Local\TileDataLayer\Database\EDB.log.",Normal,Benign,Benign,
7/13/2021 8:04:19 PM,ESENT,455,Logging/Recovery,"svchost (5700,R,98) TILEREPOSITORYS-1-5-18: Error -1023 (0xfffffc01) occurred while opening logfile C:\WINDOWS\system32\config\systemprofile\AppData\Local\TileDataLayer\Database\EDB.log.",Normal,Benign,Benign,
7/13/2021 7:54:49 PM,ESENT,455,Logging/Recovery,"svchost (1740,R,98) TILEREPOSITORYS-1-5-18: Error -1023 (0xfffffc01) occurred while opening logfile C:\WINDOWS\system32\config\systemprofile\AppData\Local\TileDataLayer\Database\EDB.log.",Normal,Benign,Benign,
7/13/2021 7:48:49 PM,ESENT,455,Logging/Recovery,"svchost (7144,R,98) TILEREPOSITORYS-1-5-18: Error -1023 (0xfffffc01) occurred while opening logfile C:\WINDOWS\system32\config\systemprofile\AppData\Local\TileDataLayer\Database\EDB.log.",Normal,Benign,Benign,
7/13/2021 7:34:49 PM,ESENT,455,Logging/Recovery,"svchost (7228,R,98) TILEREPOSITORYS-1-5-18: Error -1023 (0xfffffc01) occurred while opening logfile C:\WINDOWS\system32\config\systemprofile\AppData\Local\TileDataLayer\Database\EDB.log.",Normal,Benign,Benign,
7/13/2021 7:18:49 PM,ESENT,455,Logging/Recovery,"svchost (2724,R,98) TILEREPOSITORYS-1-5-18: Error -1023 (0xfffffc01) occurred while opening logfile C:\WINDOWS\system32\config\systemprofile\AppData\Local\TileDataLayer\Database\EDB.log.",Normal,Benign,Benign,
7/13/2021 7:04:19 PM,ESENT,455,Logging/Recovery,"svchost (5676,R,98) TILEREPOSITORYS-1-5-18: Error -1023 (0xfffffc01) occurred while opening logfile C:\WINDOWS\system32\config\systemprofile\AppData\Local\TileDataLayer\Database\EDB.log.",Normal,Benign,Benign,
7/13/2021 6:48:49 PM,ESENT,455,Logging/Recovery,"svchost (5884,R,98) TILEREPOSITORYS-1-5-18: Error -1023 (0xfffffc01) occurred while opening logfile C:\WINDOWS\system32\config\systemprofile\AppData\Local\TileDataLayer\Database\EDB.log.",Normal,Benign,Benign,
7/13/2021 6:34:49 PM,ESENT,455,Logging/Recovery,"svchost (3952,R,98) TILEREPOSITORYS-1-5-18: Error -1023 (0xfffffc01) occurred while opening logfile C:\WINDOWS\system32\config\systemprofile\AppData\Local\TileDataLayer\Database\EDB.log.",Normal,Benign,Benign,
